

================================================================
== Vivado HLS Report for 'conv_2d_cl_array_array_ap_fixed_32u_config10_s'
================================================================
* Date:           Tue Aug  9 17:18:19 2022

* Version:        2019.2.1 (Build 2724168 on Thu Dec 05 05:19:09 MST 2019)
* Project:        myproject_prj
* Solution:       solution1
* Product family: zynq
* Target device:  xc7z020-clg400-1


================================================================
== Performance Estimates
================================================================
+ Timing: 
    * Summary: 
    +--------+----------+----------+------------+
    |  Clock |  Target  | Estimated| Uncertainty|
    +--------+----------+----------+------------+
    |ap_clk  | 10.00 ns | 7.751 ns |   1.25 ns  |
    +--------+----------+----------+------------+

+ Latency: 
    * Summary: 
    +---------+---------+----------+----------+-----+--------+---------+
    |  Latency (cycles) |  Latency (absolute) |   Interval   | Pipeline|
    |   min   |   max   |    min   |    max   | min |   max  |   Type  |
    +---------+---------+----------+----------+-----+--------+---------+
    |      200|   922000| 2.000 us | 9.220 ms |  200|  922000|   none  |
    +---------+---------+----------+----------+-----+--------+---------+

    + Detail: 
        * Instance: 
        +------------------------------------------------------------------+-------------------------------------------------+---------+---------+----------+----------+-----+-----+----------+
        |                                                                  |                                                 |  Latency (cycles) |  Latency (absolute) |  Interval | Pipeline |
        |                             Instance                             |                      Module                     |   min   |   max   |    min   |    max   | min | max |   Type   |
        +------------------------------------------------------------------+-------------------------------------------------+---------+---------+----------+----------+-----+-----+----------+
        |call_ret_shift_line_buffer_array_ap_fixed_32u_config10_s_fu_4916  |shift_line_buffer_array_ap_fixed_32u_config10_s  |        0|        0|   0 ns   |   0 ns   |    1|    1| function |
        +------------------------------------------------------------------+-------------------------------------------------+---------+---------+----------+----------+-----+-----+----------+

        * Loop: 
        +----------------------------------+---------+---------+----------+-----------+-----------+------+----------+
        |                                  |  Latency (cycles) | Iteration|  Initiation Interval  | Trip |          |
        |             Loop Name            |   min   |   max   |  Latency |  achieved |   target  | Count| Pipelined|
        +----------------------------------+---------+---------+----------+-----------+-----------+------+----------+
        |- ReadInputHeight_ReadInputWidth  |      199|   921999| 2 ~ 9220 |          -|          -|   100|    no    |
        | + ReuseLoop                      |     9217|     9217|         3|          1|          1|  9216|    yes   |
        +----------------------------------+---------+---------+----------+-----------+-----------+------+----------+



================================================================
== Utilization Estimates
================================================================
* Summary: 
+-----------------+---------+-------+--------+-------+-----+
|       Name      | BRAM_18K| DSP48E|   FF   |  LUT  | URAM|
+-----------------+---------+-------+--------+-------+-----+
|DSP              |        -|      -|       -|      -|    -|
|Expression       |        -|      0|       0|   1771|    -|
|FIFO             |        -|      -|       -|      -|    -|
|Instance         |        0|      -|    4097|   2158|    -|
|Memory           |       10|      -|       0|      0|    -|
|Multiplexer      |        -|      -|       -|   1965|    -|
|Register         |        -|      -|    3594|      -|    -|
+-----------------+---------+-------+--------+-------+-----+
|Total            |       10|      0|    7691|   5894|    0|
+-----------------+---------+-------+--------+-------+-----+
|Available        |      280|    220|  106400|  53200|    0|
+-----------------+---------+-------+--------+-------+-----+
|Utilization (%)  |        3|      0|       7|     11|    0|
+-----------------+---------+-------+--------+-------+-----+

+ Detail: 
    * Instance: 
    +------------------------------------------------------------------+-------------------------------------------------+---------+-------+------+------+-----+
    |                             Instance                             |                      Module                     | BRAM_18K| DSP48E|  FF  |  LUT | URAM|
    +------------------------------------------------------------------+-------------------------------------------------+---------+-------+------+------+-----+
    |myproject_axi_mux_2889_8_1_1_U722                                 |myproject_axi_mux_2889_8_1_1                     |        0|      0|     0|    55|    0|
    |myproject_axi_mux_325_14_1_1_U723                                 |myproject_axi_mux_325_14_1_1                     |        0|      0|     0|    55|    0|
    |call_ret_shift_line_buffer_array_ap_fixed_32u_config10_s_fu_4916  |shift_line_buffer_array_ap_fixed_32u_config10_s  |        0|      0|  4097|  2048|    0|
    +------------------------------------------------------------------+-------------------------------------------------+---------+-------+------+------+-----+
    |Total                                                             |                                                 |        0|      0|  4097|  2158|    0|
    +------------------------------------------------------------------+-------------------------------------------------+---------+-------+------+------+-----+

    * DSP48E: 
    N/A

    * Memory: 
    +----------+-------------------------------------------------------+---------+---+----+-----+------+-----+------+-------------+
    |  Memory  |                         Module                        | BRAM_18K| FF| LUT| URAM| Words| Bits| Banks| W*Bits*Banks|
    +----------+-------------------------------------------------------+---------+---+----+-----+------+-----+------+-------------+
    |w8_V_U    |conv_2d_cl_array_array_ap_fixed_32u_config10_s_w8_V    |        5|  0|   0|    0|  9216|    5|     1|        46080|
    |outidx_U  |conv_2d_cl_array_array_ap_fixed_32u_config7_s_outidx2  |        5|  0|   0|    0|  9216|    5|     1|        46080|
    +----------+-------------------------------------------------------+---------+---+----+-----+------+-----+------+-------------+
    |Total     |                                                       |       10|  0|   0|    0| 18432|   10|     2|        92160|
    +----------+-------------------------------------------------------+---------+---+----+-----+------+-----+------+-------------+

    * FIFO: 
    N/A

    * Expression: 
    +-----------------------------+----------+-------+---+----+------------+------------+
    |        Variable Name        | Operation| DSP48E| FF| LUT| Bitwidth P0| Bitwidth P1|
    +-----------------------------+----------+-------+---+----+------------+------------+
    |r_V_fu_10370_p2              |     *    |      0|  0|  41|           5|           8|
    |acc_0_V_fu_10459_p2          |     +    |      0|  0|  19|          14|          14|
    |add_ln301_fu_13268_p2        |     +    |      0|  0|  39|          32|           1|
    |add_ln303_fu_13279_p2        |     +    |      0|  0|  39|          32|           1|
    |add_ln306_fu_13222_p2        |     +    |      0|  0|  39|          32|           1|
    |add_ln308_fu_13233_p2        |     +    |      0|  0|  39|          32|           1|
    |add_ln78_fu_9350_p2          |     +    |      0|  0|  15|           7|           1|
    |in_index_fu_10344_p2         |     +    |      0|  0|  39|          32|           1|
    |w_index_fu_9362_p2           |     +    |      0|  0|  19|           1|          14|
    |and_ln272_3_fu_9338_p2       |    and   |      0|  0|   2|           1|           1|
    |and_ln272_4_fu_9344_p2       |    and   |      0|  0|   2|           1|           1|
    |and_ln272_fu_9332_p2         |    and   |      0|  0|   2|           1|           1|
    |ap_block_state6              |    and   |      0|  0|   2|           1|           1|
    |ap_condition_1411            |    and   |      0|  0|   2|           1|           1|
    |ap_condition_3812            |    and   |      0|  0|   2|           1|           1|
    |io_acc_block_signal_op1661   |    and   |      0|  0|   2|           1|           1|
    |io_acc_block_signal_op76     |    and   |      0|  0|   2|           1|           1|
    |icmp_ln1494_10_fu_11357_p2   |   icmp   |      0|  0|  13|           9|           1|
    |icmp_ln1494_11_fu_11442_p2   |   icmp   |      0|  0|  13|           9|           1|
    |icmp_ln1494_12_fu_11527_p2   |   icmp   |      0|  0|  13|           9|           1|
    |icmp_ln1494_13_fu_11612_p2   |   icmp   |      0|  0|  13|           9|           1|
    |icmp_ln1494_14_fu_11697_p2   |   icmp   |      0|  0|  13|           9|           1|
    |icmp_ln1494_15_fu_11782_p2   |   icmp   |      0|  0|  13|           9|           1|
    |icmp_ln1494_16_fu_11867_p2   |   icmp   |      0|  0|  13|           9|           1|
    |icmp_ln1494_17_fu_11952_p2   |   icmp   |      0|  0|  13|           9|           1|
    |icmp_ln1494_18_fu_12037_p2   |   icmp   |      0|  0|  13|           9|           1|
    |icmp_ln1494_19_fu_12122_p2   |   icmp   |      0|  0|  13|           9|           1|
    |icmp_ln1494_1_fu_10592_p2    |   icmp   |      0|  0|  13|           9|           1|
    |icmp_ln1494_20_fu_12207_p2   |   icmp   |      0|  0|  13|           9|           1|
    |icmp_ln1494_21_fu_12292_p2   |   icmp   |      0|  0|  13|           9|           1|
    |icmp_ln1494_22_fu_12377_p2   |   icmp   |      0|  0|  13|           9|           1|
    |icmp_ln1494_23_fu_12462_p2   |   icmp   |      0|  0|  13|           9|           1|
    |icmp_ln1494_24_fu_12547_p2   |   icmp   |      0|  0|  13|           9|           1|
    |icmp_ln1494_25_fu_12632_p2   |   icmp   |      0|  0|  13|           9|           1|
    |icmp_ln1494_26_fu_12717_p2   |   icmp   |      0|  0|  13|           9|           1|
    |icmp_ln1494_27_fu_12802_p2   |   icmp   |      0|  0|  13|           9|           1|
    |icmp_ln1494_28_fu_12887_p2   |   icmp   |      0|  0|  13|           9|           1|
    |icmp_ln1494_29_fu_12972_p2   |   icmp   |      0|  0|  13|           9|           1|
    |icmp_ln1494_2_fu_10677_p2    |   icmp   |      0|  0|  13|           9|           1|
    |icmp_ln1494_30_fu_13057_p2   |   icmp   |      0|  0|  13|           9|           1|
    |icmp_ln1494_31_fu_13142_p2   |   icmp   |      0|  0|  13|           9|           1|
    |icmp_ln1494_3_fu_10762_p2    |   icmp   |      0|  0|  13|           9|           1|
    |icmp_ln1494_4_fu_10847_p2    |   icmp   |      0|  0|  13|           9|           1|
    |icmp_ln1494_5_fu_10932_p2    |   icmp   |      0|  0|  13|           9|           1|
    |icmp_ln1494_6_fu_11017_p2    |   icmp   |      0|  0|  13|           9|           1|
    |icmp_ln1494_7_fu_11102_p2    |   icmp   |      0|  0|  13|           9|           1|
    |icmp_ln1494_8_fu_11187_p2    |   icmp   |      0|  0|  13|           9|           1|
    |icmp_ln1494_9_fu_11272_p2    |   icmp   |      0|  0|  13|           9|           1|
    |icmp_ln1494_fu_10507_p2      |   icmp   |      0|  0|  13|           9|           1|
    |icmp_ln272_4_fu_9286_p2      |   icmp   |      0|  0|  18|          32|           2|
    |icmp_ln272_6_fu_9306_p2      |   icmp   |      0|  0|  18|          31|           1|
    |icmp_ln272_7_fu_9326_p2      |   icmp   |      0|  0|  18|          31|           1|
    |icmp_ln272_fu_9276_p2        |   icmp   |      0|  0|  18|          32|           2|
    |icmp_ln293_fu_13217_p2       |   icmp   |      0|  0|  18|          32|           4|
    |icmp_ln297_fu_13263_p2       |   icmp   |      0|  0|  18|          32|           4|
    |icmp_ln387_fu_9368_p2        |   icmp   |      0|  0|  13|          14|          14|
    |icmp_ln404_fu_10350_p2       |   icmp   |      0|  0|  18|          32|           9|
    |icmp_ln785_10_fu_11399_p2    |   icmp   |      0|  0|   9|           3|           1|
    |icmp_ln785_11_fu_11484_p2    |   icmp   |      0|  0|   9|           3|           1|
    |icmp_ln785_12_fu_11569_p2    |   icmp   |      0|  0|   9|           3|           1|
    |icmp_ln785_13_fu_11654_p2    |   icmp   |      0|  0|   9|           3|           1|
    |icmp_ln785_14_fu_11739_p2    |   icmp   |      0|  0|   9|           3|           1|
    |icmp_ln785_15_fu_11824_p2    |   icmp   |      0|  0|   9|           3|           1|
    |icmp_ln785_16_fu_11909_p2    |   icmp   |      0|  0|   9|           3|           1|
    |icmp_ln785_17_fu_11994_p2    |   icmp   |      0|  0|   9|           3|           1|
    |icmp_ln785_18_fu_12079_p2    |   icmp   |      0|  0|   9|           3|           1|
    |icmp_ln785_19_fu_12164_p2    |   icmp   |      0|  0|   9|           3|           1|
    |icmp_ln785_1_fu_10634_p2     |   icmp   |      0|  0|   9|           3|           1|
    |icmp_ln785_20_fu_12249_p2    |   icmp   |      0|  0|   9|           3|           1|
    |icmp_ln785_21_fu_12334_p2    |   icmp   |      0|  0|   9|           3|           1|
    |icmp_ln785_22_fu_12419_p2    |   icmp   |      0|  0|   9|           3|           1|
    |icmp_ln785_23_fu_12504_p2    |   icmp   |      0|  0|   9|           3|           1|
    |icmp_ln785_24_fu_12589_p2    |   icmp   |      0|  0|   9|           3|           1|
    |icmp_ln785_25_fu_12674_p2    |   icmp   |      0|  0|   9|           3|           1|
    |icmp_ln785_26_fu_12759_p2    |   icmp   |      0|  0|   9|           3|           1|
    |icmp_ln785_27_fu_12844_p2    |   icmp   |      0|  0|   9|           3|           1|
    |icmp_ln785_28_fu_12929_p2    |   icmp   |      0|  0|   9|           3|           1|
    |icmp_ln785_29_fu_13014_p2    |   icmp   |      0|  0|   9|           3|           1|
    |icmp_ln785_2_fu_10719_p2     |   icmp   |      0|  0|   9|           3|           1|
    |icmp_ln785_30_fu_13099_p2    |   icmp   |      0|  0|   9|           3|           1|
    |icmp_ln785_31_fu_13184_p2    |   icmp   |      0|  0|   9|           3|           1|
    |icmp_ln785_3_fu_10804_p2     |   icmp   |      0|  0|   9|           3|           1|
    |icmp_ln785_4_fu_10889_p2     |   icmp   |      0|  0|   9|           3|           1|
    |icmp_ln785_5_fu_10974_p2     |   icmp   |      0|  0|   9|           3|           1|
    |icmp_ln785_6_fu_11059_p2     |   icmp   |      0|  0|   9|           3|           1|
    |icmp_ln785_7_fu_11144_p2     |   icmp   |      0|  0|   9|           3|           1|
    |icmp_ln785_8_fu_11229_p2     |   icmp   |      0|  0|   9|           3|           1|
    |icmp_ln785_9_fu_11314_p2     |   icmp   |      0|  0|   9|           3|           1|
    |icmp_ln785_fu_10549_p2       |   icmp   |      0|  0|   9|           3|           1|
    |icmp_ln78_fu_13304_p2        |   icmp   |      0|  0|  11|           7|           6|
    |ap_block_state1              |    or    |      0|  0|   2|           1|           1|
    |or_ln785_10_fu_11405_p2      |    or    |      0|  0|   2|           1|           1|
    |or_ln785_11_fu_11490_p2      |    or    |      0|  0|   2|           1|           1|
    |or_ln785_12_fu_11575_p2      |    or    |      0|  0|   2|           1|           1|
    |or_ln785_13_fu_11660_p2      |    or    |      0|  0|   2|           1|           1|
    |or_ln785_14_fu_11745_p2      |    or    |      0|  0|   2|           1|           1|
    |or_ln785_15_fu_11830_p2      |    or    |      0|  0|   2|           1|           1|
    |or_ln785_16_fu_11915_p2      |    or    |      0|  0|   2|           1|           1|
    |or_ln785_17_fu_12000_p2      |    or    |      0|  0|   2|           1|           1|
    |or_ln785_18_fu_12085_p2      |    or    |      0|  0|   2|           1|           1|
    |or_ln785_19_fu_12170_p2      |    or    |      0|  0|   2|           1|           1|
    |or_ln785_1_fu_10640_p2       |    or    |      0|  0|   2|           1|           1|
    |or_ln785_20_fu_12255_p2      |    or    |      0|  0|   2|           1|           1|
    |or_ln785_21_fu_12340_p2      |    or    |      0|  0|   2|           1|           1|
    |or_ln785_22_fu_12425_p2      |    or    |      0|  0|   2|           1|           1|
    |or_ln785_23_fu_12510_p2      |    or    |      0|  0|   2|           1|           1|
    |or_ln785_24_fu_12595_p2      |    or    |      0|  0|   2|           1|           1|
    |or_ln785_25_fu_12680_p2      |    or    |      0|  0|   2|           1|           1|
    |or_ln785_26_fu_12765_p2      |    or    |      0|  0|   2|           1|           1|
    |or_ln785_27_fu_12850_p2      |    or    |      0|  0|   2|           1|           1|
    |or_ln785_28_fu_12935_p2      |    or    |      0|  0|   2|           1|           1|
    |or_ln785_29_fu_13020_p2      |    or    |      0|  0|   2|           1|           1|
    |or_ln785_2_fu_10725_p2       |    or    |      0|  0|   2|           1|           1|
    |or_ln785_30_fu_13105_p2      |    or    |      0|  0|   2|           1|           1|
    |or_ln785_31_fu_13190_p2      |    or    |      0|  0|   2|           1|           1|
    |or_ln785_3_fu_10810_p2       |    or    |      0|  0|   2|           1|           1|
    |or_ln785_4_fu_10895_p2       |    or    |      0|  0|   2|           1|           1|
    |or_ln785_5_fu_10980_p2       |    or    |      0|  0|   2|           1|           1|
    |or_ln785_6_fu_11065_p2       |    or    |      0|  0|   2|           1|           1|
    |or_ln785_7_fu_11150_p2       |    or    |      0|  0|   2|           1|           1|
    |or_ln785_8_fu_11235_p2       |    or    |      0|  0|   2|           1|           1|
    |or_ln785_9_fu_11320_p2       |    or    |      0|  0|   2|           1|           1|
    |or_ln785_fu_10555_p2         |    or    |      0|  0|   2|           1|           1|
    |select_ln303_fu_13284_p3     |  select  |      0|  0|  32|           1|           2|
    |select_ln308_fu_13238_p3     |  select  |      0|  0|  32|           1|           2|
    |select_ln404_fu_10356_p3     |  select  |      0|  0|  32|           1|           1|
    |select_ln785_32_fu_10646_p3  |  select  |      0|  0|   7|           1|           2|
    |select_ln785_33_fu_10731_p3  |  select  |      0|  0|   7|           1|           2|
    |select_ln785_34_fu_10816_p3  |  select  |      0|  0|   7|           1|           2|
    |select_ln785_35_fu_10901_p3  |  select  |      0|  0|   7|           1|           2|
    |select_ln785_36_fu_10986_p3  |  select  |      0|  0|   7|           1|           2|
    |select_ln785_37_fu_11071_p3  |  select  |      0|  0|   7|           1|           2|
    |select_ln785_38_fu_11156_p3  |  select  |      0|  0|   7|           1|           2|
    |select_ln785_39_fu_11241_p3  |  select  |      0|  0|   7|           1|           2|
    |select_ln785_40_fu_11326_p3  |  select  |      0|  0|   7|           1|           2|
    |select_ln785_41_fu_11411_p3  |  select  |      0|  0|   7|           1|           2|
    |select_ln785_42_fu_11496_p3  |  select  |      0|  0|   7|           1|           2|
    |select_ln785_43_fu_11581_p3  |  select  |      0|  0|   7|           1|           2|
    |select_ln785_44_fu_11666_p3  |  select  |      0|  0|   7|           1|           2|
    |select_ln785_45_fu_11751_p3  |  select  |      0|  0|   7|           1|           2|
    |select_ln785_46_fu_11836_p3  |  select  |      0|  0|   7|           1|           2|
    |select_ln785_47_fu_11921_p3  |  select  |      0|  0|   7|           1|           2|
    |select_ln785_48_fu_12006_p3  |  select  |      0|  0|   7|           1|           2|
    |select_ln785_49_fu_12091_p3  |  select  |      0|  0|   7|           1|           2|
    |select_ln785_50_fu_12176_p3  |  select  |      0|  0|   7|           1|           2|
    |select_ln785_51_fu_12261_p3  |  select  |      0|  0|   7|           1|           2|
    |select_ln785_52_fu_12346_p3  |  select  |      0|  0|   7|           1|           2|
    |select_ln785_53_fu_12431_p3  |  select  |      0|  0|   7|           1|           2|
    |select_ln785_54_fu_12516_p3  |  select  |      0|  0|   7|           1|           2|
    |select_ln785_55_fu_12601_p3  |  select  |      0|  0|   7|           1|           2|
    |select_ln785_56_fu_12686_p3  |  select  |      0|  0|   7|           1|           2|
    |select_ln785_57_fu_12771_p3  |  select  |      0|  0|   7|           1|           2|
    |select_ln785_58_fu_12856_p3  |  select  |      0|  0|   7|           1|           2|
    |select_ln785_59_fu_12941_p3  |  select  |      0|  0|   7|           1|           2|
    |select_ln785_60_fu_13026_p3  |  select  |      0|  0|   7|           1|           2|
    |select_ln785_61_fu_13111_p3  |  select  |      0|  0|   7|           1|           2|
    |select_ln785_62_fu_13196_p3  |  select  |      0|  0|   7|           1|           2|
    |select_ln785_fu_10561_p3     |  select  |      0|  0|   7|           1|           2|
    |tmp_data_0_V_5_fu_10569_p3   |  select  |      0|  0|   7|           1|           7|
    |tmp_data_10_V_4_fu_11419_p3  |  select  |      0|  0|   7|           1|           7|
    |tmp_data_11_V_4_fu_11504_p3  |  select  |      0|  0|   7|           1|           7|
    |tmp_data_12_V_4_fu_11589_p3  |  select  |      0|  0|   7|           1|           7|
    |tmp_data_13_V_4_fu_11674_p3  |  select  |      0|  0|   7|           1|           7|
    |tmp_data_14_V_4_fu_11759_p3  |  select  |      0|  0|   7|           1|           7|
    |tmp_data_15_V_4_fu_11844_p3  |  select  |      0|  0|   7|           1|           7|
    |tmp_data_16_V_4_fu_11929_p3  |  select  |      0|  0|   7|           1|           7|
    |tmp_data_17_V_4_fu_12014_p3  |  select  |      0|  0|   7|           1|           7|
    |tmp_data_18_V_4_fu_12099_p3  |  select  |      0|  0|   7|           1|           7|
    |tmp_data_19_V_4_fu_12184_p3  |  select  |      0|  0|   7|           1|           7|
    |tmp_data_1_V_5_fu_10654_p3   |  select  |      0|  0|   7|           1|           7|
    |tmp_data_20_V_4_fu_12269_p3  |  select  |      0|  0|   7|           1|           7|
    |tmp_data_21_V_4_fu_12354_p3  |  select  |      0|  0|   7|           1|           7|
    |tmp_data_22_V_4_fu_12439_p3  |  select  |      0|  0|   7|           1|           7|
    |tmp_data_23_V_4_fu_12524_p3  |  select  |      0|  0|   7|           1|           7|
    |tmp_data_24_V_4_fu_12609_p3  |  select  |      0|  0|   7|           1|           7|
    |tmp_data_25_V_4_fu_12694_p3  |  select  |      0|  0|   7|           1|           7|
    |tmp_data_26_V_4_fu_12779_p3  |  select  |      0|  0|   7|           1|           7|
    |tmp_data_27_V_4_fu_12864_p3  |  select  |      0|  0|   7|           1|           7|
    |tmp_data_28_V_4_fu_12949_p3  |  select  |      0|  0|   7|           1|           7|
    |tmp_data_29_V_4_fu_13034_p3  |  select  |      0|  0|   7|           1|           7|
    |tmp_data_2_V_5_fu_10739_p3   |  select  |      0|  0|   7|           1|           7|
    |tmp_data_30_V_4_fu_13119_p3  |  select  |      0|  0|   7|           1|           7|
    |tmp_data_31_V_4_fu_13204_p3  |  select  |      0|  0|   7|           1|           7|
    |tmp_data_3_V_4_fu_10824_p3   |  select  |      0|  0|   7|           1|           7|
    |tmp_data_4_V_4_fu_10909_p3   |  select  |      0|  0|   7|           1|           7|
    |tmp_data_5_V_4_fu_10994_p3   |  select  |      0|  0|   7|           1|           7|
    |tmp_data_6_V_4_fu_11079_p3   |  select  |      0|  0|   7|           1|           7|
    |tmp_data_7_V_4_fu_11164_p3   |  select  |      0|  0|   7|           1|           7|
    |tmp_data_8_V_4_fu_11249_p3   |  select  |      0|  0|   7|           1|           7|
    |tmp_data_9_V_4_fu_11334_p3   |  select  |      0|  0|   7|           1|           7|
    |ap_enable_pp0                |    xor   |      0|  0|   2|           1|           2|
    +-----------------------------+----------+-------+---+----+------------+------------+
    |Total                        |          |      0|  0|1771|         923|         485|
    +-----------------------------+----------+-------+---+----+------------+------------+

    * Multiplexer: 
    +------------------------------------------------+----+-----------+-----+-----------+
    |                      Name                      | LUT| Input Size| Bits| Total Bits|
    +------------------------------------------------+----+-----------+-----+-----------+
    |ap_NS_fsm                                       |  27|          5|    1|          5|
    |ap_done                                         |   9|          2|    1|          2|
    |ap_enable_reg_pp0_iter2                         |   9|          2|    1|          2|
    |ap_phi_mux_in_index_0_i_i_i_i83_phi_fu_1283_p4  |   9|          2|   32|         64|
    |ap_phi_mux_p_Val2_100_phi_fu_2258_p64           |  15|          3|   14|         42|
    |ap_phi_mux_p_Val2_101_phi_fu_2156_p64           |  15|          3|   14|         42|
    |ap_phi_mux_p_Val2_102_phi_fu_2054_p64           |  15|          3|   14|         42|
    |ap_phi_mux_p_Val2_103_phi_fu_1952_p64           |  15|          3|   14|         42|
    |ap_phi_mux_p_Val2_104_phi_fu_1850_p64           |  15|          3|   14|         42|
    |ap_phi_mux_p_Val2_105_phi_fu_1748_p64           |  15|          3|   14|         42|
    |ap_phi_mux_p_Val2_106_phi_fu_1646_p64           |  15|          3|   14|         42|
    |ap_phi_mux_p_Val2_75_phi_fu_4808_p64            |  15|          3|   14|         42|
    |ap_phi_mux_p_Val2_76_phi_fu_4706_p64            |  15|          3|   14|         42|
    |ap_phi_mux_p_Val2_77_phi_fu_4604_p64            |  15|          3|   14|         42|
    |ap_phi_mux_p_Val2_78_phi_fu_4502_p64            |  15|          3|   14|         42|
    |ap_phi_mux_p_Val2_79_phi_fu_4400_p64            |  15|          3|   14|         42|
    |ap_phi_mux_p_Val2_80_phi_fu_4298_p64            |  15|          3|   14|         42|
    |ap_phi_mux_p_Val2_81_phi_fu_4196_p64            |  15|          3|   14|         42|
    |ap_phi_mux_p_Val2_82_226_phi_fu_4094_p64        |  15|          3|   14|         42|
    |ap_phi_mux_p_Val2_83_phi_fu_3992_p64            |  15|          3|   14|         42|
    |ap_phi_mux_p_Val2_84_phi_fu_3890_p64            |  15|          3|   14|         42|
    |ap_phi_mux_p_Val2_85_phi_fu_3788_p64            |  15|          3|   14|         42|
    |ap_phi_mux_p_Val2_86_phi_fu_3686_p64            |  15|          3|   14|         42|
    |ap_phi_mux_p_Val2_87_phi_fu_3584_p64            |  15|          3|   14|         42|
    |ap_phi_mux_p_Val2_88_phi_fu_3482_p64            |  15|          3|   14|         42|
    |ap_phi_mux_p_Val2_89_phi_fu_3380_p64            |  15|          3|   14|         42|
    |ap_phi_mux_p_Val2_90_phi_fu_3278_p64            |  15|          3|   14|         42|
    |ap_phi_mux_p_Val2_91_phi_fu_3176_p64            |  15|          3|   14|         42|
    |ap_phi_mux_p_Val2_92_phi_fu_3074_p64            |  15|          3|   14|         42|
    |ap_phi_mux_p_Val2_93_phi_fu_2972_p64            |  15|          3|   14|         42|
    |ap_phi_mux_p_Val2_94_phi_fu_2870_p64            |  15|          3|   14|         42|
    |ap_phi_mux_p_Val2_95_phi_fu_2768_p64            |  15|          3|   14|         42|
    |ap_phi_mux_p_Val2_96_phi_fu_2666_p64            |  15|          3|   14|         42|
    |ap_phi_mux_p_Val2_97_phi_fu_2564_p64            |  15|          3|   14|         42|
    |ap_phi_mux_p_Val2_98_phi_fu_2462_p64            |  15|          3|   14|         42|
    |ap_phi_mux_p_Val2_99_phi_fu_2360_p64            |  15|          3|   14|         42|
    |ap_phi_mux_storemerge_i_i_phi_fu_4909_p4        |  15|          3|   32|         96|
    |ap_phi_mux_w_index84_phi_fu_1272_p4             |   9|          2|   14|         28|
    |data_V_data_0_V_blk_n                           |   9|          2|    1|          2|
    |data_V_data_10_V_blk_n                          |   9|          2|    1|          2|
    |data_V_data_11_V_blk_n                          |   9|          2|    1|          2|
    |data_V_data_12_V_blk_n                          |   9|          2|    1|          2|
    |data_V_data_13_V_blk_n                          |   9|          2|    1|          2|
    |data_V_data_14_V_blk_n                          |   9|          2|    1|          2|
    |data_V_data_15_V_blk_n                          |   9|          2|    1|          2|
    |data_V_data_16_V_blk_n                          |   9|          2|    1|          2|
    |data_V_data_17_V_blk_n                          |   9|          2|    1|          2|
    |data_V_data_18_V_blk_n                          |   9|          2|    1|          2|
    |data_V_data_19_V_blk_n                          |   9|          2|    1|          2|
    |data_V_data_1_V_blk_n                           |   9|          2|    1|          2|
    |data_V_data_20_V_blk_n                          |   9|          2|    1|          2|
    |data_V_data_21_V_blk_n                          |   9|          2|    1|          2|
    |data_V_data_22_V_blk_n                          |   9|          2|    1|          2|
    |data_V_data_23_V_blk_n                          |   9|          2|    1|          2|
    |data_V_data_24_V_blk_n                          |   9|          2|    1|          2|
    |data_V_data_25_V_blk_n                          |   9|          2|    1|          2|
    |data_V_data_26_V_blk_n                          |   9|          2|    1|          2|
    |data_V_data_27_V_blk_n                          |   9|          2|    1|          2|
    |data_V_data_28_V_blk_n                          |   9|          2|    1|          2|
    |data_V_data_29_V_blk_n                          |   9|          2|    1|          2|
    |data_V_data_2_V_blk_n                           |   9|          2|    1|          2|
    |data_V_data_30_V_blk_n                          |   9|          2|    1|          2|
    |data_V_data_31_V_blk_n                          |   9|          2|    1|          2|
    |data_V_data_3_V_blk_n                           |   9|          2|    1|          2|
    |data_V_data_4_V_blk_n                           |   9|          2|    1|          2|
    |data_V_data_5_V_blk_n                           |   9|          2|    1|          2|
    |data_V_data_6_V_blk_n                           |   9|          2|    1|          2|
    |data_V_data_7_V_blk_n                           |   9|          2|    1|          2|
    |data_V_data_8_V_blk_n                           |   9|          2|    1|          2|
    |data_V_data_9_V_blk_n                           |   9|          2|    1|          2|
    |in_index_0_i_i_i_i83_reg_1279                   |   9|          2|   32|         64|
    |indvar_flatten85_reg_1256                       |   9|          2|    7|         14|
    |pX_2                                            |   9|          2|   32|         64|
    |pY_2                                            |   9|          2|   32|         64|
    |p_Val2_100_reg_2254                             |  15|          3|   14|         42|
    |p_Val2_101_reg_2152                             |  15|          3|   14|         42|
    |p_Val2_102_reg_2050                             |  15|          3|   14|         42|
    |p_Val2_103_reg_1948                             |  15|          3|   14|         42|
    |p_Val2_104_reg_1846                             |  15|          3|   14|         42|
    |p_Val2_105_reg_1744                             |  15|          3|   14|         42|
    |p_Val2_106_reg_1642                             |  15|          3|   14|         42|
    |p_Val2_4480_reg_1301                            |   9|          2|   14|         28|
    |p_Val2_4578_reg_1312                            |   9|          2|   14|         28|
    |p_Val2_4676_reg_1323                            |   9|          2|   14|         28|
    |p_Val2_4774_reg_1334                            |   9|          2|   14|         28|
    |p_Val2_4872_reg_1345                            |   9|          2|   14|         28|
    |p_Val2_4970_reg_1356                            |   9|          2|   14|         28|
    |p_Val2_5068_reg_1367                            |   9|          2|   14|         28|
    |p_Val2_5166_reg_1378                            |   9|          2|   14|         28|
    |p_Val2_5264_reg_1389                            |   9|          2|   14|         28|
    |p_Val2_5362_reg_1400                            |   9|          2|   14|         28|
    |p_Val2_5460_reg_1411                            |   9|          2|   14|         28|
    |p_Val2_5558_reg_1422                            |   9|          2|   14|         28|
    |p_Val2_5656_reg_1433                            |   9|          2|   14|         28|
    |p_Val2_5754_reg_1444                            |   9|          2|   14|         28|
    |p_Val2_5852_reg_1455                            |   9|          2|   14|         28|
    |p_Val2_5950_reg_1466                            |   9|          2|   14|         28|
    |p_Val2_6048_reg_1477                            |   9|          2|   14|         28|
    |p_Val2_6146_reg_1488                            |   9|          2|   14|         28|
    |p_Val2_6244_reg_1499                            |   9|          2|   14|         28|
    |p_Val2_6342_reg_1510                            |   9|          2|   14|         28|
    |p_Val2_6440_reg_1521                            |   9|          2|   14|         28|
    |p_Val2_6538_reg_1532                            |   9|          2|   14|         28|
    |p_Val2_6636_reg_1543                            |   9|          2|   14|         28|
    |p_Val2_6734_reg_1554                            |   9|          2|   14|         28|
    |p_Val2_6832_reg_1565                            |   9|          2|   14|         28|
    |p_Val2_6930_reg_1576                            |   9|          2|   14|         28|
    |p_Val2_7028_reg_1587                            |   9|          2|   14|         28|
    |p_Val2_7126_reg_1598                            |   9|          2|   14|         28|
    |p_Val2_7224_reg_1609                            |   9|          2|   14|         28|
    |p_Val2_7322_reg_1620                            |   9|          2|   14|         28|
    |p_Val2_7420_reg_1631                            |   9|          2|   14|         28|
    |p_Val2_75_reg_4804                              |  15|          3|   14|         42|
    |p_Val2_76_reg_4702                              |  15|          3|   14|         42|
    |p_Val2_77_reg_4600                              |  15|          3|   14|         42|
    |p_Val2_78_reg_4498                              |  15|          3|   14|         42|
    |p_Val2_79_reg_4396                              |  15|          3|   14|         42|
    |p_Val2_80_reg_4294                              |  15|          3|   14|         42|
    |p_Val2_81_reg_4192                              |  15|          3|   14|         42|
    |p_Val2_82_226_reg_4090                          |  15|          3|   14|         42|
    |p_Val2_82_reg_1290                              |   9|          2|   14|         28|
    |p_Val2_83_reg_3988                              |  15|          3|   14|         42|
    |p_Val2_84_reg_3886                              |  15|          3|   14|         42|
    |p_Val2_85_reg_3784                              |  15|          3|   14|         42|
    |p_Val2_86_reg_3682                              |  15|          3|   14|         42|
    |p_Val2_87_reg_3580                              |  15|          3|   14|         42|
    |p_Val2_88_reg_3478                              |  15|          3|   14|         42|
    |p_Val2_89_reg_3376                              |  15|          3|   14|         42|
    |p_Val2_90_reg_3274                              |  15|          3|   14|         42|
    |p_Val2_91_reg_3172                              |  15|          3|   14|         42|
    |p_Val2_92_reg_3070                              |  15|          3|   14|         42|
    |p_Val2_93_reg_2968                              |  15|          3|   14|         42|
    |p_Val2_94_reg_2866                              |  15|          3|   14|         42|
    |p_Val2_95_reg_2764                              |  15|          3|   14|         42|
    |p_Val2_96_reg_2662                              |  15|          3|   14|         42|
    |p_Val2_97_reg_2560                              |  15|          3|   14|         42|
    |p_Val2_98_reg_2458                              |  15|          3|   14|         42|
    |p_Val2_99_reg_2356                              |  15|          3|   14|         42|
    |real_start                                      |   9|          2|    1|          2|
    |res_V_data_0_V_blk_n                            |   9|          2|    1|          2|
    |res_V_data_10_V_blk_n                           |   9|          2|    1|          2|
    |res_V_data_11_V_blk_n                           |   9|          2|    1|          2|
    |res_V_data_12_V_blk_n                           |   9|          2|    1|          2|
    |res_V_data_13_V_blk_n                           |   9|          2|    1|          2|
    |res_V_data_14_V_blk_n                           |   9|          2|    1|          2|
    |res_V_data_15_V_blk_n                           |   9|          2|    1|          2|
    |res_V_data_16_V_blk_n                           |   9|          2|    1|          2|
    |res_V_data_17_V_blk_n                           |   9|          2|    1|          2|
    |res_V_data_18_V_blk_n                           |   9|          2|    1|          2|
    |res_V_data_19_V_blk_n                           |   9|          2|    1|          2|
    |res_V_data_1_V_blk_n                            |   9|          2|    1|          2|
    |res_V_data_20_V_blk_n                           |   9|          2|    1|          2|
    |res_V_data_21_V_blk_n                           |   9|          2|    1|          2|
    |res_V_data_22_V_blk_n                           |   9|          2|    1|          2|
    |res_V_data_23_V_blk_n                           |   9|          2|    1|          2|
    |res_V_data_24_V_blk_n                           |   9|          2|    1|          2|
    |res_V_data_25_V_blk_n                           |   9|          2|    1|          2|
    |res_V_data_26_V_blk_n                           |   9|          2|    1|          2|
    |res_V_data_27_V_blk_n                           |   9|          2|    1|          2|
    |res_V_data_28_V_blk_n                           |   9|          2|    1|          2|
    |res_V_data_29_V_blk_n                           |   9|          2|    1|          2|
    |res_V_data_2_V_blk_n                            |   9|          2|    1|          2|
    |res_V_data_30_V_blk_n                           |   9|          2|    1|          2|
    |res_V_data_31_V_blk_n                           |   9|          2|    1|          2|
    |res_V_data_3_V_blk_n                            |   9|          2|    1|          2|
    |res_V_data_4_V_blk_n                            |   9|          2|    1|          2|
    |res_V_data_5_V_blk_n                            |   9|          2|    1|          2|
    |res_V_data_6_V_blk_n                            |   9|          2|    1|          2|
    |res_V_data_7_V_blk_n                            |   9|          2|    1|          2|
    |res_V_data_8_V_blk_n                            |   9|          2|    1|          2|
    |res_V_data_9_V_blk_n                            |   9|          2|    1|          2|
    |sX_2                                            |   9|          2|   32|         64|
    |w_index84_reg_1268                              |   9|          2|   14|         28|
    +------------------------------------------------+----+-----------+-----+-----------+
    |Total                                           |1965|        414| 1639|       4209|
    +------------------------------------------------+----+-----------+-----+-----------+

    * Register: 
    +------------------------------------+----+----+-----+-----------+
    |                Name                | FF | LUT| Bits| Const Bits|
    +------------------------------------+----+----+-----+-----------+
    |add_ln78_reg_13346                  |   7|   0|    7|          0|
    |and_ln272_4_reg_13342               |   1|   0|    1|          0|
    |ap_CS_fsm                           |   4|   0|    4|          0|
    |ap_done_reg                         |   1|   0|    1|          0|
    |ap_enable_reg_pp0_iter0             |   1|   0|    1|          0|
    |ap_enable_reg_pp0_iter1             |   1|   0|    1|          0|
    |ap_enable_reg_pp0_iter2             |   1|   0|    1|          0|
    |icmp_ln272_4_reg_13325              |   1|   0|    1|          0|
    |icmp_ln272_reg_13315                |   1|   0|    1|          0|
    |icmp_ln387_reg_13366                |   1|   0|    1|          0|
    |icmp_ln387_reg_13366_pp0_iter1_reg  |   1|   0|    1|          0|
    |in_index_0_i_i_i_i83_reg_1279       |  32|   0|   32|          0|
    |indvar_flatten85_reg_1256           |   7|   0|    7|          0|
    |kernel_data_V_0                     |   8|   0|    8|          0|
    |kernel_data_V_10                    |   8|   0|    8|          0|
    |kernel_data_V_100                   |   8|   0|    8|          0|
    |kernel_data_V_101                   |   8|   0|    8|          0|
    |kernel_data_V_102                   |   8|   0|    8|          0|
    |kernel_data_V_103                   |   8|   0|    8|          0|
    |kernel_data_V_104                   |   8|   0|    8|          0|
    |kernel_data_V_105                   |   8|   0|    8|          0|
    |kernel_data_V_106                   |   8|   0|    8|          0|
    |kernel_data_V_107                   |   8|   0|    8|          0|
    |kernel_data_V_108                   |   8|   0|    8|          0|
    |kernel_data_V_109                   |   8|   0|    8|          0|
    |kernel_data_V_11                    |   8|   0|    8|          0|
    |kernel_data_V_110                   |   8|   0|    8|          0|
    |kernel_data_V_111                   |   8|   0|    8|          0|
    |kernel_data_V_112                   |   8|   0|    8|          0|
    |kernel_data_V_113                   |   8|   0|    8|          0|
    |kernel_data_V_114                   |   8|   0|    8|          0|
    |kernel_data_V_115                   |   8|   0|    8|          0|
    |kernel_data_V_116                   |   8|   0|    8|          0|
    |kernel_data_V_117                   |   8|   0|    8|          0|
    |kernel_data_V_118                   |   8|   0|    8|          0|
    |kernel_data_V_1182                  |   8|   0|    8|          0|
    |kernel_data_V_119                   |   8|   0|    8|          0|
    |kernel_data_V_12                    |   8|   0|    8|          0|
    |kernel_data_V_120                   |   8|   0|    8|          0|
    |kernel_data_V_121                   |   8|   0|    8|          0|
    |kernel_data_V_122                   |   8|   0|    8|          0|
    |kernel_data_V_123                   |   8|   0|    8|          0|
    |kernel_data_V_124                   |   8|   0|    8|          0|
    |kernel_data_V_125                   |   8|   0|    8|          0|
    |kernel_data_V_126                   |   8|   0|    8|          0|
    |kernel_data_V_127                   |   8|   0|    8|          0|
    |kernel_data_V_128                   |   8|   0|    8|          0|
    |kernel_data_V_129                   |   8|   0|    8|          0|
    |kernel_data_V_13                    |   8|   0|    8|          0|
    |kernel_data_V_130                   |   8|   0|    8|          0|
    |kernel_data_V_131                   |   8|   0|    8|          0|
    |kernel_data_V_132                   |   8|   0|    8|          0|
    |kernel_data_V_133                   |   8|   0|    8|          0|
    |kernel_data_V_134                   |   8|   0|    8|          0|
    |kernel_data_V_135                   |   8|   0|    8|          0|
    |kernel_data_V_136                   |   8|   0|    8|          0|
    |kernel_data_V_137                   |   8|   0|    8|          0|
    |kernel_data_V_138                   |   8|   0|    8|          0|
    |kernel_data_V_139                   |   8|   0|    8|          0|
    |kernel_data_V_14                    |   8|   0|    8|          0|
    |kernel_data_V_140                   |   8|   0|    8|          0|
    |kernel_data_V_141                   |   8|   0|    8|          0|
    |kernel_data_V_142                   |   8|   0|    8|          0|
    |kernel_data_V_143                   |   8|   0|    8|          0|
    |kernel_data_V_144                   |   8|   0|    8|          0|
    |kernel_data_V_145                   |   8|   0|    8|          0|
    |kernel_data_V_146                   |   8|   0|    8|          0|
    |kernel_data_V_147                   |   8|   0|    8|          0|
    |kernel_data_V_148                   |   8|   0|    8|          0|
    |kernel_data_V_149                   |   8|   0|    8|          0|
    |kernel_data_V_15                    |   8|   0|    8|          0|
    |kernel_data_V_150                   |   8|   0|    8|          0|
    |kernel_data_V_151                   |   8|   0|    8|          0|
    |kernel_data_V_152                   |   8|   0|    8|          0|
    |kernel_data_V_153                   |   8|   0|    8|          0|
    |kernel_data_V_154                   |   8|   0|    8|          0|
    |kernel_data_V_155                   |   8|   0|    8|          0|
    |kernel_data_V_156                   |   8|   0|    8|          0|
    |kernel_data_V_157                   |   8|   0|    8|          0|
    |kernel_data_V_158                   |   8|   0|    8|          0|
    |kernel_data_V_159                   |   8|   0|    8|          0|
    |kernel_data_V_16                    |   8|   0|    8|          0|
    |kernel_data_V_160                   |   8|   0|    8|          0|
    |kernel_data_V_161                   |   8|   0|    8|          0|
    |kernel_data_V_162                   |   8|   0|    8|          0|
    |kernel_data_V_163                   |   8|   0|    8|          0|
    |kernel_data_V_164                   |   8|   0|    8|          0|
    |kernel_data_V_165                   |   8|   0|    8|          0|
    |kernel_data_V_166                   |   8|   0|    8|          0|
    |kernel_data_V_167                   |   8|   0|    8|          0|
    |kernel_data_V_168                   |   8|   0|    8|          0|
    |kernel_data_V_169                   |   8|   0|    8|          0|
    |kernel_data_V_17                    |   8|   0|    8|          0|
    |kernel_data_V_170                   |   8|   0|    8|          0|
    |kernel_data_V_171                   |   8|   0|    8|          0|
    |kernel_data_V_172                   |   8|   0|    8|          0|
    |kernel_data_V_173                   |   8|   0|    8|          0|
    |kernel_data_V_174                   |   8|   0|    8|          0|
    |kernel_data_V_175                   |   8|   0|    8|          0|
    |kernel_data_V_176                   |   8|   0|    8|          0|
    |kernel_data_V_177                   |   8|   0|    8|          0|
    |kernel_data_V_178                   |   8|   0|    8|          0|
    |kernel_data_V_179                   |   8|   0|    8|          0|
    |kernel_data_V_18                    |   8|   0|    8|          0|
    |kernel_data_V_180                   |   8|   0|    8|          0|
    |kernel_data_V_181                   |   8|   0|    8|          0|
    |kernel_data_V_182                   |   8|   0|    8|          0|
    |kernel_data_V_183                   |   8|   0|    8|          0|
    |kernel_data_V_184                   |   8|   0|    8|          0|
    |kernel_data_V_185                   |   8|   0|    8|          0|
    |kernel_data_V_186                   |   8|   0|    8|          0|
    |kernel_data_V_187                   |   8|   0|    8|          0|
    |kernel_data_V_188                   |   8|   0|    8|          0|
    |kernel_data_V_189                   |   8|   0|    8|          0|
    |kernel_data_V_19                    |   8|   0|    8|          0|
    |kernel_data_V_190                   |   8|   0|    8|          0|
    |kernel_data_V_191                   |   8|   0|    8|          0|
    |kernel_data_V_192                   |   8|   0|    8|          0|
    |kernel_data_V_193                   |   8|   0|    8|          0|
    |kernel_data_V_194                   |   8|   0|    8|          0|
    |kernel_data_V_195                   |   8|   0|    8|          0|
    |kernel_data_V_196                   |   8|   0|    8|          0|
    |kernel_data_V_197                   |   8|   0|    8|          0|
    |kernel_data_V_198                   |   8|   0|    8|          0|
    |kernel_data_V_199                   |   8|   0|    8|          0|
    |kernel_data_V_20                    |   8|   0|    8|          0|
    |kernel_data_V_200                   |   8|   0|    8|          0|
    |kernel_data_V_201                   |   8|   0|    8|          0|
    |kernel_data_V_202                   |   8|   0|    8|          0|
    |kernel_data_V_203                   |   8|   0|    8|          0|
    |kernel_data_V_204                   |   8|   0|    8|          0|
    |kernel_data_V_205                   |   8|   0|    8|          0|
    |kernel_data_V_206                   |   8|   0|    8|          0|
    |kernel_data_V_207                   |   8|   0|    8|          0|
    |kernel_data_V_208                   |   8|   0|    8|          0|
    |kernel_data_V_209                   |   8|   0|    8|          0|
    |kernel_data_V_21                    |   8|   0|    8|          0|
    |kernel_data_V_210                   |   8|   0|    8|          0|
    |kernel_data_V_211                   |   8|   0|    8|          0|
    |kernel_data_V_212                   |   8|   0|    8|          0|
    |kernel_data_V_213                   |   8|   0|    8|          0|
    |kernel_data_V_214                   |   8|   0|    8|          0|
    |kernel_data_V_215                   |   8|   0|    8|          0|
    |kernel_data_V_216                   |   8|   0|    8|          0|
    |kernel_data_V_217                   |   8|   0|    8|          0|
    |kernel_data_V_218                   |   8|   0|    8|          0|
    |kernel_data_V_2183                  |   8|   0|    8|          0|
    |kernel_data_V_219                   |   8|   0|    8|          0|
    |kernel_data_V_22                    |   8|   0|    8|          0|
    |kernel_data_V_220                   |   8|   0|    8|          0|
    |kernel_data_V_221                   |   8|   0|    8|          0|
    |kernel_data_V_222                   |   8|   0|    8|          0|
    |kernel_data_V_223                   |   8|   0|    8|          0|
    |kernel_data_V_224                   |   8|   0|    8|          0|
    |kernel_data_V_225                   |   8|   0|    8|          0|
    |kernel_data_V_226                   |   8|   0|    8|          0|
    |kernel_data_V_227                   |   8|   0|    8|          0|
    |kernel_data_V_228                   |   8|   0|    8|          0|
    |kernel_data_V_229                   |   8|   0|    8|          0|
    |kernel_data_V_23                    |   8|   0|    8|          0|
    |kernel_data_V_230                   |   8|   0|    8|          0|
    |kernel_data_V_231                   |   8|   0|    8|          0|
    |kernel_data_V_232                   |   8|   0|    8|          0|
    |kernel_data_V_233                   |   8|   0|    8|          0|
    |kernel_data_V_234                   |   8|   0|    8|          0|
    |kernel_data_V_235                   |   8|   0|    8|          0|
    |kernel_data_V_236                   |   8|   0|    8|          0|
    |kernel_data_V_237                   |   8|   0|    8|          0|
    |kernel_data_V_238                   |   8|   0|    8|          0|
    |kernel_data_V_239                   |   8|   0|    8|          0|
    |kernel_data_V_24                    |   8|   0|    8|          0|
    |kernel_data_V_240                   |   8|   0|    8|          0|
    |kernel_data_V_241                   |   8|   0|    8|          0|
    |kernel_data_V_242                   |   8|   0|    8|          0|
    |kernel_data_V_243                   |   8|   0|    8|          0|
    |kernel_data_V_244                   |   8|   0|    8|          0|
    |kernel_data_V_245                   |   8|   0|    8|          0|
    |kernel_data_V_246                   |   8|   0|    8|          0|
    |kernel_data_V_247                   |   8|   0|    8|          0|
    |kernel_data_V_248                   |   8|   0|    8|          0|
    |kernel_data_V_249                   |   8|   0|    8|          0|
    |kernel_data_V_25                    |   8|   0|    8|          0|
    |kernel_data_V_250                   |   8|   0|    8|          0|
    |kernel_data_V_251                   |   8|   0|    8|          0|
    |kernel_data_V_252                   |   8|   0|    8|          0|
    |kernel_data_V_253                   |   8|   0|    8|          0|
    |kernel_data_V_254                   |   8|   0|    8|          0|
    |kernel_data_V_255                   |   8|   0|    8|          0|
    |kernel_data_V_256                   |   8|   0|    8|          0|
    |kernel_data_V_257                   |   8|   0|    8|          0|
    |kernel_data_V_258                   |   8|   0|    8|          0|
    |kernel_data_V_259                   |   8|   0|    8|          0|
    |kernel_data_V_26                    |   8|   0|    8|          0|
    |kernel_data_V_260                   |   8|   0|    8|          0|
    |kernel_data_V_261                   |   8|   0|    8|          0|
    |kernel_data_V_262                   |   8|   0|    8|          0|
    |kernel_data_V_263                   |   8|   0|    8|          0|
    |kernel_data_V_264                   |   8|   0|    8|          0|
    |kernel_data_V_265                   |   8|   0|    8|          0|
    |kernel_data_V_266                   |   8|   0|    8|          0|
    |kernel_data_V_267                   |   8|   0|    8|          0|
    |kernel_data_V_268                   |   8|   0|    8|          0|
    |kernel_data_V_269                   |   8|   0|    8|          0|
    |kernel_data_V_27                    |   8|   0|    8|          0|
    |kernel_data_V_270                   |   8|   0|    8|          0|
    |kernel_data_V_271                   |   8|   0|    8|          0|
    |kernel_data_V_272                   |   8|   0|    8|          0|
    |kernel_data_V_273                   |   8|   0|    8|          0|
    |kernel_data_V_274                   |   8|   0|    8|          0|
    |kernel_data_V_275                   |   8|   0|    8|          0|
    |kernel_data_V_276                   |   8|   0|    8|          0|
    |kernel_data_V_277                   |   8|   0|    8|          0|
    |kernel_data_V_278                   |   8|   0|    8|          0|
    |kernel_data_V_279                   |   8|   0|    8|          0|
    |kernel_data_V_28                    |   8|   0|    8|          0|
    |kernel_data_V_280                   |   8|   0|    8|          0|
    |kernel_data_V_281                   |   8|   0|    8|          0|
    |kernel_data_V_282                   |   8|   0|    8|          0|
    |kernel_data_V_283                   |   8|   0|    8|          0|
    |kernel_data_V_284                   |   8|   0|    8|          0|
    |kernel_data_V_285                   |   8|   0|    8|          0|
    |kernel_data_V_286                   |   8|   0|    8|          0|
    |kernel_data_V_287                   |   8|   0|    8|          0|
    |kernel_data_V_29                    |   8|   0|    8|          0|
    |kernel_data_V_3                     |   8|   0|    8|          0|
    |kernel_data_V_30                    |   8|   0|    8|          0|
    |kernel_data_V_31                    |   8|   0|    8|          0|
    |kernel_data_V_32                    |   8|   0|    8|          0|
    |kernel_data_V_33                    |   8|   0|    8|          0|
    |kernel_data_V_34                    |   8|   0|    8|          0|
    |kernel_data_V_35                    |   8|   0|    8|          0|
    |kernel_data_V_36                    |   8|   0|    8|          0|
    |kernel_data_V_37                    |   8|   0|    8|          0|
    |kernel_data_V_38                    |   8|   0|    8|          0|
    |kernel_data_V_39                    |   8|   0|    8|          0|
    |kernel_data_V_4                     |   8|   0|    8|          0|
    |kernel_data_V_40                    |   8|   0|    8|          0|
    |kernel_data_V_41                    |   8|   0|    8|          0|
    |kernel_data_V_42                    |   8|   0|    8|          0|
    |kernel_data_V_43                    |   8|   0|    8|          0|
    |kernel_data_V_44                    |   8|   0|    8|          0|
    |kernel_data_V_45                    |   8|   0|    8|          0|
    |kernel_data_V_46                    |   8|   0|    8|          0|
    |kernel_data_V_47                    |   8|   0|    8|          0|
    |kernel_data_V_48                    |   8|   0|    8|          0|
    |kernel_data_V_49                    |   8|   0|    8|          0|
    |kernel_data_V_5                     |   8|   0|    8|          0|
    |kernel_data_V_50                    |   8|   0|    8|          0|
    |kernel_data_V_51                    |   8|   0|    8|          0|
    |kernel_data_V_52                    |   8|   0|    8|          0|
    |kernel_data_V_53                    |   8|   0|    8|          0|
    |kernel_data_V_54                    |   8|   0|    8|          0|
    |kernel_data_V_55                    |   8|   0|    8|          0|
    |kernel_data_V_56                    |   8|   0|    8|          0|
    |kernel_data_V_57                    |   8|   0|    8|          0|
    |kernel_data_V_58                    |   8|   0|    8|          0|
    |kernel_data_V_59                    |   8|   0|    8|          0|
    |kernel_data_V_6                     |   8|   0|    8|          0|
    |kernel_data_V_60                    |   8|   0|    8|          0|
    |kernel_data_V_61                    |   8|   0|    8|          0|
    |kernel_data_V_62                    |   8|   0|    8|          0|
    |kernel_data_V_63                    |   8|   0|    8|          0|
    |kernel_data_V_64                    |   8|   0|    8|          0|
    |kernel_data_V_65                    |   8|   0|    8|          0|
    |kernel_data_V_66                    |   8|   0|    8|          0|
    |kernel_data_V_67                    |   8|   0|    8|          0|
    |kernel_data_V_68                    |   8|   0|    8|          0|
    |kernel_data_V_69                    |   8|   0|    8|          0|
    |kernel_data_V_7                     |   8|   0|    8|          0|
    |kernel_data_V_70                    |   8|   0|    8|          0|
    |kernel_data_V_71                    |   8|   0|    8|          0|
    |kernel_data_V_72                    |   8|   0|    8|          0|
    |kernel_data_V_73                    |   8|   0|    8|          0|
    |kernel_data_V_74                    |   8|   0|    8|          0|
    |kernel_data_V_75                    |   8|   0|    8|          0|
    |kernel_data_V_76                    |   8|   0|    8|          0|
    |kernel_data_V_77                    |   8|   0|    8|          0|
    |kernel_data_V_78                    |   8|   0|    8|          0|
    |kernel_data_V_79                    |   8|   0|    8|          0|
    |kernel_data_V_8                     |   8|   0|    8|          0|
    |kernel_data_V_80                    |   8|   0|    8|          0|
    |kernel_data_V_81                    |   8|   0|    8|          0|
    |kernel_data_V_82                    |   8|   0|    8|          0|
    |kernel_data_V_83                    |   8|   0|    8|          0|
    |kernel_data_V_84                    |   8|   0|    8|          0|
    |kernel_data_V_85                    |   8|   0|    8|          0|
    |kernel_data_V_86                    |   8|   0|    8|          0|
    |kernel_data_V_87                    |   8|   0|    8|          0|
    |kernel_data_V_88                    |   8|   0|    8|          0|
    |kernel_data_V_89                    |   8|   0|    8|          0|
    |kernel_data_V_9                     |   8|   0|    8|          0|
    |kernel_data_V_90                    |   8|   0|    8|          0|
    |kernel_data_V_91                    |   8|   0|    8|          0|
    |kernel_data_V_92                    |   8|   0|    8|          0|
    |kernel_data_V_93                    |   8|   0|    8|          0|
    |kernel_data_V_94                    |   8|   0|    8|          0|
    |kernel_data_V_95                    |   8|   0|    8|          0|
    |kernel_data_V_96                    |   8|   0|    8|          0|
    |kernel_data_V_97                    |   8|   0|    8|          0|
    |kernel_data_V_98                    |   8|   0|    8|          0|
    |kernel_data_V_99                    |   8|   0|    8|          0|
    |out_index_reg_13370                 |   5|   0|    5|          0|
    |pX_2                                |  32|   0|   32|          0|
    |pX_2_load_reg_13336                 |  32|   0|   32|          0|
    |pY_2                                |  32|   0|   32|          0|
    |pY_2_load_reg_13330                 |  32|   0|   32|          0|
    |p_Val2_100_reg_2254                 |  14|   0|   14|          0|
    |p_Val2_101_reg_2152                 |  14|   0|   14|          0|
    |p_Val2_102_reg_2050                 |  14|   0|   14|          0|
    |p_Val2_103_reg_1948                 |  14|   0|   14|          0|
    |p_Val2_104_reg_1846                 |  14|   0|   14|          0|
    |p_Val2_105_reg_1744                 |  14|   0|   14|          0|
    |p_Val2_106_reg_1642                 |  14|   0|   14|          0|
    |p_Val2_4480_reg_1301                |  14|   0|   14|          0|
    |p_Val2_4578_reg_1312                |  14|   0|   14|          0|
    |p_Val2_4676_reg_1323                |  14|   0|   14|          0|
    |p_Val2_4774_reg_1334                |  14|   0|   14|          0|
    |p_Val2_4872_reg_1345                |  14|   0|   14|          0|
    |p_Val2_4970_reg_1356                |  14|   0|   14|          0|
    |p_Val2_5068_reg_1367                |  14|   0|   14|          0|
    |p_Val2_5166_reg_1378                |  14|   0|   14|          0|
    |p_Val2_5264_reg_1389                |  14|   0|   14|          0|
    |p_Val2_5362_reg_1400                |  14|   0|   14|          0|
    |p_Val2_5460_reg_1411                |  14|   0|   14|          0|
    |p_Val2_5558_reg_1422                |  14|   0|   14|          0|
    |p_Val2_5656_reg_1433                |  14|   0|   14|          0|
    |p_Val2_5754_reg_1444                |  14|   0|   14|          0|
    |p_Val2_5852_reg_1455                |  14|   0|   14|          0|
    |p_Val2_5950_reg_1466                |  14|   0|   14|          0|
    |p_Val2_6048_reg_1477                |  14|   0|   14|          0|
    |p_Val2_6146_reg_1488                |  14|   0|   14|          0|
    |p_Val2_6244_reg_1499                |  14|   0|   14|          0|
    |p_Val2_6342_reg_1510                |  14|   0|   14|          0|
    |p_Val2_6440_reg_1521                |  14|   0|   14|          0|
    |p_Val2_6538_reg_1532                |  14|   0|   14|          0|
    |p_Val2_6636_reg_1543                |  14|   0|   14|          0|
    |p_Val2_6734_reg_1554                |  14|   0|   14|          0|
    |p_Val2_6832_reg_1565                |  14|   0|   14|          0|
    |p_Val2_6930_reg_1576                |  14|   0|   14|          0|
    |p_Val2_7028_reg_1587                |  14|   0|   14|          0|
    |p_Val2_7126_reg_1598                |  14|   0|   14|          0|
    |p_Val2_7224_reg_1609                |  14|   0|   14|          0|
    |p_Val2_7322_reg_1620                |  14|   0|   14|          0|
    |p_Val2_7420_reg_1631                |  14|   0|   14|          0|
    |p_Val2_75_reg_4804                  |  14|   0|   14|          0|
    |p_Val2_76_reg_4702                  |  14|   0|   14|          0|
    |p_Val2_77_reg_4600                  |  14|   0|   14|          0|
    |p_Val2_78_reg_4498                  |  14|   0|   14|          0|
    |p_Val2_79_reg_4396                  |  14|   0|   14|          0|
    |p_Val2_80_reg_4294                  |  14|   0|   14|          0|
    |p_Val2_81_reg_4192                  |  14|   0|   14|          0|
    |p_Val2_82_226_reg_4090              |  14|   0|   14|          0|
    |p_Val2_82_reg_1290                  |  14|   0|   14|          0|
    |p_Val2_83_reg_3988                  |  14|   0|   14|          0|
    |p_Val2_84_reg_3886                  |  14|   0|   14|          0|
    |p_Val2_85_reg_3784                  |  14|   0|   14|          0|
    |p_Val2_86_reg_3682                  |  14|   0|   14|          0|
    |p_Val2_87_reg_3580                  |  14|   0|   14|          0|
    |p_Val2_88_reg_3478                  |  14|   0|   14|          0|
    |p_Val2_89_reg_3376                  |  14|   0|   14|          0|
    |p_Val2_90_reg_3274                  |  14|   0|   14|          0|
    |p_Val2_91_reg_3172                  |  14|   0|   14|          0|
    |p_Val2_92_reg_3070                  |  14|   0|   14|          0|
    |p_Val2_93_reg_2968                  |  14|   0|   14|          0|
    |p_Val2_94_reg_2866                  |  14|   0|   14|          0|
    |p_Val2_95_reg_2764                  |  14|   0|   14|          0|
    |p_Val2_96_reg_2662                  |  14|   0|   14|          0|
    |p_Val2_97_reg_2560                  |  14|   0|   14|          0|
    |p_Val2_98_reg_2458                  |  14|   0|   14|          0|
    |p_Val2_99_reg_2356                  |  14|   0|   14|          0|
    |sX_2                                |  32|   0|   32|          0|
    |sX_2_load_reg_13310                 |  32|   0|   32|          0|
    |sY_2                                |  32|   0|   32|          0|
    |sY_2_load_reg_13320                 |  32|   0|   32|          0|
    |select_ln404_reg_13385              |  32|   0|   32|          0|
    |start_once_reg                      |   1|   0|    1|          0|
    |tmp_6_reg_13375                     |   8|   0|    8|          0|
    |w8_V_load_reg_13380                 |   5|   0|    5|          0|
    |w_index84_reg_1268                  |  14|   0|   14|          0|
    |w_index_reg_13361                   |  14|   0|   14|          0|
    +------------------------------------+----+----+-----+-----------+
    |Total                               |3594|   0| 3594|          0|
    +------------------------------------+----+----+-----+-----------+



================================================================
== Interface
================================================================
* Summary: 
+--------------------------+-----+-----+------------+------------------------------------------------+--------------+
|         RTL Ports        | Dir | Bits|  Protocol  |                  Source Object                 |    C Type    |
+--------------------------+-----+-----+------------+------------------------------------------------+--------------+
|ap_clk                    |  in |    1| ap_ctrl_hs | conv_2d_cl<array,array<ap_fixed,32u>,config10> | return value |
|ap_rst                    |  in |    1| ap_ctrl_hs | conv_2d_cl<array,array<ap_fixed,32u>,config10> | return value |
|ap_start                  |  in |    1| ap_ctrl_hs | conv_2d_cl<array,array<ap_fixed,32u>,config10> | return value |
|start_full_n              |  in |    1| ap_ctrl_hs | conv_2d_cl<array,array<ap_fixed,32u>,config10> | return value |
|ap_done                   | out |    1| ap_ctrl_hs | conv_2d_cl<array,array<ap_fixed,32u>,config10> | return value |
|ap_continue               |  in |    1| ap_ctrl_hs | conv_2d_cl<array,array<ap_fixed,32u>,config10> | return value |
|ap_idle                   | out |    1| ap_ctrl_hs | conv_2d_cl<array,array<ap_fixed,32u>,config10> | return value |
|ap_ready                  | out |    1| ap_ctrl_hs | conv_2d_cl<array,array<ap_fixed,32u>,config10> | return value |
|start_out                 | out |    1| ap_ctrl_hs | conv_2d_cl<array,array<ap_fixed,32u>,config10> | return value |
|start_write               | out |    1| ap_ctrl_hs | conv_2d_cl<array,array<ap_fixed,32u>,config10> | return value |
|data_V_data_0_V_dout      |  in |    8|   ap_fifo  |                 data_V_data_0_V                |    pointer   |
|data_V_data_0_V_empty_n   |  in |    1|   ap_fifo  |                 data_V_data_0_V                |    pointer   |
|data_V_data_0_V_read      | out |    1|   ap_fifo  |                 data_V_data_0_V                |    pointer   |
|data_V_data_1_V_dout      |  in |    8|   ap_fifo  |                 data_V_data_1_V                |    pointer   |
|data_V_data_1_V_empty_n   |  in |    1|   ap_fifo  |                 data_V_data_1_V                |    pointer   |
|data_V_data_1_V_read      | out |    1|   ap_fifo  |                 data_V_data_1_V                |    pointer   |
|data_V_data_2_V_dout      |  in |    8|   ap_fifo  |                 data_V_data_2_V                |    pointer   |
|data_V_data_2_V_empty_n   |  in |    1|   ap_fifo  |                 data_V_data_2_V                |    pointer   |
|data_V_data_2_V_read      | out |    1|   ap_fifo  |                 data_V_data_2_V                |    pointer   |
|data_V_data_3_V_dout      |  in |    8|   ap_fifo  |                 data_V_data_3_V                |    pointer   |
|data_V_data_3_V_empty_n   |  in |    1|   ap_fifo  |                 data_V_data_3_V                |    pointer   |
|data_V_data_3_V_read      | out |    1|   ap_fifo  |                 data_V_data_3_V                |    pointer   |
|data_V_data_4_V_dout      |  in |    8|   ap_fifo  |                 data_V_data_4_V                |    pointer   |
|data_V_data_4_V_empty_n   |  in |    1|   ap_fifo  |                 data_V_data_4_V                |    pointer   |
|data_V_data_4_V_read      | out |    1|   ap_fifo  |                 data_V_data_4_V                |    pointer   |
|data_V_data_5_V_dout      |  in |    8|   ap_fifo  |                 data_V_data_5_V                |    pointer   |
|data_V_data_5_V_empty_n   |  in |    1|   ap_fifo  |                 data_V_data_5_V                |    pointer   |
|data_V_data_5_V_read      | out |    1|   ap_fifo  |                 data_V_data_5_V                |    pointer   |
|data_V_data_6_V_dout      |  in |    8|   ap_fifo  |                 data_V_data_6_V                |    pointer   |
|data_V_data_6_V_empty_n   |  in |    1|   ap_fifo  |                 data_V_data_6_V                |    pointer   |
|data_V_data_6_V_read      | out |    1|   ap_fifo  |                 data_V_data_6_V                |    pointer   |
|data_V_data_7_V_dout      |  in |    8|   ap_fifo  |                 data_V_data_7_V                |    pointer   |
|data_V_data_7_V_empty_n   |  in |    1|   ap_fifo  |                 data_V_data_7_V                |    pointer   |
|data_V_data_7_V_read      | out |    1|   ap_fifo  |                 data_V_data_7_V                |    pointer   |
|data_V_data_8_V_dout      |  in |    8|   ap_fifo  |                 data_V_data_8_V                |    pointer   |
|data_V_data_8_V_empty_n   |  in |    1|   ap_fifo  |                 data_V_data_8_V                |    pointer   |
|data_V_data_8_V_read      | out |    1|   ap_fifo  |                 data_V_data_8_V                |    pointer   |
|data_V_data_9_V_dout      |  in |    8|   ap_fifo  |                 data_V_data_9_V                |    pointer   |
|data_V_data_9_V_empty_n   |  in |    1|   ap_fifo  |                 data_V_data_9_V                |    pointer   |
|data_V_data_9_V_read      | out |    1|   ap_fifo  |                 data_V_data_9_V                |    pointer   |
|data_V_data_10_V_dout     |  in |    8|   ap_fifo  |                data_V_data_10_V                |    pointer   |
|data_V_data_10_V_empty_n  |  in |    1|   ap_fifo  |                data_V_data_10_V                |    pointer   |
|data_V_data_10_V_read     | out |    1|   ap_fifo  |                data_V_data_10_V                |    pointer   |
|data_V_data_11_V_dout     |  in |    8|   ap_fifo  |                data_V_data_11_V                |    pointer   |
|data_V_data_11_V_empty_n  |  in |    1|   ap_fifo  |                data_V_data_11_V                |    pointer   |
|data_V_data_11_V_read     | out |    1|   ap_fifo  |                data_V_data_11_V                |    pointer   |
|data_V_data_12_V_dout     |  in |    8|   ap_fifo  |                data_V_data_12_V                |    pointer   |
|data_V_data_12_V_empty_n  |  in |    1|   ap_fifo  |                data_V_data_12_V                |    pointer   |
|data_V_data_12_V_read     | out |    1|   ap_fifo  |                data_V_data_12_V                |    pointer   |
|data_V_data_13_V_dout     |  in |    8|   ap_fifo  |                data_V_data_13_V                |    pointer   |
|data_V_data_13_V_empty_n  |  in |    1|   ap_fifo  |                data_V_data_13_V                |    pointer   |
|data_V_data_13_V_read     | out |    1|   ap_fifo  |                data_V_data_13_V                |    pointer   |
|data_V_data_14_V_dout     |  in |    8|   ap_fifo  |                data_V_data_14_V                |    pointer   |
|data_V_data_14_V_empty_n  |  in |    1|   ap_fifo  |                data_V_data_14_V                |    pointer   |
|data_V_data_14_V_read     | out |    1|   ap_fifo  |                data_V_data_14_V                |    pointer   |
|data_V_data_15_V_dout     |  in |    8|   ap_fifo  |                data_V_data_15_V                |    pointer   |
|data_V_data_15_V_empty_n  |  in |    1|   ap_fifo  |                data_V_data_15_V                |    pointer   |
|data_V_data_15_V_read     | out |    1|   ap_fifo  |                data_V_data_15_V                |    pointer   |
|data_V_data_16_V_dout     |  in |    8|   ap_fifo  |                data_V_data_16_V                |    pointer   |
|data_V_data_16_V_empty_n  |  in |    1|   ap_fifo  |                data_V_data_16_V                |    pointer   |
|data_V_data_16_V_read     | out |    1|   ap_fifo  |                data_V_data_16_V                |    pointer   |
|data_V_data_17_V_dout     |  in |    8|   ap_fifo  |                data_V_data_17_V                |    pointer   |
|data_V_data_17_V_empty_n  |  in |    1|   ap_fifo  |                data_V_data_17_V                |    pointer   |
|data_V_data_17_V_read     | out |    1|   ap_fifo  |                data_V_data_17_V                |    pointer   |
|data_V_data_18_V_dout     |  in |    8|   ap_fifo  |                data_V_data_18_V                |    pointer   |
|data_V_data_18_V_empty_n  |  in |    1|   ap_fifo  |                data_V_data_18_V                |    pointer   |
|data_V_data_18_V_read     | out |    1|   ap_fifo  |                data_V_data_18_V                |    pointer   |
|data_V_data_19_V_dout     |  in |    8|   ap_fifo  |                data_V_data_19_V                |    pointer   |
|data_V_data_19_V_empty_n  |  in |    1|   ap_fifo  |                data_V_data_19_V                |    pointer   |
|data_V_data_19_V_read     | out |    1|   ap_fifo  |                data_V_data_19_V                |    pointer   |
|data_V_data_20_V_dout     |  in |    8|   ap_fifo  |                data_V_data_20_V                |    pointer   |
|data_V_data_20_V_empty_n  |  in |    1|   ap_fifo  |                data_V_data_20_V                |    pointer   |
|data_V_data_20_V_read     | out |    1|   ap_fifo  |                data_V_data_20_V                |    pointer   |
|data_V_data_21_V_dout     |  in |    8|   ap_fifo  |                data_V_data_21_V                |    pointer   |
|data_V_data_21_V_empty_n  |  in |    1|   ap_fifo  |                data_V_data_21_V                |    pointer   |
|data_V_data_21_V_read     | out |    1|   ap_fifo  |                data_V_data_21_V                |    pointer   |
|data_V_data_22_V_dout     |  in |    8|   ap_fifo  |                data_V_data_22_V                |    pointer   |
|data_V_data_22_V_empty_n  |  in |    1|   ap_fifo  |                data_V_data_22_V                |    pointer   |
|data_V_data_22_V_read     | out |    1|   ap_fifo  |                data_V_data_22_V                |    pointer   |
|data_V_data_23_V_dout     |  in |    8|   ap_fifo  |                data_V_data_23_V                |    pointer   |
|data_V_data_23_V_empty_n  |  in |    1|   ap_fifo  |                data_V_data_23_V                |    pointer   |
|data_V_data_23_V_read     | out |    1|   ap_fifo  |                data_V_data_23_V                |    pointer   |
|data_V_data_24_V_dout     |  in |    8|   ap_fifo  |                data_V_data_24_V                |    pointer   |
|data_V_data_24_V_empty_n  |  in |    1|   ap_fifo  |                data_V_data_24_V                |    pointer   |
|data_V_data_24_V_read     | out |    1|   ap_fifo  |                data_V_data_24_V                |    pointer   |
|data_V_data_25_V_dout     |  in |    8|   ap_fifo  |                data_V_data_25_V                |    pointer   |
|data_V_data_25_V_empty_n  |  in |    1|   ap_fifo  |                data_V_data_25_V                |    pointer   |
|data_V_data_25_V_read     | out |    1|   ap_fifo  |                data_V_data_25_V                |    pointer   |
|data_V_data_26_V_dout     |  in |    8|   ap_fifo  |                data_V_data_26_V                |    pointer   |
|data_V_data_26_V_empty_n  |  in |    1|   ap_fifo  |                data_V_data_26_V                |    pointer   |
|data_V_data_26_V_read     | out |    1|   ap_fifo  |                data_V_data_26_V                |    pointer   |
|data_V_data_27_V_dout     |  in |    8|   ap_fifo  |                data_V_data_27_V                |    pointer   |
|data_V_data_27_V_empty_n  |  in |    1|   ap_fifo  |                data_V_data_27_V                |    pointer   |
|data_V_data_27_V_read     | out |    1|   ap_fifo  |                data_V_data_27_V                |    pointer   |
|data_V_data_28_V_dout     |  in |    8|   ap_fifo  |                data_V_data_28_V                |    pointer   |
|data_V_data_28_V_empty_n  |  in |    1|   ap_fifo  |                data_V_data_28_V                |    pointer   |
|data_V_data_28_V_read     | out |    1|   ap_fifo  |                data_V_data_28_V                |    pointer   |
|data_V_data_29_V_dout     |  in |    8|   ap_fifo  |                data_V_data_29_V                |    pointer   |
|data_V_data_29_V_empty_n  |  in |    1|   ap_fifo  |                data_V_data_29_V                |    pointer   |
|data_V_data_29_V_read     | out |    1|   ap_fifo  |                data_V_data_29_V                |    pointer   |
|data_V_data_30_V_dout     |  in |    8|   ap_fifo  |                data_V_data_30_V                |    pointer   |
|data_V_data_30_V_empty_n  |  in |    1|   ap_fifo  |                data_V_data_30_V                |    pointer   |
|data_V_data_30_V_read     | out |    1|   ap_fifo  |                data_V_data_30_V                |    pointer   |
|data_V_data_31_V_dout     |  in |    8|   ap_fifo  |                data_V_data_31_V                |    pointer   |
|data_V_data_31_V_empty_n  |  in |    1|   ap_fifo  |                data_V_data_31_V                |    pointer   |
|data_V_data_31_V_read     | out |    1|   ap_fifo  |                data_V_data_31_V                |    pointer   |
|res_V_data_0_V_din        | out |    8|   ap_fifo  |                 res_V_data_0_V                 |    pointer   |
|res_V_data_0_V_full_n     |  in |    1|   ap_fifo  |                 res_V_data_0_V                 |    pointer   |
|res_V_data_0_V_write      | out |    1|   ap_fifo  |                 res_V_data_0_V                 |    pointer   |
|res_V_data_1_V_din        | out |    8|   ap_fifo  |                 res_V_data_1_V                 |    pointer   |
|res_V_data_1_V_full_n     |  in |    1|   ap_fifo  |                 res_V_data_1_V                 |    pointer   |
|res_V_data_1_V_write      | out |    1|   ap_fifo  |                 res_V_data_1_V                 |    pointer   |
|res_V_data_2_V_din        | out |    8|   ap_fifo  |                 res_V_data_2_V                 |    pointer   |
|res_V_data_2_V_full_n     |  in |    1|   ap_fifo  |                 res_V_data_2_V                 |    pointer   |
|res_V_data_2_V_write      | out |    1|   ap_fifo  |                 res_V_data_2_V                 |    pointer   |
|res_V_data_3_V_din        | out |    8|   ap_fifo  |                 res_V_data_3_V                 |    pointer   |
|res_V_data_3_V_full_n     |  in |    1|   ap_fifo  |                 res_V_data_3_V                 |    pointer   |
|res_V_data_3_V_write      | out |    1|   ap_fifo  |                 res_V_data_3_V                 |    pointer   |
|res_V_data_4_V_din        | out |    8|   ap_fifo  |                 res_V_data_4_V                 |    pointer   |
|res_V_data_4_V_full_n     |  in |    1|   ap_fifo  |                 res_V_data_4_V                 |    pointer   |
|res_V_data_4_V_write      | out |    1|   ap_fifo  |                 res_V_data_4_V                 |    pointer   |
|res_V_data_5_V_din        | out |    8|   ap_fifo  |                 res_V_data_5_V                 |    pointer   |
|res_V_data_5_V_full_n     |  in |    1|   ap_fifo  |                 res_V_data_5_V                 |    pointer   |
|res_V_data_5_V_write      | out |    1|   ap_fifo  |                 res_V_data_5_V                 |    pointer   |
|res_V_data_6_V_din        | out |    8|   ap_fifo  |                 res_V_data_6_V                 |    pointer   |
|res_V_data_6_V_full_n     |  in |    1|   ap_fifo  |                 res_V_data_6_V                 |    pointer   |
|res_V_data_6_V_write      | out |    1|   ap_fifo  |                 res_V_data_6_V                 |    pointer   |
|res_V_data_7_V_din        | out |    8|   ap_fifo  |                 res_V_data_7_V                 |    pointer   |
|res_V_data_7_V_full_n     |  in |    1|   ap_fifo  |                 res_V_data_7_V                 |    pointer   |
|res_V_data_7_V_write      | out |    1|   ap_fifo  |                 res_V_data_7_V                 |    pointer   |
|res_V_data_8_V_din        | out |    8|   ap_fifo  |                 res_V_data_8_V                 |    pointer   |
|res_V_data_8_V_full_n     |  in |    1|   ap_fifo  |                 res_V_data_8_V                 |    pointer   |
|res_V_data_8_V_write      | out |    1|   ap_fifo  |                 res_V_data_8_V                 |    pointer   |
|res_V_data_9_V_din        | out |    8|   ap_fifo  |                 res_V_data_9_V                 |    pointer   |
|res_V_data_9_V_full_n     |  in |    1|   ap_fifo  |                 res_V_data_9_V                 |    pointer   |
|res_V_data_9_V_write      | out |    1|   ap_fifo  |                 res_V_data_9_V                 |    pointer   |
|res_V_data_10_V_din       | out |    8|   ap_fifo  |                 res_V_data_10_V                |    pointer   |
|res_V_data_10_V_full_n    |  in |    1|   ap_fifo  |                 res_V_data_10_V                |    pointer   |
|res_V_data_10_V_write     | out |    1|   ap_fifo  |                 res_V_data_10_V                |    pointer   |
|res_V_data_11_V_din       | out |    8|   ap_fifo  |                 res_V_data_11_V                |    pointer   |
|res_V_data_11_V_full_n    |  in |    1|   ap_fifo  |                 res_V_data_11_V                |    pointer   |
|res_V_data_11_V_write     | out |    1|   ap_fifo  |                 res_V_data_11_V                |    pointer   |
|res_V_data_12_V_din       | out |    8|   ap_fifo  |                 res_V_data_12_V                |    pointer   |
|res_V_data_12_V_full_n    |  in |    1|   ap_fifo  |                 res_V_data_12_V                |    pointer   |
|res_V_data_12_V_write     | out |    1|   ap_fifo  |                 res_V_data_12_V                |    pointer   |
|res_V_data_13_V_din       | out |    8|   ap_fifo  |                 res_V_data_13_V                |    pointer   |
|res_V_data_13_V_full_n    |  in |    1|   ap_fifo  |                 res_V_data_13_V                |    pointer   |
|res_V_data_13_V_write     | out |    1|   ap_fifo  |                 res_V_data_13_V                |    pointer   |
|res_V_data_14_V_din       | out |    8|   ap_fifo  |                 res_V_data_14_V                |    pointer   |
|res_V_data_14_V_full_n    |  in |    1|   ap_fifo  |                 res_V_data_14_V                |    pointer   |
|res_V_data_14_V_write     | out |    1|   ap_fifo  |                 res_V_data_14_V                |    pointer   |
|res_V_data_15_V_din       | out |    8|   ap_fifo  |                 res_V_data_15_V                |    pointer   |
|res_V_data_15_V_full_n    |  in |    1|   ap_fifo  |                 res_V_data_15_V                |    pointer   |
|res_V_data_15_V_write     | out |    1|   ap_fifo  |                 res_V_data_15_V                |    pointer   |
|res_V_data_16_V_din       | out |    8|   ap_fifo  |                 res_V_data_16_V                |    pointer   |
|res_V_data_16_V_full_n    |  in |    1|   ap_fifo  |                 res_V_data_16_V                |    pointer   |
|res_V_data_16_V_write     | out |    1|   ap_fifo  |                 res_V_data_16_V                |    pointer   |
|res_V_data_17_V_din       | out |    8|   ap_fifo  |                 res_V_data_17_V                |    pointer   |
|res_V_data_17_V_full_n    |  in |    1|   ap_fifo  |                 res_V_data_17_V                |    pointer   |
|res_V_data_17_V_write     | out |    1|   ap_fifo  |                 res_V_data_17_V                |    pointer   |
|res_V_data_18_V_din       | out |    8|   ap_fifo  |                 res_V_data_18_V                |    pointer   |
|res_V_data_18_V_full_n    |  in |    1|   ap_fifo  |                 res_V_data_18_V                |    pointer   |
|res_V_data_18_V_write     | out |    1|   ap_fifo  |                 res_V_data_18_V                |    pointer   |
|res_V_data_19_V_din       | out |    8|   ap_fifo  |                 res_V_data_19_V                |    pointer   |
|res_V_data_19_V_full_n    |  in |    1|   ap_fifo  |                 res_V_data_19_V                |    pointer   |
|res_V_data_19_V_write     | out |    1|   ap_fifo  |                 res_V_data_19_V                |    pointer   |
|res_V_data_20_V_din       | out |    8|   ap_fifo  |                 res_V_data_20_V                |    pointer   |
|res_V_data_20_V_full_n    |  in |    1|   ap_fifo  |                 res_V_data_20_V                |    pointer   |
|res_V_data_20_V_write     | out |    1|   ap_fifo  |                 res_V_data_20_V                |    pointer   |
|res_V_data_21_V_din       | out |    8|   ap_fifo  |                 res_V_data_21_V                |    pointer   |
|res_V_data_21_V_full_n    |  in |    1|   ap_fifo  |                 res_V_data_21_V                |    pointer   |
|res_V_data_21_V_write     | out |    1|   ap_fifo  |                 res_V_data_21_V                |    pointer   |
|res_V_data_22_V_din       | out |    8|   ap_fifo  |                 res_V_data_22_V                |    pointer   |
|res_V_data_22_V_full_n    |  in |    1|   ap_fifo  |                 res_V_data_22_V                |    pointer   |
|res_V_data_22_V_write     | out |    1|   ap_fifo  |                 res_V_data_22_V                |    pointer   |
|res_V_data_23_V_din       | out |    8|   ap_fifo  |                 res_V_data_23_V                |    pointer   |
|res_V_data_23_V_full_n    |  in |    1|   ap_fifo  |                 res_V_data_23_V                |    pointer   |
|res_V_data_23_V_write     | out |    1|   ap_fifo  |                 res_V_data_23_V                |    pointer   |
|res_V_data_24_V_din       | out |    8|   ap_fifo  |                 res_V_data_24_V                |    pointer   |
|res_V_data_24_V_full_n    |  in |    1|   ap_fifo  |                 res_V_data_24_V                |    pointer   |
|res_V_data_24_V_write     | out |    1|   ap_fifo  |                 res_V_data_24_V                |    pointer   |
|res_V_data_25_V_din       | out |    8|   ap_fifo  |                 res_V_data_25_V                |    pointer   |
|res_V_data_25_V_full_n    |  in |    1|   ap_fifo  |                 res_V_data_25_V                |    pointer   |
|res_V_data_25_V_write     | out |    1|   ap_fifo  |                 res_V_data_25_V                |    pointer   |
|res_V_data_26_V_din       | out |    8|   ap_fifo  |                 res_V_data_26_V                |    pointer   |
|res_V_data_26_V_full_n    |  in |    1|   ap_fifo  |                 res_V_data_26_V                |    pointer   |
|res_V_data_26_V_write     | out |    1|   ap_fifo  |                 res_V_data_26_V                |    pointer   |
|res_V_data_27_V_din       | out |    8|   ap_fifo  |                 res_V_data_27_V                |    pointer   |
|res_V_data_27_V_full_n    |  in |    1|   ap_fifo  |                 res_V_data_27_V                |    pointer   |
|res_V_data_27_V_write     | out |    1|   ap_fifo  |                 res_V_data_27_V                |    pointer   |
|res_V_data_28_V_din       | out |    8|   ap_fifo  |                 res_V_data_28_V                |    pointer   |
|res_V_data_28_V_full_n    |  in |    1|   ap_fifo  |                 res_V_data_28_V                |    pointer   |
|res_V_data_28_V_write     | out |    1|   ap_fifo  |                 res_V_data_28_V                |    pointer   |
|res_V_data_29_V_din       | out |    8|   ap_fifo  |                 res_V_data_29_V                |    pointer   |
|res_V_data_29_V_full_n    |  in |    1|   ap_fifo  |                 res_V_data_29_V                |    pointer   |
|res_V_data_29_V_write     | out |    1|   ap_fifo  |                 res_V_data_29_V                |    pointer   |
|res_V_data_30_V_din       | out |    8|   ap_fifo  |                 res_V_data_30_V                |    pointer   |
|res_V_data_30_V_full_n    |  in |    1|   ap_fifo  |                 res_V_data_30_V                |    pointer   |
|res_V_data_30_V_write     | out |    1|   ap_fifo  |                 res_V_data_30_V                |    pointer   |
|res_V_data_31_V_din       | out |    8|   ap_fifo  |                 res_V_data_31_V                |    pointer   |
|res_V_data_31_V_full_n    |  in |    1|   ap_fifo  |                 res_V_data_31_V                |    pointer   |
|res_V_data_31_V_write     | out |    1|   ap_fifo  |                 res_V_data_31_V                |    pointer   |
+--------------------------+-----+-----+------------+------------------------------------------------+--------------+

