

================================================================
== Vivado HLS Report for 'conv_2d_cl_array_array_ap_fixed_32u_config7_s'
================================================================
* Date:           Tue Aug  9 17:17:58 2022

* Version:        2019.2.1 (Build 2724168 on Thu Dec 05 05:19:09 MST 2019)
* Project:        myproject_prj
* Solution:       solution1
* Product family: zynq
* Target device:  xc7z020-clg400-1


================================================================
== Performance Estimates
================================================================
+ Timing: 
    * Summary: 
    +--------+----------+----------+------------+
    |  Clock |  Target  | Estimated| Uncertainty|
    +--------+----------+----------+------------+
    |ap_clk  | 10.00 ns | 7.751 ns |   1.25 ns  |
    +--------+----------+----------+------------+

+ Latency: 
    * Summary: 
    +---------+---------+----------+----------+-----+--------+---------+
    |  Latency (cycles) |  Latency (absolute) |   Interval   | Pipeline|
    |   min   |   max   |    min   |    max   | min |   max  |   Type  |
    +---------+---------+----------+----------+-----+--------+---------+
    |      200|   922000| 2.000 us | 9.220 ms |  200|  922000|   none  |
    +---------+---------+----------+----------+-----+--------+---------+

    + Detail: 
        * Instance: 
        +-----------------------------------------------------------------+------------------------------------------------+---------+---------+----------+----------+-----+-----+----------+
        |                                                                 |                                                |  Latency (cycles) |  Latency (absolute) |  Interval | Pipeline |
        |                             Instance                            |                     Module                     |   min   |   max   |    min   |    max   | min | max |   Type   |
        +-----------------------------------------------------------------+------------------------------------------------+---------+---------+----------+----------+-----+-----+----------+
        |call_ret_shift_line_buffer_array_ap_fixed_32u_config7_s_fu_4922  |shift_line_buffer_array_ap_fixed_32u_config7_s  |        0|        0|   0 ns   |   0 ns   |    1|    1| function |
        +-----------------------------------------------------------------+------------------------------------------------+---------+---------+----------+----------+-----+-----+----------+

        * Loop: 
        +----------------------------------+---------+---------+----------+-----------+-----------+------+----------+
        |                                  |  Latency (cycles) | Iteration|  Initiation Interval  | Trip |          |
        |             Loop Name            |   min   |   max   |  Latency |  achieved |   target  | Count| Pipelined|
        +----------------------------------+---------+---------+----------+-----------+-----------+------+----------+
        |- ReadInputHeight_ReadInputWidth  |      199|   921999| 2 ~ 9220 |          -|          -|   100|    no    |
        | + ReuseLoop                      |     9217|     9217|         3|          1|          1|  9216|    yes   |
        +----------------------------------+---------+---------+----------+-----------+-----------+------+----------+



================================================================
== Utilization Estimates
================================================================
* Summary: 
+-----------------+---------+-------+--------+-------+-----+
|       Name      | BRAM_18K| DSP48E|   FF   |  LUT  | URAM|
+-----------------+---------+-------+--------+-------+-----+
|DSP              |        -|      -|       -|      -|    -|
|Expression       |        -|      0|       0|   1771|    -|
|FIFO             |        -|      -|       -|      -|    -|
|Instance         |        0|      -|    4097|   2158|    -|
|Memory           |       10|      -|       0|      0|    -|
|Multiplexer      |        -|      -|       -|   1965|    -|
|Register         |        -|      -|    3594|      -|    -|
+-----------------+---------+-------+--------+-------+-----+
|Total            |       10|      0|    7691|   5894|    0|
+-----------------+---------+-------+--------+-------+-----+
|Available        |      280|    220|  106400|  53200|    0|
+-----------------+---------+-------+--------+-------+-----+
|Utilization (%)  |        3|      0|       7|     11|    0|
+-----------------+---------+-------+--------+-------+-----+

+ Detail: 
    * Instance: 
    +-----------------------------------------------------------------+------------------------------------------------+---------+-------+------+------+-----+
    |                             Instance                            |                     Module                     | BRAM_18K| DSP48E|  FF  |  LUT | URAM|
    +-----------------------------------------------------------------+------------------------------------------------+---------+-------+------+------+-----+
    |myproject_axi_mux_2889_8_1_1_U365                                |myproject_axi_mux_2889_8_1_1                    |        0|      0|     0|    55|    0|
    |myproject_axi_mux_325_14_1_1_U366                                |myproject_axi_mux_325_14_1_1                    |        0|      0|     0|    55|    0|
    |call_ret_shift_line_buffer_array_ap_fixed_32u_config7_s_fu_4922  |shift_line_buffer_array_ap_fixed_32u_config7_s  |        0|      0|  4097|  2048|    0|
    +-----------------------------------------------------------------+------------------------------------------------+---------+-------+------+------+-----+
    |Total                                                            |                                                |        0|      0|  4097|  2158|    0|
    +-----------------------------------------------------------------+------------------------------------------------+---------+-------+------+------+-----+

    * DSP48E: 
    N/A

    * Memory: 
    +-----------+-------------------------------------------------------+---------+---+----+-----+------+-----+------+-------------+
    |   Memory  |                         Module                        | BRAM_18K| FF| LUT| URAM| Words| Bits| Banks| W*Bits*Banks|
    +-----------+-------------------------------------------------------+---------+---+----+-----+------+-----+------+-------------+
    |outidx2_U  |conv_2d_cl_array_array_ap_fixed_32u_config7_s_outidx2  |        5|  0|   0|    0|  9216|    5|     1|        46080|
    |w5_V_U     |conv_2d_cl_array_array_ap_fixed_32u_config7_s_w5_V     |        5|  0|   0|    0|  9216|    5|     1|        46080|
    +-----------+-------------------------------------------------------+---------+---+----+-----+------+-----+------+-------------+
    |Total      |                                                       |       10|  0|   0|    0| 18432|   10|     2|        92160|
    +-----------+-------------------------------------------------------+---------+---+----+-----+------+-----+------+-------------+

    * FIFO: 
    N/A

    * Expression: 
    +-----------------------------+----------+-------+---+----+------------+------------+
    |        Variable Name        | Operation| DSP48E| FF| LUT| Bitwidth P0| Bitwidth P1|
    +-----------------------------+----------+-------+---+----+------------+------------+
    |r_V_fu_10376_p2              |     *    |      0|  0|  41|           5|           8|
    |acc_0_V_fu_10465_p2          |     +    |      0|  0|  19|          14|          14|
    |add_ln301_fu_13274_p2        |     +    |      0|  0|  39|          32|           1|
    |add_ln303_fu_13285_p2        |     +    |      0|  0|  39|          32|           1|
    |add_ln306_fu_13228_p2        |     +    |      0|  0|  39|          32|           1|
    |add_ln308_fu_13239_p2        |     +    |      0|  0|  39|          32|           1|
    |add_ln78_fu_9356_p2          |     +    |      0|  0|  15|           7|           1|
    |in_index_fu_10350_p2         |     +    |      0|  0|  39|          32|           1|
    |w_index_fu_9368_p2           |     +    |      0|  0|  19|           1|          14|
    |and_ln272_1_fu_9344_p2       |    and   |      0|  0|   2|           1|           1|
    |and_ln272_2_fu_9350_p2       |    and   |      0|  0|   2|           1|           1|
    |and_ln272_fu_9338_p2         |    and   |      0|  0|   2|           1|           1|
    |ap_block_state6              |    and   |      0|  0|   2|           1|           1|
    |ap_condition_1411            |    and   |      0|  0|   2|           1|           1|
    |ap_condition_3815            |    and   |      0|  0|   2|           1|           1|
    |io_acc_block_signal_op1661   |    and   |      0|  0|   2|           1|           1|
    |io_acc_block_signal_op76     |    and   |      0|  0|   2|           1|           1|
    |icmp_ln1494_10_fu_11363_p2   |   icmp   |      0|  0|  13|           9|           1|
    |icmp_ln1494_11_fu_11448_p2   |   icmp   |      0|  0|  13|           9|           1|
    |icmp_ln1494_12_fu_11533_p2   |   icmp   |      0|  0|  13|           9|           1|
    |icmp_ln1494_13_fu_11618_p2   |   icmp   |      0|  0|  13|           9|           1|
    |icmp_ln1494_14_fu_11703_p2   |   icmp   |      0|  0|  13|           9|           1|
    |icmp_ln1494_15_fu_11788_p2   |   icmp   |      0|  0|  13|           9|           1|
    |icmp_ln1494_16_fu_11873_p2   |   icmp   |      0|  0|  13|           9|           1|
    |icmp_ln1494_17_fu_11958_p2   |   icmp   |      0|  0|  13|           9|           1|
    |icmp_ln1494_18_fu_12043_p2   |   icmp   |      0|  0|  13|           9|           1|
    |icmp_ln1494_19_fu_12128_p2   |   icmp   |      0|  0|  13|           9|           1|
    |icmp_ln1494_1_fu_10598_p2    |   icmp   |      0|  0|  13|           9|           1|
    |icmp_ln1494_20_fu_12213_p2   |   icmp   |      0|  0|  13|           9|           1|
    |icmp_ln1494_21_fu_12298_p2   |   icmp   |      0|  0|  13|           9|           1|
    |icmp_ln1494_22_fu_12383_p2   |   icmp   |      0|  0|  13|           9|           1|
    |icmp_ln1494_23_fu_12468_p2   |   icmp   |      0|  0|  13|           9|           1|
    |icmp_ln1494_24_fu_12553_p2   |   icmp   |      0|  0|  13|           9|           1|
    |icmp_ln1494_25_fu_12638_p2   |   icmp   |      0|  0|  13|           9|           1|
    |icmp_ln1494_26_fu_12723_p2   |   icmp   |      0|  0|  13|           9|           1|
    |icmp_ln1494_27_fu_12808_p2   |   icmp   |      0|  0|  13|           9|           1|
    |icmp_ln1494_28_fu_12893_p2   |   icmp   |      0|  0|  13|           9|           1|
    |icmp_ln1494_29_fu_12978_p2   |   icmp   |      0|  0|  13|           9|           1|
    |icmp_ln1494_2_fu_10683_p2    |   icmp   |      0|  0|  13|           9|           1|
    |icmp_ln1494_30_fu_13063_p2   |   icmp   |      0|  0|  13|           9|           1|
    |icmp_ln1494_31_fu_13148_p2   |   icmp   |      0|  0|  13|           9|           1|
    |icmp_ln1494_3_fu_10768_p2    |   icmp   |      0|  0|  13|           9|           1|
    |icmp_ln1494_4_fu_10853_p2    |   icmp   |      0|  0|  13|           9|           1|
    |icmp_ln1494_5_fu_10938_p2    |   icmp   |      0|  0|  13|           9|           1|
    |icmp_ln1494_6_fu_11023_p2    |   icmp   |      0|  0|  13|           9|           1|
    |icmp_ln1494_7_fu_11108_p2    |   icmp   |      0|  0|  13|           9|           1|
    |icmp_ln1494_8_fu_11193_p2    |   icmp   |      0|  0|  13|           9|           1|
    |icmp_ln1494_9_fu_11278_p2    |   icmp   |      0|  0|  13|           9|           1|
    |icmp_ln1494_fu_10513_p2      |   icmp   |      0|  0|  13|           9|           1|
    |icmp_ln272_1_fu_9292_p2      |   icmp   |      0|  0|  18|          32|           2|
    |icmp_ln272_2_fu_9312_p2      |   icmp   |      0|  0|  18|          31|           1|
    |icmp_ln272_3_fu_9332_p2      |   icmp   |      0|  0|  18|          31|           1|
    |icmp_ln272_fu_9282_p2        |   icmp   |      0|  0|  18|          32|           2|
    |icmp_ln293_fu_13223_p2       |   icmp   |      0|  0|  18|          32|           4|
    |icmp_ln297_fu_13269_p2       |   icmp   |      0|  0|  18|          32|           4|
    |icmp_ln387_fu_9374_p2        |   icmp   |      0|  0|  13|          14|          14|
    |icmp_ln404_fu_10356_p2       |   icmp   |      0|  0|  18|          32|           9|
    |icmp_ln785_10_fu_11405_p2    |   icmp   |      0|  0|   9|           3|           1|
    |icmp_ln785_11_fu_11490_p2    |   icmp   |      0|  0|   9|           3|           1|
    |icmp_ln785_12_fu_11575_p2    |   icmp   |      0|  0|   9|           3|           1|
    |icmp_ln785_13_fu_11660_p2    |   icmp   |      0|  0|   9|           3|           1|
    |icmp_ln785_14_fu_11745_p2    |   icmp   |      0|  0|   9|           3|           1|
    |icmp_ln785_15_fu_11830_p2    |   icmp   |      0|  0|   9|           3|           1|
    |icmp_ln785_16_fu_11915_p2    |   icmp   |      0|  0|   9|           3|           1|
    |icmp_ln785_17_fu_12000_p2    |   icmp   |      0|  0|   9|           3|           1|
    |icmp_ln785_18_fu_12085_p2    |   icmp   |      0|  0|   9|           3|           1|
    |icmp_ln785_19_fu_12170_p2    |   icmp   |      0|  0|   9|           3|           1|
    |icmp_ln785_1_fu_10640_p2     |   icmp   |      0|  0|   9|           3|           1|
    |icmp_ln785_20_fu_12255_p2    |   icmp   |      0|  0|   9|           3|           1|
    |icmp_ln785_21_fu_12340_p2    |   icmp   |      0|  0|   9|           3|           1|
    |icmp_ln785_22_fu_12425_p2    |   icmp   |      0|  0|   9|           3|           1|
    |icmp_ln785_23_fu_12510_p2    |   icmp   |      0|  0|   9|           3|           1|
    |icmp_ln785_24_fu_12595_p2    |   icmp   |      0|  0|   9|           3|           1|
    |icmp_ln785_25_fu_12680_p2    |   icmp   |      0|  0|   9|           3|           1|
    |icmp_ln785_26_fu_12765_p2    |   icmp   |      0|  0|   9|           3|           1|
    |icmp_ln785_27_fu_12850_p2    |   icmp   |      0|  0|   9|           3|           1|
    |icmp_ln785_28_fu_12935_p2    |   icmp   |      0|  0|   9|           3|           1|
    |icmp_ln785_29_fu_13020_p2    |   icmp   |      0|  0|   9|           3|           1|
    |icmp_ln785_2_fu_10725_p2     |   icmp   |      0|  0|   9|           3|           1|
    |icmp_ln785_30_fu_13105_p2    |   icmp   |      0|  0|   9|           3|           1|
    |icmp_ln785_31_fu_13190_p2    |   icmp   |      0|  0|   9|           3|           1|
    |icmp_ln785_3_fu_10810_p2     |   icmp   |      0|  0|   9|           3|           1|
    |icmp_ln785_4_fu_10895_p2     |   icmp   |      0|  0|   9|           3|           1|
    |icmp_ln785_5_fu_10980_p2     |   icmp   |      0|  0|   9|           3|           1|
    |icmp_ln785_6_fu_11065_p2     |   icmp   |      0|  0|   9|           3|           1|
    |icmp_ln785_7_fu_11150_p2     |   icmp   |      0|  0|   9|           3|           1|
    |icmp_ln785_8_fu_11235_p2     |   icmp   |      0|  0|   9|           3|           1|
    |icmp_ln785_9_fu_11320_p2     |   icmp   |      0|  0|   9|           3|           1|
    |icmp_ln785_fu_10555_p2       |   icmp   |      0|  0|   9|           3|           1|
    |icmp_ln78_fu_13310_p2        |   icmp   |      0|  0|  11|           7|           6|
    |ap_block_state1              |    or    |      0|  0|   2|           1|           1|
    |or_ln785_10_fu_11411_p2      |    or    |      0|  0|   2|           1|           1|
    |or_ln785_11_fu_11496_p2      |    or    |      0|  0|   2|           1|           1|
    |or_ln785_12_fu_11581_p2      |    or    |      0|  0|   2|           1|           1|
    |or_ln785_13_fu_11666_p2      |    or    |      0|  0|   2|           1|           1|
    |or_ln785_14_fu_11751_p2      |    or    |      0|  0|   2|           1|           1|
    |or_ln785_15_fu_11836_p2      |    or    |      0|  0|   2|           1|           1|
    |or_ln785_16_fu_11921_p2      |    or    |      0|  0|   2|           1|           1|
    |or_ln785_17_fu_12006_p2      |    or    |      0|  0|   2|           1|           1|
    |or_ln785_18_fu_12091_p2      |    or    |      0|  0|   2|           1|           1|
    |or_ln785_19_fu_12176_p2      |    or    |      0|  0|   2|           1|           1|
    |or_ln785_1_fu_10646_p2       |    or    |      0|  0|   2|           1|           1|
    |or_ln785_20_fu_12261_p2      |    or    |      0|  0|   2|           1|           1|
    |or_ln785_21_fu_12346_p2      |    or    |      0|  0|   2|           1|           1|
    |or_ln785_22_fu_12431_p2      |    or    |      0|  0|   2|           1|           1|
    |or_ln785_23_fu_12516_p2      |    or    |      0|  0|   2|           1|           1|
    |or_ln785_24_fu_12601_p2      |    or    |      0|  0|   2|           1|           1|
    |or_ln785_25_fu_12686_p2      |    or    |      0|  0|   2|           1|           1|
    |or_ln785_26_fu_12771_p2      |    or    |      0|  0|   2|           1|           1|
    |or_ln785_27_fu_12856_p2      |    or    |      0|  0|   2|           1|           1|
    |or_ln785_28_fu_12941_p2      |    or    |      0|  0|   2|           1|           1|
    |or_ln785_29_fu_13026_p2      |    or    |      0|  0|   2|           1|           1|
    |or_ln785_2_fu_10731_p2       |    or    |      0|  0|   2|           1|           1|
    |or_ln785_30_fu_13111_p2      |    or    |      0|  0|   2|           1|           1|
    |or_ln785_31_fu_13196_p2      |    or    |      0|  0|   2|           1|           1|
    |or_ln785_3_fu_10816_p2       |    or    |      0|  0|   2|           1|           1|
    |or_ln785_4_fu_10901_p2       |    or    |      0|  0|   2|           1|           1|
    |or_ln785_5_fu_10986_p2       |    or    |      0|  0|   2|           1|           1|
    |or_ln785_6_fu_11071_p2       |    or    |      0|  0|   2|           1|           1|
    |or_ln785_7_fu_11156_p2       |    or    |      0|  0|   2|           1|           1|
    |or_ln785_8_fu_11241_p2       |    or    |      0|  0|   2|           1|           1|
    |or_ln785_9_fu_11326_p2       |    or    |      0|  0|   2|           1|           1|
    |or_ln785_fu_10561_p2         |    or    |      0|  0|   2|           1|           1|
    |select_ln303_fu_13290_p3     |  select  |      0|  0|  32|           1|           2|
    |select_ln308_fu_13244_p3     |  select  |      0|  0|  32|           1|           2|
    |select_ln404_fu_10362_p3     |  select  |      0|  0|  32|           1|           1|
    |select_ln785_10_fu_11417_p3  |  select  |      0|  0|   7|           1|           2|
    |select_ln785_11_fu_11502_p3  |  select  |      0|  0|   7|           1|           2|
    |select_ln785_12_fu_11587_p3  |  select  |      0|  0|   7|           1|           2|
    |select_ln785_13_fu_11672_p3  |  select  |      0|  0|   7|           1|           2|
    |select_ln785_14_fu_11757_p3  |  select  |      0|  0|   7|           1|           2|
    |select_ln785_15_fu_11842_p3  |  select  |      0|  0|   7|           1|           2|
    |select_ln785_16_fu_11927_p3  |  select  |      0|  0|   7|           1|           2|
    |select_ln785_17_fu_12012_p3  |  select  |      0|  0|   7|           1|           2|
    |select_ln785_18_fu_12097_p3  |  select  |      0|  0|   7|           1|           2|
    |select_ln785_19_fu_12182_p3  |  select  |      0|  0|   7|           1|           2|
    |select_ln785_1_fu_10652_p3   |  select  |      0|  0|   7|           1|           2|
    |select_ln785_20_fu_12267_p3  |  select  |      0|  0|   7|           1|           2|
    |select_ln785_21_fu_12352_p3  |  select  |      0|  0|   7|           1|           2|
    |select_ln785_22_fu_12437_p3  |  select  |      0|  0|   7|           1|           2|
    |select_ln785_23_fu_12522_p3  |  select  |      0|  0|   7|           1|           2|
    |select_ln785_24_fu_12607_p3  |  select  |      0|  0|   7|           1|           2|
    |select_ln785_25_fu_12692_p3  |  select  |      0|  0|   7|           1|           2|
    |select_ln785_26_fu_12777_p3  |  select  |      0|  0|   7|           1|           2|
    |select_ln785_27_fu_12862_p3  |  select  |      0|  0|   7|           1|           2|
    |select_ln785_28_fu_12947_p3  |  select  |      0|  0|   7|           1|           2|
    |select_ln785_29_fu_13032_p3  |  select  |      0|  0|   7|           1|           2|
    |select_ln785_2_fu_10737_p3   |  select  |      0|  0|   7|           1|           2|
    |select_ln785_30_fu_13117_p3  |  select  |      0|  0|   7|           1|           2|
    |select_ln785_31_fu_13202_p3  |  select  |      0|  0|   7|           1|           2|
    |select_ln785_3_fu_10822_p3   |  select  |      0|  0|   7|           1|           2|
    |select_ln785_4_fu_10907_p3   |  select  |      0|  0|   7|           1|           2|
    |select_ln785_5_fu_10992_p3   |  select  |      0|  0|   7|           1|           2|
    |select_ln785_6_fu_11077_p3   |  select  |      0|  0|   7|           1|           2|
    |select_ln785_7_fu_11162_p3   |  select  |      0|  0|   7|           1|           2|
    |select_ln785_8_fu_11247_p3   |  select  |      0|  0|   7|           1|           2|
    |select_ln785_9_fu_11332_p3   |  select  |      0|  0|   7|           1|           2|
    |select_ln785_fu_10567_p3     |  select  |      0|  0|   7|           1|           2|
    |tmp_data_0_V_1_fu_10575_p3   |  select  |      0|  0|   7|           1|           7|
    |tmp_data_10_V_1_fu_11425_p3  |  select  |      0|  0|   7|           1|           7|
    |tmp_data_11_V_1_fu_11510_p3  |  select  |      0|  0|   7|           1|           7|
    |tmp_data_12_V_1_fu_11595_p3  |  select  |      0|  0|   7|           1|           7|
    |tmp_data_13_V_1_fu_11680_p3  |  select  |      0|  0|   7|           1|           7|
    |tmp_data_14_V_1_fu_11765_p3  |  select  |      0|  0|   7|           1|           7|
    |tmp_data_15_V_1_fu_11850_p3  |  select  |      0|  0|   7|           1|           7|
    |tmp_data_16_V_1_fu_11935_p3  |  select  |      0|  0|   7|           1|           7|
    |tmp_data_17_V_1_fu_12020_p3  |  select  |      0|  0|   7|           1|           7|
    |tmp_data_18_V_1_fu_12105_p3  |  select  |      0|  0|   7|           1|           7|
    |tmp_data_19_V_1_fu_12190_p3  |  select  |      0|  0|   7|           1|           7|
    |tmp_data_1_V_1_fu_10660_p3   |  select  |      0|  0|   7|           1|           7|
    |tmp_data_20_V_1_fu_12275_p3  |  select  |      0|  0|   7|           1|           7|
    |tmp_data_21_V_1_fu_12360_p3  |  select  |      0|  0|   7|           1|           7|
    |tmp_data_22_V_1_fu_12445_p3  |  select  |      0|  0|   7|           1|           7|
    |tmp_data_23_V_1_fu_12530_p3  |  select  |      0|  0|   7|           1|           7|
    |tmp_data_24_V_1_fu_12615_p3  |  select  |      0|  0|   7|           1|           7|
    |tmp_data_25_V_1_fu_12700_p3  |  select  |      0|  0|   7|           1|           7|
    |tmp_data_26_V_1_fu_12785_p3  |  select  |      0|  0|   7|           1|           7|
    |tmp_data_27_V_1_fu_12870_p3  |  select  |      0|  0|   7|           1|           7|
    |tmp_data_28_V_1_fu_12955_p3  |  select  |      0|  0|   7|           1|           7|
    |tmp_data_29_V_1_fu_13040_p3  |  select  |      0|  0|   7|           1|           7|
    |tmp_data_2_V_1_fu_10745_p3   |  select  |      0|  0|   7|           1|           7|
    |tmp_data_30_V_1_fu_13125_p3  |  select  |      0|  0|   7|           1|           7|
    |tmp_data_31_V_1_fu_13210_p3  |  select  |      0|  0|   7|           1|           7|
    |tmp_data_3_V_1_fu_10830_p3   |  select  |      0|  0|   7|           1|           7|
    |tmp_data_4_V_1_fu_10915_p3   |  select  |      0|  0|   7|           1|           7|
    |tmp_data_5_V_1_fu_11000_p3   |  select  |      0|  0|   7|           1|           7|
    |tmp_data_6_V_1_fu_11085_p3   |  select  |      0|  0|   7|           1|           7|
    |tmp_data_7_V_1_fu_11170_p3   |  select  |      0|  0|   7|           1|           7|
    |tmp_data_8_V_1_fu_11255_p3   |  select  |      0|  0|   7|           1|           7|
    |tmp_data_9_V_1_fu_11340_p3   |  select  |      0|  0|   7|           1|           7|
    |ap_enable_pp0                |    xor   |      0|  0|   2|           1|           2|
    +-----------------------------+----------+-------+---+----+------------+------------+
    |Total                        |          |      0|  0|1771|         923|         485|
    +-----------------------------+----------+-------+---+----+------------+------------+

    * Multiplexer: 
    +------------------------------------------------+----+-----------+-----+-----------+
    |                      Name                      | LUT| Input Size| Bits| Total Bits|
    +------------------------------------------------+----+-----------+-----+-----------+
    |ap_NS_fsm                                       |  27|          5|    1|          5|
    |ap_done                                         |   9|          2|    1|          2|
    |ap_enable_reg_pp0_iter2                         |   9|          2|    1|          2|
    |ap_phi_mux_in_index_0_i_i_i_i83_phi_fu_1289_p4  |   9|          2|   32|         64|
    |ap_phi_mux_p_Val2_11_phi_fu_4814_p64            |  15|          3|   14|         42|
    |ap_phi_mux_p_Val2_12_phi_fu_4712_p64            |  15|          3|   14|         42|
    |ap_phi_mux_p_Val2_13_phi_fu_4610_p64            |  15|          3|   14|         42|
    |ap_phi_mux_p_Val2_14_phi_fu_4508_p64            |  15|          3|   14|         42|
    |ap_phi_mux_p_Val2_15_phi_fu_4406_p64            |  15|          3|   14|         42|
    |ap_phi_mux_p_Val2_16_phi_fu_4304_p64            |  15|          3|   14|         42|
    |ap_phi_mux_p_Val2_17_phi_fu_4202_p64            |  15|          3|   14|         42|
    |ap_phi_mux_p_Val2_18_phi_fu_4100_p64            |  15|          3|   14|         42|
    |ap_phi_mux_p_Val2_19_phi_fu_3998_p64            |  15|          3|   14|         42|
    |ap_phi_mux_p_Val2_20_phi_fu_3896_p64            |  15|          3|   14|         42|
    |ap_phi_mux_p_Val2_21_phi_fu_3794_p64            |  15|          3|   14|         42|
    |ap_phi_mux_p_Val2_22_phi_fu_3692_p64            |  15|          3|   14|         42|
    |ap_phi_mux_p_Val2_23_phi_fu_3590_p64            |  15|          3|   14|         42|
    |ap_phi_mux_p_Val2_24_phi_fu_3488_p64            |  15|          3|   14|         42|
    |ap_phi_mux_p_Val2_25_phi_fu_3386_p64            |  15|          3|   14|         42|
    |ap_phi_mux_p_Val2_26_phi_fu_3284_p64            |  15|          3|   14|         42|
    |ap_phi_mux_p_Val2_27_phi_fu_3182_p64            |  15|          3|   14|         42|
    |ap_phi_mux_p_Val2_28_phi_fu_3080_p64            |  15|          3|   14|         42|
    |ap_phi_mux_p_Val2_29_phi_fu_2978_p64            |  15|          3|   14|         42|
    |ap_phi_mux_p_Val2_30_phi_fu_2876_p64            |  15|          3|   14|         42|
    |ap_phi_mux_p_Val2_31_phi_fu_2774_p64            |  15|          3|   14|         42|
    |ap_phi_mux_p_Val2_32_phi_fu_2672_p64            |  15|          3|   14|         42|
    |ap_phi_mux_p_Val2_33_phi_fu_2570_p64            |  15|          3|   14|         42|
    |ap_phi_mux_p_Val2_34_phi_fu_2468_p64            |  15|          3|   14|         42|
    |ap_phi_mux_p_Val2_35_phi_fu_2366_p64            |  15|          3|   14|         42|
    |ap_phi_mux_p_Val2_36_phi_fu_2264_p64            |  15|          3|   14|         42|
    |ap_phi_mux_p_Val2_37_phi_fu_2162_p64            |  15|          3|   14|         42|
    |ap_phi_mux_p_Val2_38_phi_fu_2060_p64            |  15|          3|   14|         42|
    |ap_phi_mux_p_Val2_39_phi_fu_1958_p64            |  15|          3|   14|         42|
    |ap_phi_mux_p_Val2_40_phi_fu_1856_p64            |  15|          3|   14|         42|
    |ap_phi_mux_p_Val2_41_phi_fu_1754_p64            |  15|          3|   14|         42|
    |ap_phi_mux_p_Val2_42_phi_fu_1652_p64            |  15|          3|   14|         42|
    |ap_phi_mux_storemerge_i_i_phi_fu_4915_p4        |  15|          3|   32|         96|
    |ap_phi_mux_w_index84_phi_fu_1278_p4             |   9|          2|   14|         28|
    |data_V_data_0_V_blk_n                           |   9|          2|    1|          2|
    |data_V_data_10_V_blk_n                          |   9|          2|    1|          2|
    |data_V_data_11_V_blk_n                          |   9|          2|    1|          2|
    |data_V_data_12_V_blk_n                          |   9|          2|    1|          2|
    |data_V_data_13_V_blk_n                          |   9|          2|    1|          2|
    |data_V_data_14_V_blk_n                          |   9|          2|    1|          2|
    |data_V_data_15_V_blk_n                          |   9|          2|    1|          2|
    |data_V_data_16_V_blk_n                          |   9|          2|    1|          2|
    |data_V_data_17_V_blk_n                          |   9|          2|    1|          2|
    |data_V_data_18_V_blk_n                          |   9|          2|    1|          2|
    |data_V_data_19_V_blk_n                          |   9|          2|    1|          2|
    |data_V_data_1_V_blk_n                           |   9|          2|    1|          2|
    |data_V_data_20_V_blk_n                          |   9|          2|    1|          2|
    |data_V_data_21_V_blk_n                          |   9|          2|    1|          2|
    |data_V_data_22_V_blk_n                          |   9|          2|    1|          2|
    |data_V_data_23_V_blk_n                          |   9|          2|    1|          2|
    |data_V_data_24_V_blk_n                          |   9|          2|    1|          2|
    |data_V_data_25_V_blk_n                          |   9|          2|    1|          2|
    |data_V_data_26_V_blk_n                          |   9|          2|    1|          2|
    |data_V_data_27_V_blk_n                          |   9|          2|    1|          2|
    |data_V_data_28_V_blk_n                          |   9|          2|    1|          2|
    |data_V_data_29_V_blk_n                          |   9|          2|    1|          2|
    |data_V_data_2_V_blk_n                           |   9|          2|    1|          2|
    |data_V_data_30_V_blk_n                          |   9|          2|    1|          2|
    |data_V_data_31_V_blk_n                          |   9|          2|    1|          2|
    |data_V_data_3_V_blk_n                           |   9|          2|    1|          2|
    |data_V_data_4_V_blk_n                           |   9|          2|    1|          2|
    |data_V_data_5_V_blk_n                           |   9|          2|    1|          2|
    |data_V_data_6_V_blk_n                           |   9|          2|    1|          2|
    |data_V_data_7_V_blk_n                           |   9|          2|    1|          2|
    |data_V_data_8_V_blk_n                           |   9|          2|    1|          2|
    |data_V_data_9_V_blk_n                           |   9|          2|    1|          2|
    |in_index_0_i_i_i_i83_reg_1285                   |   9|          2|   32|         64|
    |indvar_flatten85_reg_1262                       |   9|          2|    7|         14|
    |pX_1                                            |   9|          2|   32|         64|
    |pY_1                                            |   9|          2|   32|         64|
    |p_Val2_1180_reg_1307                            |   9|          2|   14|         28|
    |p_Val2_11_reg_4810                              |  15|          3|   14|         42|
    |p_Val2_1278_reg_1318                            |   9|          2|   14|         28|
    |p_Val2_12_reg_4708                              |  15|          3|   14|         42|
    |p_Val2_1376_reg_1329                            |   9|          2|   14|         28|
    |p_Val2_13_reg_4606                              |  15|          3|   14|         42|
    |p_Val2_1474_reg_1340                            |   9|          2|   14|         28|
    |p_Val2_14_reg_4504                              |  15|          3|   14|         42|
    |p_Val2_1572_reg_1351                            |   9|          2|   14|         28|
    |p_Val2_15_reg_4402                              |  15|          3|   14|         42|
    |p_Val2_1670_reg_1362                            |   9|          2|   14|         28|
    |p_Val2_16_reg_4300                              |  15|          3|   14|         42|
    |p_Val2_1768_reg_1373                            |   9|          2|   14|         28|
    |p_Val2_17_reg_4198                              |  15|          3|   14|         42|
    |p_Val2_1866_reg_1384                            |   9|          2|   14|         28|
    |p_Val2_18_reg_4096                              |  15|          3|   14|         42|
    |p_Val2_1964_reg_1395                            |   9|          2|   14|         28|
    |p_Val2_19_reg_3994                              |  15|          3|   14|         42|
    |p_Val2_2062_reg_1406                            |   9|          2|   14|         28|
    |p_Val2_20_reg_3892                              |  15|          3|   14|         42|
    |p_Val2_2160_reg_1417                            |   9|          2|   14|         28|
    |p_Val2_21_reg_3790                              |  15|          3|   14|         42|
    |p_Val2_2258_reg_1428                            |   9|          2|   14|         28|
    |p_Val2_22_reg_3688                              |  15|          3|   14|         42|
    |p_Val2_2356_reg_1439                            |   9|          2|   14|         28|
    |p_Val2_23_reg_3586                              |  15|          3|   14|         42|
    |p_Val2_2454_reg_1450                            |   9|          2|   14|         28|
    |p_Val2_24_reg_3484                              |  15|          3|   14|         42|
    |p_Val2_2552_reg_1461                            |   9|          2|   14|         28|
    |p_Val2_25_reg_3382                              |  15|          3|   14|         42|
    |p_Val2_2650_reg_1472                            |   9|          2|   14|         28|
    |p_Val2_26_reg_3280                              |  15|          3|   14|         42|
    |p_Val2_2748_reg_1483                            |   9|          2|   14|         28|
    |p_Val2_27_reg_3178                              |  15|          3|   14|         42|
    |p_Val2_2846_reg_1494                            |   9|          2|   14|         28|
    |p_Val2_28_reg_3076                              |  15|          3|   14|         42|
    |p_Val2_2944_reg_1505                            |   9|          2|   14|         28|
    |p_Val2_29_reg_2974                              |  15|          3|   14|         42|
    |p_Val2_3042_reg_1516                            |   9|          2|   14|         28|
    |p_Val2_30_reg_2872                              |  15|          3|   14|         42|
    |p_Val2_3140_reg_1527                            |   9|          2|   14|         28|
    |p_Val2_31_reg_2770                              |  15|          3|   14|         42|
    |p_Val2_3238_reg_1538                            |   9|          2|   14|         28|
    |p_Val2_32_reg_2668                              |  15|          3|   14|         42|
    |p_Val2_3336_reg_1549                            |   9|          2|   14|         28|
    |p_Val2_33_reg_2566                              |  15|          3|   14|         42|
    |p_Val2_3434_reg_1560                            |   9|          2|   14|         28|
    |p_Val2_34_reg_2464                              |  15|          3|   14|         42|
    |p_Val2_3532_reg_1571                            |   9|          2|   14|         28|
    |p_Val2_35_reg_2362                              |  15|          3|   14|         42|
    |p_Val2_3630_reg_1582                            |   9|          2|   14|         28|
    |p_Val2_36_reg_2260                              |  15|          3|   14|         42|
    |p_Val2_3728_reg_1593                            |   9|          2|   14|         28|
    |p_Val2_37_reg_2158                              |  15|          3|   14|         42|
    |p_Val2_3826_reg_1604                            |   9|          2|   14|         28|
    |p_Val2_38_reg_2056                              |  15|          3|   14|         42|
    |p_Val2_3924_reg_1615                            |   9|          2|   14|         28|
    |p_Val2_39_reg_1954                              |  15|          3|   14|         42|
    |p_Val2_4022_reg_1626                            |   9|          2|   14|         28|
    |p_Val2_40_reg_1852                              |  15|          3|   14|         42|
    |p_Val2_4120_reg_1637                            |   9|          2|   14|         28|
    |p_Val2_41_reg_1750                              |  15|          3|   14|         42|
    |p_Val2_42_reg_1648                              |  15|          3|   14|         42|
    |p_Val2_82_reg_1296                              |   9|          2|   14|         28|
    |real_start                                      |   9|          2|    1|          2|
    |res_V_data_0_V_blk_n                            |   9|          2|    1|          2|
    |res_V_data_10_V_blk_n                           |   9|          2|    1|          2|
    |res_V_data_11_V_blk_n                           |   9|          2|    1|          2|
    |res_V_data_12_V_blk_n                           |   9|          2|    1|          2|
    |res_V_data_13_V_blk_n                           |   9|          2|    1|          2|
    |res_V_data_14_V_blk_n                           |   9|          2|    1|          2|
    |res_V_data_15_V_blk_n                           |   9|          2|    1|          2|
    |res_V_data_16_V_blk_n                           |   9|          2|    1|          2|
    |res_V_data_17_V_blk_n                           |   9|          2|    1|          2|
    |res_V_data_18_V_blk_n                           |   9|          2|    1|          2|
    |res_V_data_19_V_blk_n                           |   9|          2|    1|          2|
    |res_V_data_1_V_blk_n                            |   9|          2|    1|          2|
    |res_V_data_20_V_blk_n                           |   9|          2|    1|          2|
    |res_V_data_21_V_blk_n                           |   9|          2|    1|          2|
    |res_V_data_22_V_blk_n                           |   9|          2|    1|          2|
    |res_V_data_23_V_blk_n                           |   9|          2|    1|          2|
    |res_V_data_24_V_blk_n                           |   9|          2|    1|          2|
    |res_V_data_25_V_blk_n                           |   9|          2|    1|          2|
    |res_V_data_26_V_blk_n                           |   9|          2|    1|          2|
    |res_V_data_27_V_blk_n                           |   9|          2|    1|          2|
    |res_V_data_28_V_blk_n                           |   9|          2|    1|          2|
    |res_V_data_29_V_blk_n                           |   9|          2|    1|          2|
    |res_V_data_2_V_blk_n                            |   9|          2|    1|          2|
    |res_V_data_30_V_blk_n                           |   9|          2|    1|          2|
    |res_V_data_31_V_blk_n                           |   9|          2|    1|          2|
    |res_V_data_3_V_blk_n                            |   9|          2|    1|          2|
    |res_V_data_4_V_blk_n                            |   9|          2|    1|          2|
    |res_V_data_5_V_blk_n                            |   9|          2|    1|          2|
    |res_V_data_6_V_blk_n                            |   9|          2|    1|          2|
    |res_V_data_7_V_blk_n                            |   9|          2|    1|          2|
    |res_V_data_8_V_blk_n                            |   9|          2|    1|          2|
    |res_V_data_9_V_blk_n                            |   9|          2|    1|          2|
    |sX_1                                            |   9|          2|   32|         64|
    |w_index84_reg_1274                              |   9|          2|   14|         28|
    +------------------------------------------------+----+-----------+-----+-----------+
    |Total                                           |1965|        414| 1639|       4209|
    +------------------------------------------------+----+-----------+-----+-----------+

    * Register: 
    +------------------------------------+----+----+-----+-----------+
    |                Name                | FF | LUT| Bits| Const Bits|
    +------------------------------------+----+----+-----+-----------+
    |add_ln78_reg_13352                  |   7|   0|    7|          0|
    |and_ln272_2_reg_13348               |   1|   0|    1|          0|
    |ap_CS_fsm                           |   4|   0|    4|          0|
    |ap_done_reg                         |   1|   0|    1|          0|
    |ap_enable_reg_pp0_iter0             |   1|   0|    1|          0|
    |ap_enable_reg_pp0_iter1             |   1|   0|    1|          0|
    |ap_enable_reg_pp0_iter2             |   1|   0|    1|          0|
    |icmp_ln272_1_reg_13331              |   1|   0|    1|          0|
    |icmp_ln272_reg_13321                |   1|   0|    1|          0|
    |icmp_ln387_reg_13372                |   1|   0|    1|          0|
    |icmp_ln387_reg_13372_pp0_iter1_reg  |   1|   0|    1|          0|
    |in_index_0_i_i_i_i83_reg_1285       |  32|   0|   32|          0|
    |indvar_flatten85_reg_1262           |   7|   0|    7|          0|
    |kernel_data_V_1_0                   |   8|   0|    8|          0|
    |kernel_data_V_1_1                   |   8|   0|    8|          0|
    |kernel_data_V_1_10                  |   8|   0|    8|          0|
    |kernel_data_V_1_100                 |   8|   0|    8|          0|
    |kernel_data_V_1_101                 |   8|   0|    8|          0|
    |kernel_data_V_1_102                 |   8|   0|    8|          0|
    |kernel_data_V_1_103                 |   8|   0|    8|          0|
    |kernel_data_V_1_104                 |   8|   0|    8|          0|
    |kernel_data_V_1_105                 |   8|   0|    8|          0|
    |kernel_data_V_1_106                 |   8|   0|    8|          0|
    |kernel_data_V_1_107                 |   8|   0|    8|          0|
    |kernel_data_V_1_108                 |   8|   0|    8|          0|
    |kernel_data_V_1_109                 |   8|   0|    8|          0|
    |kernel_data_V_1_11                  |   8|   0|    8|          0|
    |kernel_data_V_1_110                 |   8|   0|    8|          0|
    |kernel_data_V_1_111                 |   8|   0|    8|          0|
    |kernel_data_V_1_112                 |   8|   0|    8|          0|
    |kernel_data_V_1_113                 |   8|   0|    8|          0|
    |kernel_data_V_1_114                 |   8|   0|    8|          0|
    |kernel_data_V_1_115                 |   8|   0|    8|          0|
    |kernel_data_V_1_116                 |   8|   0|    8|          0|
    |kernel_data_V_1_117                 |   8|   0|    8|          0|
    |kernel_data_V_1_118                 |   8|   0|    8|          0|
    |kernel_data_V_1_119                 |   8|   0|    8|          0|
    |kernel_data_V_1_12                  |   8|   0|    8|          0|
    |kernel_data_V_1_120                 |   8|   0|    8|          0|
    |kernel_data_V_1_121                 |   8|   0|    8|          0|
    |kernel_data_V_1_122                 |   8|   0|    8|          0|
    |kernel_data_V_1_123                 |   8|   0|    8|          0|
    |kernel_data_V_1_124                 |   8|   0|    8|          0|
    |kernel_data_V_1_125                 |   8|   0|    8|          0|
    |kernel_data_V_1_126                 |   8|   0|    8|          0|
    |kernel_data_V_1_127                 |   8|   0|    8|          0|
    |kernel_data_V_1_128                 |   8|   0|    8|          0|
    |kernel_data_V_1_129                 |   8|   0|    8|          0|
    |kernel_data_V_1_13                  |   8|   0|    8|          0|
    |kernel_data_V_1_130                 |   8|   0|    8|          0|
    |kernel_data_V_1_131                 |   8|   0|    8|          0|
    |kernel_data_V_1_132                 |   8|   0|    8|          0|
    |kernel_data_V_1_133                 |   8|   0|    8|          0|
    |kernel_data_V_1_134                 |   8|   0|    8|          0|
    |kernel_data_V_1_135                 |   8|   0|    8|          0|
    |kernel_data_V_1_136                 |   8|   0|    8|          0|
    |kernel_data_V_1_137                 |   8|   0|    8|          0|
    |kernel_data_V_1_138                 |   8|   0|    8|          0|
    |kernel_data_V_1_139                 |   8|   0|    8|          0|
    |kernel_data_V_1_14                  |   8|   0|    8|          0|
    |kernel_data_V_1_140                 |   8|   0|    8|          0|
    |kernel_data_V_1_141                 |   8|   0|    8|          0|
    |kernel_data_V_1_142                 |   8|   0|    8|          0|
    |kernel_data_V_1_143                 |   8|   0|    8|          0|
    |kernel_data_V_1_144                 |   8|   0|    8|          0|
    |kernel_data_V_1_145                 |   8|   0|    8|          0|
    |kernel_data_V_1_146                 |   8|   0|    8|          0|
    |kernel_data_V_1_147                 |   8|   0|    8|          0|
    |kernel_data_V_1_148                 |   8|   0|    8|          0|
    |kernel_data_V_1_149                 |   8|   0|    8|          0|
    |kernel_data_V_1_15                  |   8|   0|    8|          0|
    |kernel_data_V_1_150                 |   8|   0|    8|          0|
    |kernel_data_V_1_151                 |   8|   0|    8|          0|
    |kernel_data_V_1_152                 |   8|   0|    8|          0|
    |kernel_data_V_1_153                 |   8|   0|    8|          0|
    |kernel_data_V_1_154                 |   8|   0|    8|          0|
    |kernel_data_V_1_155                 |   8|   0|    8|          0|
    |kernel_data_V_1_156                 |   8|   0|    8|          0|
    |kernel_data_V_1_157                 |   8|   0|    8|          0|
    |kernel_data_V_1_158                 |   8|   0|    8|          0|
    |kernel_data_V_1_159                 |   8|   0|    8|          0|
    |kernel_data_V_1_16                  |   8|   0|    8|          0|
    |kernel_data_V_1_160                 |   8|   0|    8|          0|
    |kernel_data_V_1_161                 |   8|   0|    8|          0|
    |kernel_data_V_1_162                 |   8|   0|    8|          0|
    |kernel_data_V_1_163                 |   8|   0|    8|          0|
    |kernel_data_V_1_164                 |   8|   0|    8|          0|
    |kernel_data_V_1_165                 |   8|   0|    8|          0|
    |kernel_data_V_1_166                 |   8|   0|    8|          0|
    |kernel_data_V_1_167                 |   8|   0|    8|          0|
    |kernel_data_V_1_168                 |   8|   0|    8|          0|
    |kernel_data_V_1_169                 |   8|   0|    8|          0|
    |kernel_data_V_1_17                  |   8|   0|    8|          0|
    |kernel_data_V_1_170                 |   8|   0|    8|          0|
    |kernel_data_V_1_171                 |   8|   0|    8|          0|
    |kernel_data_V_1_172                 |   8|   0|    8|          0|
    |kernel_data_V_1_173                 |   8|   0|    8|          0|
    |kernel_data_V_1_174                 |   8|   0|    8|          0|
    |kernel_data_V_1_175                 |   8|   0|    8|          0|
    |kernel_data_V_1_176                 |   8|   0|    8|          0|
    |kernel_data_V_1_177                 |   8|   0|    8|          0|
    |kernel_data_V_1_178                 |   8|   0|    8|          0|
    |kernel_data_V_1_179                 |   8|   0|    8|          0|
    |kernel_data_V_1_18                  |   8|   0|    8|          0|
    |kernel_data_V_1_180                 |   8|   0|    8|          0|
    |kernel_data_V_1_181                 |   8|   0|    8|          0|
    |kernel_data_V_1_182                 |   8|   0|    8|          0|
    |kernel_data_V_1_183                 |   8|   0|    8|          0|
    |kernel_data_V_1_184                 |   8|   0|    8|          0|
    |kernel_data_V_1_185                 |   8|   0|    8|          0|
    |kernel_data_V_1_186                 |   8|   0|    8|          0|
    |kernel_data_V_1_187                 |   8|   0|    8|          0|
    |kernel_data_V_1_188                 |   8|   0|    8|          0|
    |kernel_data_V_1_189                 |   8|   0|    8|          0|
    |kernel_data_V_1_19                  |   8|   0|    8|          0|
    |kernel_data_V_1_190                 |   8|   0|    8|          0|
    |kernel_data_V_1_191                 |   8|   0|    8|          0|
    |kernel_data_V_1_192                 |   8|   0|    8|          0|
    |kernel_data_V_1_193                 |   8|   0|    8|          0|
    |kernel_data_V_1_194                 |   8|   0|    8|          0|
    |kernel_data_V_1_195                 |   8|   0|    8|          0|
    |kernel_data_V_1_196                 |   8|   0|    8|          0|
    |kernel_data_V_1_197                 |   8|   0|    8|          0|
    |kernel_data_V_1_198                 |   8|   0|    8|          0|
    |kernel_data_V_1_199                 |   8|   0|    8|          0|
    |kernel_data_V_1_2                   |   8|   0|    8|          0|
    |kernel_data_V_1_20                  |   8|   0|    8|          0|
    |kernel_data_V_1_200                 |   8|   0|    8|          0|
    |kernel_data_V_1_201                 |   8|   0|    8|          0|
    |kernel_data_V_1_202                 |   8|   0|    8|          0|
    |kernel_data_V_1_203                 |   8|   0|    8|          0|
    |kernel_data_V_1_204                 |   8|   0|    8|          0|
    |kernel_data_V_1_205                 |   8|   0|    8|          0|
    |kernel_data_V_1_206                 |   8|   0|    8|          0|
    |kernel_data_V_1_207                 |   8|   0|    8|          0|
    |kernel_data_V_1_208                 |   8|   0|    8|          0|
    |kernel_data_V_1_209                 |   8|   0|    8|          0|
    |kernel_data_V_1_21                  |   8|   0|    8|          0|
    |kernel_data_V_1_210                 |   8|   0|    8|          0|
    |kernel_data_V_1_211                 |   8|   0|    8|          0|
    |kernel_data_V_1_212                 |   8|   0|    8|          0|
    |kernel_data_V_1_213                 |   8|   0|    8|          0|
    |kernel_data_V_1_214                 |   8|   0|    8|          0|
    |kernel_data_V_1_215                 |   8|   0|    8|          0|
    |kernel_data_V_1_216                 |   8|   0|    8|          0|
    |kernel_data_V_1_217                 |   8|   0|    8|          0|
    |kernel_data_V_1_218                 |   8|   0|    8|          0|
    |kernel_data_V_1_219                 |   8|   0|    8|          0|
    |kernel_data_V_1_22                  |   8|   0|    8|          0|
    |kernel_data_V_1_220                 |   8|   0|    8|          0|
    |kernel_data_V_1_221                 |   8|   0|    8|          0|
    |kernel_data_V_1_222                 |   8|   0|    8|          0|
    |kernel_data_V_1_223                 |   8|   0|    8|          0|
    |kernel_data_V_1_224                 |   8|   0|    8|          0|
    |kernel_data_V_1_225                 |   8|   0|    8|          0|
    |kernel_data_V_1_226                 |   8|   0|    8|          0|
    |kernel_data_V_1_227                 |   8|   0|    8|          0|
    |kernel_data_V_1_228                 |   8|   0|    8|          0|
    |kernel_data_V_1_229                 |   8|   0|    8|          0|
    |kernel_data_V_1_23                  |   8|   0|    8|          0|
    |kernel_data_V_1_230                 |   8|   0|    8|          0|
    |kernel_data_V_1_231                 |   8|   0|    8|          0|
    |kernel_data_V_1_232                 |   8|   0|    8|          0|
    |kernel_data_V_1_233                 |   8|   0|    8|          0|
    |kernel_data_V_1_234                 |   8|   0|    8|          0|
    |kernel_data_V_1_235                 |   8|   0|    8|          0|
    |kernel_data_V_1_236                 |   8|   0|    8|          0|
    |kernel_data_V_1_237                 |   8|   0|    8|          0|
    |kernel_data_V_1_238                 |   8|   0|    8|          0|
    |kernel_data_V_1_239                 |   8|   0|    8|          0|
    |kernel_data_V_1_24                  |   8|   0|    8|          0|
    |kernel_data_V_1_240                 |   8|   0|    8|          0|
    |kernel_data_V_1_241                 |   8|   0|    8|          0|
    |kernel_data_V_1_242                 |   8|   0|    8|          0|
    |kernel_data_V_1_243                 |   8|   0|    8|          0|
    |kernel_data_V_1_244                 |   8|   0|    8|          0|
    |kernel_data_V_1_245                 |   8|   0|    8|          0|
    |kernel_data_V_1_246                 |   8|   0|    8|          0|
    |kernel_data_V_1_247                 |   8|   0|    8|          0|
    |kernel_data_V_1_248                 |   8|   0|    8|          0|
    |kernel_data_V_1_249                 |   8|   0|    8|          0|
    |kernel_data_V_1_25                  |   8|   0|    8|          0|
    |kernel_data_V_1_250                 |   8|   0|    8|          0|
    |kernel_data_V_1_251                 |   8|   0|    8|          0|
    |kernel_data_V_1_252                 |   8|   0|    8|          0|
    |kernel_data_V_1_253                 |   8|   0|    8|          0|
    |kernel_data_V_1_254                 |   8|   0|    8|          0|
    |kernel_data_V_1_255                 |   8|   0|    8|          0|
    |kernel_data_V_1_256                 |   8|   0|    8|          0|
    |kernel_data_V_1_257                 |   8|   0|    8|          0|
    |kernel_data_V_1_258                 |   8|   0|    8|          0|
    |kernel_data_V_1_259                 |   8|   0|    8|          0|
    |kernel_data_V_1_26                  |   8|   0|    8|          0|
    |kernel_data_V_1_260                 |   8|   0|    8|          0|
    |kernel_data_V_1_261                 |   8|   0|    8|          0|
    |kernel_data_V_1_262                 |   8|   0|    8|          0|
    |kernel_data_V_1_263                 |   8|   0|    8|          0|
    |kernel_data_V_1_264                 |   8|   0|    8|          0|
    |kernel_data_V_1_265                 |   8|   0|    8|          0|
    |kernel_data_V_1_266                 |   8|   0|    8|          0|
    |kernel_data_V_1_267                 |   8|   0|    8|          0|
    |kernel_data_V_1_268                 |   8|   0|    8|          0|
    |kernel_data_V_1_269                 |   8|   0|    8|          0|
    |kernel_data_V_1_27                  |   8|   0|    8|          0|
    |kernel_data_V_1_270                 |   8|   0|    8|          0|
    |kernel_data_V_1_271                 |   8|   0|    8|          0|
    |kernel_data_V_1_272                 |   8|   0|    8|          0|
    |kernel_data_V_1_273                 |   8|   0|    8|          0|
    |kernel_data_V_1_274                 |   8|   0|    8|          0|
    |kernel_data_V_1_275                 |   8|   0|    8|          0|
    |kernel_data_V_1_276                 |   8|   0|    8|          0|
    |kernel_data_V_1_277                 |   8|   0|    8|          0|
    |kernel_data_V_1_278                 |   8|   0|    8|          0|
    |kernel_data_V_1_279                 |   8|   0|    8|          0|
    |kernel_data_V_1_28                  |   8|   0|    8|          0|
    |kernel_data_V_1_280                 |   8|   0|    8|          0|
    |kernel_data_V_1_281                 |   8|   0|    8|          0|
    |kernel_data_V_1_282                 |   8|   0|    8|          0|
    |kernel_data_V_1_283                 |   8|   0|    8|          0|
    |kernel_data_V_1_284                 |   8|   0|    8|          0|
    |kernel_data_V_1_285                 |   8|   0|    8|          0|
    |kernel_data_V_1_286                 |   8|   0|    8|          0|
    |kernel_data_V_1_287                 |   8|   0|    8|          0|
    |kernel_data_V_1_29                  |   8|   0|    8|          0|
    |kernel_data_V_1_3                   |   8|   0|    8|          0|
    |kernel_data_V_1_30                  |   8|   0|    8|          0|
    |kernel_data_V_1_31                  |   8|   0|    8|          0|
    |kernel_data_V_1_32                  |   8|   0|    8|          0|
    |kernel_data_V_1_33                  |   8|   0|    8|          0|
    |kernel_data_V_1_34                  |   8|   0|    8|          0|
    |kernel_data_V_1_35                  |   8|   0|    8|          0|
    |kernel_data_V_1_36                  |   8|   0|    8|          0|
    |kernel_data_V_1_37                  |   8|   0|    8|          0|
    |kernel_data_V_1_38                  |   8|   0|    8|          0|
    |kernel_data_V_1_39                  |   8|   0|    8|          0|
    |kernel_data_V_1_4                   |   8|   0|    8|          0|
    |kernel_data_V_1_40                  |   8|   0|    8|          0|
    |kernel_data_V_1_41                  |   8|   0|    8|          0|
    |kernel_data_V_1_42                  |   8|   0|    8|          0|
    |kernel_data_V_1_43                  |   8|   0|    8|          0|
    |kernel_data_V_1_44                  |   8|   0|    8|          0|
    |kernel_data_V_1_45                  |   8|   0|    8|          0|
    |kernel_data_V_1_46                  |   8|   0|    8|          0|
    |kernel_data_V_1_47                  |   8|   0|    8|          0|
    |kernel_data_V_1_48                  |   8|   0|    8|          0|
    |kernel_data_V_1_49                  |   8|   0|    8|          0|
    |kernel_data_V_1_5                   |   8|   0|    8|          0|
    |kernel_data_V_1_50                  |   8|   0|    8|          0|
    |kernel_data_V_1_51                  |   8|   0|    8|          0|
    |kernel_data_V_1_52                  |   8|   0|    8|          0|
    |kernel_data_V_1_53                  |   8|   0|    8|          0|
    |kernel_data_V_1_54                  |   8|   0|    8|          0|
    |kernel_data_V_1_55                  |   8|   0|    8|          0|
    |kernel_data_V_1_56                  |   8|   0|    8|          0|
    |kernel_data_V_1_57                  |   8|   0|    8|          0|
    |kernel_data_V_1_58                  |   8|   0|    8|          0|
    |kernel_data_V_1_59                  |   8|   0|    8|          0|
    |kernel_data_V_1_6                   |   8|   0|    8|          0|
    |kernel_data_V_1_60                  |   8|   0|    8|          0|
    |kernel_data_V_1_61                  |   8|   0|    8|          0|
    |kernel_data_V_1_62                  |   8|   0|    8|          0|
    |kernel_data_V_1_63                  |   8|   0|    8|          0|
    |kernel_data_V_1_64                  |   8|   0|    8|          0|
    |kernel_data_V_1_65                  |   8|   0|    8|          0|
    |kernel_data_V_1_66                  |   8|   0|    8|          0|
    |kernel_data_V_1_67                  |   8|   0|    8|          0|
    |kernel_data_V_1_68                  |   8|   0|    8|          0|
    |kernel_data_V_1_69                  |   8|   0|    8|          0|
    |kernel_data_V_1_7                   |   8|   0|    8|          0|
    |kernel_data_V_1_70                  |   8|   0|    8|          0|
    |kernel_data_V_1_71                  |   8|   0|    8|          0|
    |kernel_data_V_1_72                  |   8|   0|    8|          0|
    |kernel_data_V_1_73                  |   8|   0|    8|          0|
    |kernel_data_V_1_74                  |   8|   0|    8|          0|
    |kernel_data_V_1_75                  |   8|   0|    8|          0|
    |kernel_data_V_1_76                  |   8|   0|    8|          0|
    |kernel_data_V_1_77                  |   8|   0|    8|          0|
    |kernel_data_V_1_78                  |   8|   0|    8|          0|
    |kernel_data_V_1_79                  |   8|   0|    8|          0|
    |kernel_data_V_1_8                   |   8|   0|    8|          0|
    |kernel_data_V_1_80                  |   8|   0|    8|          0|
    |kernel_data_V_1_81                  |   8|   0|    8|          0|
    |kernel_data_V_1_82                  |   8|   0|    8|          0|
    |kernel_data_V_1_83                  |   8|   0|    8|          0|
    |kernel_data_V_1_84                  |   8|   0|    8|          0|
    |kernel_data_V_1_85                  |   8|   0|    8|          0|
    |kernel_data_V_1_86                  |   8|   0|    8|          0|
    |kernel_data_V_1_87                  |   8|   0|    8|          0|
    |kernel_data_V_1_88                  |   8|   0|    8|          0|
    |kernel_data_V_1_89                  |   8|   0|    8|          0|
    |kernel_data_V_1_9                   |   8|   0|    8|          0|
    |kernel_data_V_1_90                  |   8|   0|    8|          0|
    |kernel_data_V_1_91                  |   8|   0|    8|          0|
    |kernel_data_V_1_92                  |   8|   0|    8|          0|
    |kernel_data_V_1_93                  |   8|   0|    8|          0|
    |kernel_data_V_1_94                  |   8|   0|    8|          0|
    |kernel_data_V_1_95                  |   8|   0|    8|          0|
    |kernel_data_V_1_96                  |   8|   0|    8|          0|
    |kernel_data_V_1_97                  |   8|   0|    8|          0|
    |kernel_data_V_1_98                  |   8|   0|    8|          0|
    |kernel_data_V_1_99                  |   8|   0|    8|          0|
    |out_index_reg_13376                 |   5|   0|    5|          0|
    |pX_1                                |  32|   0|   32|          0|
    |pX_1_load_reg_13342                 |  32|   0|   32|          0|
    |pY_1                                |  32|   0|   32|          0|
    |pY_1_load_reg_13336                 |  32|   0|   32|          0|
    |p_Val2_1180_reg_1307                |  14|   0|   14|          0|
    |p_Val2_11_reg_4810                  |  14|   0|   14|          0|
    |p_Val2_1278_reg_1318                |  14|   0|   14|          0|
    |p_Val2_12_reg_4708                  |  14|   0|   14|          0|
    |p_Val2_1376_reg_1329                |  14|   0|   14|          0|
    |p_Val2_13_reg_4606                  |  14|   0|   14|          0|
    |p_Val2_1474_reg_1340                |  14|   0|   14|          0|
    |p_Val2_14_reg_4504                  |  14|   0|   14|          0|
    |p_Val2_1572_reg_1351                |  14|   0|   14|          0|
    |p_Val2_15_reg_4402                  |  14|   0|   14|          0|
    |p_Val2_1670_reg_1362                |  14|   0|   14|          0|
    |p_Val2_16_reg_4300                  |  14|   0|   14|          0|
    |p_Val2_1768_reg_1373                |  14|   0|   14|          0|
    |p_Val2_17_reg_4198                  |  14|   0|   14|          0|
    |p_Val2_1866_reg_1384                |  14|   0|   14|          0|
    |p_Val2_18_reg_4096                  |  14|   0|   14|          0|
    |p_Val2_1964_reg_1395                |  14|   0|   14|          0|
    |p_Val2_19_reg_3994                  |  14|   0|   14|          0|
    |p_Val2_2062_reg_1406                |  14|   0|   14|          0|
    |p_Val2_20_reg_3892                  |  14|   0|   14|          0|
    |p_Val2_2160_reg_1417                |  14|   0|   14|          0|
    |p_Val2_21_reg_3790                  |  14|   0|   14|          0|
    |p_Val2_2258_reg_1428                |  14|   0|   14|          0|
    |p_Val2_22_reg_3688                  |  14|   0|   14|          0|
    |p_Val2_2356_reg_1439                |  14|   0|   14|          0|
    |p_Val2_23_reg_3586                  |  14|   0|   14|          0|
    |p_Val2_2454_reg_1450                |  14|   0|   14|          0|
    |p_Val2_24_reg_3484                  |  14|   0|   14|          0|
    |p_Val2_2552_reg_1461                |  14|   0|   14|          0|
    |p_Val2_25_reg_3382                  |  14|   0|   14|          0|
    |p_Val2_2650_reg_1472                |  14|   0|   14|          0|
    |p_Val2_26_reg_3280                  |  14|   0|   14|          0|
    |p_Val2_2748_reg_1483                |  14|   0|   14|          0|
    |p_Val2_27_reg_3178                  |  14|   0|   14|          0|
    |p_Val2_2846_reg_1494                |  14|   0|   14|          0|
    |p_Val2_28_reg_3076                  |  14|   0|   14|          0|
    |p_Val2_2944_reg_1505                |  14|   0|   14|          0|
    |p_Val2_29_reg_2974                  |  14|   0|   14|          0|
    |p_Val2_3042_reg_1516                |  14|   0|   14|          0|
    |p_Val2_30_reg_2872                  |  14|   0|   14|          0|
    |p_Val2_3140_reg_1527                |  14|   0|   14|          0|
    |p_Val2_31_reg_2770                  |  14|   0|   14|          0|
    |p_Val2_3238_reg_1538                |  14|   0|   14|          0|
    |p_Val2_32_reg_2668                  |  14|   0|   14|          0|
    |p_Val2_3336_reg_1549                |  14|   0|   14|          0|
    |p_Val2_33_reg_2566                  |  14|   0|   14|          0|
    |p_Val2_3434_reg_1560                |  14|   0|   14|          0|
    |p_Val2_34_reg_2464                  |  14|   0|   14|          0|
    |p_Val2_3532_reg_1571                |  14|   0|   14|          0|
    |p_Val2_35_reg_2362                  |  14|   0|   14|          0|
    |p_Val2_3630_reg_1582                |  14|   0|   14|          0|
    |p_Val2_36_reg_2260                  |  14|   0|   14|          0|
    |p_Val2_3728_reg_1593                |  14|   0|   14|          0|
    |p_Val2_37_reg_2158                  |  14|   0|   14|          0|
    |p_Val2_3826_reg_1604                |  14|   0|   14|          0|
    |p_Val2_38_reg_2056                  |  14|   0|   14|          0|
    |p_Val2_3924_reg_1615                |  14|   0|   14|          0|
    |p_Val2_39_reg_1954                  |  14|   0|   14|          0|
    |p_Val2_4022_reg_1626                |  14|   0|   14|          0|
    |p_Val2_40_reg_1852                  |  14|   0|   14|          0|
    |p_Val2_4120_reg_1637                |  14|   0|   14|          0|
    |p_Val2_41_reg_1750                  |  14|   0|   14|          0|
    |p_Val2_42_reg_1648                  |  14|   0|   14|          0|
    |p_Val2_82_reg_1296                  |  14|   0|   14|          0|
    |sX_1                                |  32|   0|   32|          0|
    |sX_1_load_reg_13316                 |  32|   0|   32|          0|
    |sY_1                                |  32|   0|   32|          0|
    |sY_1_load_reg_13326                 |  32|   0|   32|          0|
    |select_ln404_reg_13391              |  32|   0|   32|          0|
    |start_once_reg                      |   1|   0|    1|          0|
    |tmp_4_reg_13381                     |   8|   0|    8|          0|
    |w5_V_load_reg_13386                 |   5|   0|    5|          0|
    |w_index84_reg_1274                  |  14|   0|   14|          0|
    |w_index_reg_13367                   |  14|   0|   14|          0|
    +------------------------------------+----+----+-----+-----------+
    |Total                               |3594|   0| 3594|          0|
    +------------------------------------+----+----+-----+-----------+



================================================================
== Interface
================================================================
* Summary: 
+--------------------------+-----+-----+------------+-----------------------------------------------+--------------+
|         RTL Ports        | Dir | Bits|  Protocol  |                 Source Object                 |    C Type    |
+--------------------------+-----+-----+------------+-----------------------------------------------+--------------+
|ap_clk                    |  in |    1| ap_ctrl_hs | conv_2d_cl<array,array<ap_fixed,32u>,config7> | return value |
|ap_rst                    |  in |    1| ap_ctrl_hs | conv_2d_cl<array,array<ap_fixed,32u>,config7> | return value |
|ap_start                  |  in |    1| ap_ctrl_hs | conv_2d_cl<array,array<ap_fixed,32u>,config7> | return value |
|start_full_n              |  in |    1| ap_ctrl_hs | conv_2d_cl<array,array<ap_fixed,32u>,config7> | return value |
|ap_done                   | out |    1| ap_ctrl_hs | conv_2d_cl<array,array<ap_fixed,32u>,config7> | return value |
|ap_continue               |  in |    1| ap_ctrl_hs | conv_2d_cl<array,array<ap_fixed,32u>,config7> | return value |
|ap_idle                   | out |    1| ap_ctrl_hs | conv_2d_cl<array,array<ap_fixed,32u>,config7> | return value |
|ap_ready                  | out |    1| ap_ctrl_hs | conv_2d_cl<array,array<ap_fixed,32u>,config7> | return value |
|start_out                 | out |    1| ap_ctrl_hs | conv_2d_cl<array,array<ap_fixed,32u>,config7> | return value |
|start_write               | out |    1| ap_ctrl_hs | conv_2d_cl<array,array<ap_fixed,32u>,config7> | return value |
|data_V_data_0_V_dout      |  in |    8|   ap_fifo  |                data_V_data_0_V                |    pointer   |
|data_V_data_0_V_empty_n   |  in |    1|   ap_fifo  |                data_V_data_0_V                |    pointer   |
|data_V_data_0_V_read      | out |    1|   ap_fifo  |                data_V_data_0_V                |    pointer   |
|data_V_data_1_V_dout      |  in |    8|   ap_fifo  |                data_V_data_1_V                |    pointer   |
|data_V_data_1_V_empty_n   |  in |    1|   ap_fifo  |                data_V_data_1_V                |    pointer   |
|data_V_data_1_V_read      | out |    1|   ap_fifo  |                data_V_data_1_V                |    pointer   |
|data_V_data_2_V_dout      |  in |    8|   ap_fifo  |                data_V_data_2_V                |    pointer   |
|data_V_data_2_V_empty_n   |  in |    1|   ap_fifo  |                data_V_data_2_V                |    pointer   |
|data_V_data_2_V_read      | out |    1|   ap_fifo  |                data_V_data_2_V                |    pointer   |
|data_V_data_3_V_dout      |  in |    8|   ap_fifo  |                data_V_data_3_V                |    pointer   |
|data_V_data_3_V_empty_n   |  in |    1|   ap_fifo  |                data_V_data_3_V                |    pointer   |
|data_V_data_3_V_read      | out |    1|   ap_fifo  |                data_V_data_3_V                |    pointer   |
|data_V_data_4_V_dout      |  in |    8|   ap_fifo  |                data_V_data_4_V                |    pointer   |
|data_V_data_4_V_empty_n   |  in |    1|   ap_fifo  |                data_V_data_4_V                |    pointer   |
|data_V_data_4_V_read      | out |    1|   ap_fifo  |                data_V_data_4_V                |    pointer   |
|data_V_data_5_V_dout      |  in |    8|   ap_fifo  |                data_V_data_5_V                |    pointer   |
|data_V_data_5_V_empty_n   |  in |    1|   ap_fifo  |                data_V_data_5_V                |    pointer   |
|data_V_data_5_V_read      | out |    1|   ap_fifo  |                data_V_data_5_V                |    pointer   |
|data_V_data_6_V_dout      |  in |    8|   ap_fifo  |                data_V_data_6_V                |    pointer   |
|data_V_data_6_V_empty_n   |  in |    1|   ap_fifo  |                data_V_data_6_V                |    pointer   |
|data_V_data_6_V_read      | out |    1|   ap_fifo  |                data_V_data_6_V                |    pointer   |
|data_V_data_7_V_dout      |  in |    8|   ap_fifo  |                data_V_data_7_V                |    pointer   |
|data_V_data_7_V_empty_n   |  in |    1|   ap_fifo  |                data_V_data_7_V                |    pointer   |
|data_V_data_7_V_read      | out |    1|   ap_fifo  |                data_V_data_7_V                |    pointer   |
|data_V_data_8_V_dout      |  in |    8|   ap_fifo  |                data_V_data_8_V                |    pointer   |
|data_V_data_8_V_empty_n   |  in |    1|   ap_fifo  |                data_V_data_8_V                |    pointer   |
|data_V_data_8_V_read      | out |    1|   ap_fifo  |                data_V_data_8_V                |    pointer   |
|data_V_data_9_V_dout      |  in |    8|   ap_fifo  |                data_V_data_9_V                |    pointer   |
|data_V_data_9_V_empty_n   |  in |    1|   ap_fifo  |                data_V_data_9_V                |    pointer   |
|data_V_data_9_V_read      | out |    1|   ap_fifo  |                data_V_data_9_V                |    pointer   |
|data_V_data_10_V_dout     |  in |    8|   ap_fifo  |                data_V_data_10_V               |    pointer   |
|data_V_data_10_V_empty_n  |  in |    1|   ap_fifo  |                data_V_data_10_V               |    pointer   |
|data_V_data_10_V_read     | out |    1|   ap_fifo  |                data_V_data_10_V               |    pointer   |
|data_V_data_11_V_dout     |  in |    8|   ap_fifo  |                data_V_data_11_V               |    pointer   |
|data_V_data_11_V_empty_n  |  in |    1|   ap_fifo  |                data_V_data_11_V               |    pointer   |
|data_V_data_11_V_read     | out |    1|   ap_fifo  |                data_V_data_11_V               |    pointer   |
|data_V_data_12_V_dout     |  in |    8|   ap_fifo  |                data_V_data_12_V               |    pointer   |
|data_V_data_12_V_empty_n  |  in |    1|   ap_fifo  |                data_V_data_12_V               |    pointer   |
|data_V_data_12_V_read     | out |    1|   ap_fifo  |                data_V_data_12_V               |    pointer   |
|data_V_data_13_V_dout     |  in |    8|   ap_fifo  |                data_V_data_13_V               |    pointer   |
|data_V_data_13_V_empty_n  |  in |    1|   ap_fifo  |                data_V_data_13_V               |    pointer   |
|data_V_data_13_V_read     | out |    1|   ap_fifo  |                data_V_data_13_V               |    pointer   |
|data_V_data_14_V_dout     |  in |    8|   ap_fifo  |                data_V_data_14_V               |    pointer   |
|data_V_data_14_V_empty_n  |  in |    1|   ap_fifo  |                data_V_data_14_V               |    pointer   |
|data_V_data_14_V_read     | out |    1|   ap_fifo  |                data_V_data_14_V               |    pointer   |
|data_V_data_15_V_dout     |  in |    8|   ap_fifo  |                data_V_data_15_V               |    pointer   |
|data_V_data_15_V_empty_n  |  in |    1|   ap_fifo  |                data_V_data_15_V               |    pointer   |
|data_V_data_15_V_read     | out |    1|   ap_fifo  |                data_V_data_15_V               |    pointer   |
|data_V_data_16_V_dout     |  in |    8|   ap_fifo  |                data_V_data_16_V               |    pointer   |
|data_V_data_16_V_empty_n  |  in |    1|   ap_fifo  |                data_V_data_16_V               |    pointer   |
|data_V_data_16_V_read     | out |    1|   ap_fifo  |                data_V_data_16_V               |    pointer   |
|data_V_data_17_V_dout     |  in |    8|   ap_fifo  |                data_V_data_17_V               |    pointer   |
|data_V_data_17_V_empty_n  |  in |    1|   ap_fifo  |                data_V_data_17_V               |    pointer   |
|data_V_data_17_V_read     | out |    1|   ap_fifo  |                data_V_data_17_V               |    pointer   |
|data_V_data_18_V_dout     |  in |    8|   ap_fifo  |                data_V_data_18_V               |    pointer   |
|data_V_data_18_V_empty_n  |  in |    1|   ap_fifo  |                data_V_data_18_V               |    pointer   |
|data_V_data_18_V_read     | out |    1|   ap_fifo  |                data_V_data_18_V               |    pointer   |
|data_V_data_19_V_dout     |  in |    8|   ap_fifo  |                data_V_data_19_V               |    pointer   |
|data_V_data_19_V_empty_n  |  in |    1|   ap_fifo  |                data_V_data_19_V               |    pointer   |
|data_V_data_19_V_read     | out |    1|   ap_fifo  |                data_V_data_19_V               |    pointer   |
|data_V_data_20_V_dout     |  in |    8|   ap_fifo  |                data_V_data_20_V               |    pointer   |
|data_V_data_20_V_empty_n  |  in |    1|   ap_fifo  |                data_V_data_20_V               |    pointer   |
|data_V_data_20_V_read     | out |    1|   ap_fifo  |                data_V_data_20_V               |    pointer   |
|data_V_data_21_V_dout     |  in |    8|   ap_fifo  |                data_V_data_21_V               |    pointer   |
|data_V_data_21_V_empty_n  |  in |    1|   ap_fifo  |                data_V_data_21_V               |    pointer   |
|data_V_data_21_V_read     | out |    1|   ap_fifo  |                data_V_data_21_V               |    pointer   |
|data_V_data_22_V_dout     |  in |    8|   ap_fifo  |                data_V_data_22_V               |    pointer   |
|data_V_data_22_V_empty_n  |  in |    1|   ap_fifo  |                data_V_data_22_V               |    pointer   |
|data_V_data_22_V_read     | out |    1|   ap_fifo  |                data_V_data_22_V               |    pointer   |
|data_V_data_23_V_dout     |  in |    8|   ap_fifo  |                data_V_data_23_V               |    pointer   |
|data_V_data_23_V_empty_n  |  in |    1|   ap_fifo  |                data_V_data_23_V               |    pointer   |
|data_V_data_23_V_read     | out |    1|   ap_fifo  |                data_V_data_23_V               |    pointer   |
|data_V_data_24_V_dout     |  in |    8|   ap_fifo  |                data_V_data_24_V               |    pointer   |
|data_V_data_24_V_empty_n  |  in |    1|   ap_fifo  |                data_V_data_24_V               |    pointer   |
|data_V_data_24_V_read     | out |    1|   ap_fifo  |                data_V_data_24_V               |    pointer   |
|data_V_data_25_V_dout     |  in |    8|   ap_fifo  |                data_V_data_25_V               |    pointer   |
|data_V_data_25_V_empty_n  |  in |    1|   ap_fifo  |                data_V_data_25_V               |    pointer   |
|data_V_data_25_V_read     | out |    1|   ap_fifo  |                data_V_data_25_V               |    pointer   |
|data_V_data_26_V_dout     |  in |    8|   ap_fifo  |                data_V_data_26_V               |    pointer   |
|data_V_data_26_V_empty_n  |  in |    1|   ap_fifo  |                data_V_data_26_V               |    pointer   |
|data_V_data_26_V_read     | out |    1|   ap_fifo  |                data_V_data_26_V               |    pointer   |
|data_V_data_27_V_dout     |  in |    8|   ap_fifo  |                data_V_data_27_V               |    pointer   |
|data_V_data_27_V_empty_n  |  in |    1|   ap_fifo  |                data_V_data_27_V               |    pointer   |
|data_V_data_27_V_read     | out |    1|   ap_fifo  |                data_V_data_27_V               |    pointer   |
|data_V_data_28_V_dout     |  in |    8|   ap_fifo  |                data_V_data_28_V               |    pointer   |
|data_V_data_28_V_empty_n  |  in |    1|   ap_fifo  |                data_V_data_28_V               |    pointer   |
|data_V_data_28_V_read     | out |    1|   ap_fifo  |                data_V_data_28_V               |    pointer   |
|data_V_data_29_V_dout     |  in |    8|   ap_fifo  |                data_V_data_29_V               |    pointer   |
|data_V_data_29_V_empty_n  |  in |    1|   ap_fifo  |                data_V_data_29_V               |    pointer   |
|data_V_data_29_V_read     | out |    1|   ap_fifo  |                data_V_data_29_V               |    pointer   |
|data_V_data_30_V_dout     |  in |    8|   ap_fifo  |                data_V_data_30_V               |    pointer   |
|data_V_data_30_V_empty_n  |  in |    1|   ap_fifo  |                data_V_data_30_V               |    pointer   |
|data_V_data_30_V_read     | out |    1|   ap_fifo  |                data_V_data_30_V               |    pointer   |
|data_V_data_31_V_dout     |  in |    8|   ap_fifo  |                data_V_data_31_V               |    pointer   |
|data_V_data_31_V_empty_n  |  in |    1|   ap_fifo  |                data_V_data_31_V               |    pointer   |
|data_V_data_31_V_read     | out |    1|   ap_fifo  |                data_V_data_31_V               |    pointer   |
|res_V_data_0_V_din        | out |    8|   ap_fifo  |                 res_V_data_0_V                |    pointer   |
|res_V_data_0_V_full_n     |  in |    1|   ap_fifo  |                 res_V_data_0_V                |    pointer   |
|res_V_data_0_V_write      | out |    1|   ap_fifo  |                 res_V_data_0_V                |    pointer   |
|res_V_data_1_V_din        | out |    8|   ap_fifo  |                 res_V_data_1_V                |    pointer   |
|res_V_data_1_V_full_n     |  in |    1|   ap_fifo  |                 res_V_data_1_V                |    pointer   |
|res_V_data_1_V_write      | out |    1|   ap_fifo  |                 res_V_data_1_V                |    pointer   |
|res_V_data_2_V_din        | out |    8|   ap_fifo  |                 res_V_data_2_V                |    pointer   |
|res_V_data_2_V_full_n     |  in |    1|   ap_fifo  |                 res_V_data_2_V                |    pointer   |
|res_V_data_2_V_write      | out |    1|   ap_fifo  |                 res_V_data_2_V                |    pointer   |
|res_V_data_3_V_din        | out |    8|   ap_fifo  |                 res_V_data_3_V                |    pointer   |
|res_V_data_3_V_full_n     |  in |    1|   ap_fifo  |                 res_V_data_3_V                |    pointer   |
|res_V_data_3_V_write      | out |    1|   ap_fifo  |                 res_V_data_3_V                |    pointer   |
|res_V_data_4_V_din        | out |    8|   ap_fifo  |                 res_V_data_4_V                |    pointer   |
|res_V_data_4_V_full_n     |  in |    1|   ap_fifo  |                 res_V_data_4_V                |    pointer   |
|res_V_data_4_V_write      | out |    1|   ap_fifo  |                 res_V_data_4_V                |    pointer   |
|res_V_data_5_V_din        | out |    8|   ap_fifo  |                 res_V_data_5_V                |    pointer   |
|res_V_data_5_V_full_n     |  in |    1|   ap_fifo  |                 res_V_data_5_V                |    pointer   |
|res_V_data_5_V_write      | out |    1|   ap_fifo  |                 res_V_data_5_V                |    pointer   |
|res_V_data_6_V_din        | out |    8|   ap_fifo  |                 res_V_data_6_V                |    pointer   |
|res_V_data_6_V_full_n     |  in |    1|   ap_fifo  |                 res_V_data_6_V                |    pointer   |
|res_V_data_6_V_write      | out |    1|   ap_fifo  |                 res_V_data_6_V                |    pointer   |
|res_V_data_7_V_din        | out |    8|   ap_fifo  |                 res_V_data_7_V                |    pointer   |
|res_V_data_7_V_full_n     |  in |    1|   ap_fifo  |                 res_V_data_7_V                |    pointer   |
|res_V_data_7_V_write      | out |    1|   ap_fifo  |                 res_V_data_7_V                |    pointer   |
|res_V_data_8_V_din        | out |    8|   ap_fifo  |                 res_V_data_8_V                |    pointer   |
|res_V_data_8_V_full_n     |  in |    1|   ap_fifo  |                 res_V_data_8_V                |    pointer   |
|res_V_data_8_V_write      | out |    1|   ap_fifo  |                 res_V_data_8_V                |    pointer   |
|res_V_data_9_V_din        | out |    8|   ap_fifo  |                 res_V_data_9_V                |    pointer   |
|res_V_data_9_V_full_n     |  in |    1|   ap_fifo  |                 res_V_data_9_V                |    pointer   |
|res_V_data_9_V_write      | out |    1|   ap_fifo  |                 res_V_data_9_V                |    pointer   |
|res_V_data_10_V_din       | out |    8|   ap_fifo  |                res_V_data_10_V                |    pointer   |
|res_V_data_10_V_full_n    |  in |    1|   ap_fifo  |                res_V_data_10_V                |    pointer   |
|res_V_data_10_V_write     | out |    1|   ap_fifo  |                res_V_data_10_V                |    pointer   |
|res_V_data_11_V_din       | out |    8|   ap_fifo  |                res_V_data_11_V                |    pointer   |
|res_V_data_11_V_full_n    |  in |    1|   ap_fifo  |                res_V_data_11_V                |    pointer   |
|res_V_data_11_V_write     | out |    1|   ap_fifo  |                res_V_data_11_V                |    pointer   |
|res_V_data_12_V_din       | out |    8|   ap_fifo  |                res_V_data_12_V                |    pointer   |
|res_V_data_12_V_full_n    |  in |    1|   ap_fifo  |                res_V_data_12_V                |    pointer   |
|res_V_data_12_V_write     | out |    1|   ap_fifo  |                res_V_data_12_V                |    pointer   |
|res_V_data_13_V_din       | out |    8|   ap_fifo  |                res_V_data_13_V                |    pointer   |
|res_V_data_13_V_full_n    |  in |    1|   ap_fifo  |                res_V_data_13_V                |    pointer   |
|res_V_data_13_V_write     | out |    1|   ap_fifo  |                res_V_data_13_V                |    pointer   |
|res_V_data_14_V_din       | out |    8|   ap_fifo  |                res_V_data_14_V                |    pointer   |
|res_V_data_14_V_full_n    |  in |    1|   ap_fifo  |                res_V_data_14_V                |    pointer   |
|res_V_data_14_V_write     | out |    1|   ap_fifo  |                res_V_data_14_V                |    pointer   |
|res_V_data_15_V_din       | out |    8|   ap_fifo  |                res_V_data_15_V                |    pointer   |
|res_V_data_15_V_full_n    |  in |    1|   ap_fifo  |                res_V_data_15_V                |    pointer   |
|res_V_data_15_V_write     | out |    1|   ap_fifo  |                res_V_data_15_V                |    pointer   |
|res_V_data_16_V_din       | out |    8|   ap_fifo  |                res_V_data_16_V                |    pointer   |
|res_V_data_16_V_full_n    |  in |    1|   ap_fifo  |                res_V_data_16_V                |    pointer   |
|res_V_data_16_V_write     | out |    1|   ap_fifo  |                res_V_data_16_V                |    pointer   |
|res_V_data_17_V_din       | out |    8|   ap_fifo  |                res_V_data_17_V                |    pointer   |
|res_V_data_17_V_full_n    |  in |    1|   ap_fifo  |                res_V_data_17_V                |    pointer   |
|res_V_data_17_V_write     | out |    1|   ap_fifo  |                res_V_data_17_V                |    pointer   |
|res_V_data_18_V_din       | out |    8|   ap_fifo  |                res_V_data_18_V                |    pointer   |
|res_V_data_18_V_full_n    |  in |    1|   ap_fifo  |                res_V_data_18_V                |    pointer   |
|res_V_data_18_V_write     | out |    1|   ap_fifo  |                res_V_data_18_V                |    pointer   |
|res_V_data_19_V_din       | out |    8|   ap_fifo  |                res_V_data_19_V                |    pointer   |
|res_V_data_19_V_full_n    |  in |    1|   ap_fifo  |                res_V_data_19_V                |    pointer   |
|res_V_data_19_V_write     | out |    1|   ap_fifo  |                res_V_data_19_V                |    pointer   |
|res_V_data_20_V_din       | out |    8|   ap_fifo  |                res_V_data_20_V                |    pointer   |
|res_V_data_20_V_full_n    |  in |    1|   ap_fifo  |                res_V_data_20_V                |    pointer   |
|res_V_data_20_V_write     | out |    1|   ap_fifo  |                res_V_data_20_V                |    pointer   |
|res_V_data_21_V_din       | out |    8|   ap_fifo  |                res_V_data_21_V                |    pointer   |
|res_V_data_21_V_full_n    |  in |    1|   ap_fifo  |                res_V_data_21_V                |    pointer   |
|res_V_data_21_V_write     | out |    1|   ap_fifo  |                res_V_data_21_V                |    pointer   |
|res_V_data_22_V_din       | out |    8|   ap_fifo  |                res_V_data_22_V                |    pointer   |
|res_V_data_22_V_full_n    |  in |    1|   ap_fifo  |                res_V_data_22_V                |    pointer   |
|res_V_data_22_V_write     | out |    1|   ap_fifo  |                res_V_data_22_V                |    pointer   |
|res_V_data_23_V_din       | out |    8|   ap_fifo  |                res_V_data_23_V                |    pointer   |
|res_V_data_23_V_full_n    |  in |    1|   ap_fifo  |                res_V_data_23_V                |    pointer   |
|res_V_data_23_V_write     | out |    1|   ap_fifo  |                res_V_data_23_V                |    pointer   |
|res_V_data_24_V_din       | out |    8|   ap_fifo  |                res_V_data_24_V                |    pointer   |
|res_V_data_24_V_full_n    |  in |    1|   ap_fifo  |                res_V_data_24_V                |    pointer   |
|res_V_data_24_V_write     | out |    1|   ap_fifo  |                res_V_data_24_V                |    pointer   |
|res_V_data_25_V_din       | out |    8|   ap_fifo  |                res_V_data_25_V                |    pointer   |
|res_V_data_25_V_full_n    |  in |    1|   ap_fifo  |                res_V_data_25_V                |    pointer   |
|res_V_data_25_V_write     | out |    1|   ap_fifo  |                res_V_data_25_V                |    pointer   |
|res_V_data_26_V_din       | out |    8|   ap_fifo  |                res_V_data_26_V                |    pointer   |
|res_V_data_26_V_full_n    |  in |    1|   ap_fifo  |                res_V_data_26_V                |    pointer   |
|res_V_data_26_V_write     | out |    1|   ap_fifo  |                res_V_data_26_V                |    pointer   |
|res_V_data_27_V_din       | out |    8|   ap_fifo  |                res_V_data_27_V                |    pointer   |
|res_V_data_27_V_full_n    |  in |    1|   ap_fifo  |                res_V_data_27_V                |    pointer   |
|res_V_data_27_V_write     | out |    1|   ap_fifo  |                res_V_data_27_V                |    pointer   |
|res_V_data_28_V_din       | out |    8|   ap_fifo  |                res_V_data_28_V                |    pointer   |
|res_V_data_28_V_full_n    |  in |    1|   ap_fifo  |                res_V_data_28_V                |    pointer   |
|res_V_data_28_V_write     | out |    1|   ap_fifo  |                res_V_data_28_V                |    pointer   |
|res_V_data_29_V_din       | out |    8|   ap_fifo  |                res_V_data_29_V                |    pointer   |
|res_V_data_29_V_full_n    |  in |    1|   ap_fifo  |                res_V_data_29_V                |    pointer   |
|res_V_data_29_V_write     | out |    1|   ap_fifo  |                res_V_data_29_V                |    pointer   |
|res_V_data_30_V_din       | out |    8|   ap_fifo  |                res_V_data_30_V                |    pointer   |
|res_V_data_30_V_full_n    |  in |    1|   ap_fifo  |                res_V_data_30_V                |    pointer   |
|res_V_data_30_V_write     | out |    1|   ap_fifo  |                res_V_data_30_V                |    pointer   |
|res_V_data_31_V_din       | out |    8|   ap_fifo  |                res_V_data_31_V                |    pointer   |
|res_V_data_31_V_full_n    |  in |    1|   ap_fifo  |                res_V_data_31_V                |    pointer   |
|res_V_data_31_V_write     | out |    1|   ap_fifo  |                res_V_data_31_V                |    pointer   |
+--------------------------+-----+-----+------------+-----------------------------------------------+--------------+

