

================================================================
== Vivado HLS Report for 'Loop_1_proc225'
================================================================
* Date:           Tue Aug  9 17:17:41 2022

* Version:        2019.2.1 (Build 2724168 on Thu Dec 05 05:19:09 MST 2019)
* Project:        myproject_prj
* Solution:       solution1
* Product family: zynq
* Target device:  xc7z020-clg400-1


================================================================
== Performance Estimates
================================================================
+ Timing: 
    * Summary: 
    +--------+----------+----------+------------+
    |  Clock |  Target  | Estimated| Uncertainty|
    +--------+----------+----------+------------+
    |ap_clk  | 10.00 ns | 8.621 ns |   1.25 ns  |
    +--------+----------+----------+------------+

+ Latency: 
    * Summary: 
    +---------+---------+----------+----------+-------+-------+---------+
    |  Latency (cycles) |  Latency (absolute) |    Interval   | Pipeline|
    |   min   |   max   |    min   |    max   |  min  |  max  |   Type  |
    +---------+---------+----------+----------+-------+-------+---------+
    |    14337|    14337| 0.143 ms | 0.143 ms |  14337|  14337|   none  |
    +---------+---------+----------+----------+-------+-------+---------+

    + Detail: 
        * Instance: 
        N/A

        * Loop: 
        +-------------+---------+---------+----------+-----------+-----------+------+----------+
        |             |  Latency (cycles) | Iteration|  Initiation Interval  | Trip |          |
        |  Loop Name  |   min   |   max   |  Latency |  achieved |   target  | Count| Pipelined|
        +-------------+---------+---------+----------+-----------+-----------+------+----------+
        |- Loop 1     |    14336|    14336|        14|          -|          -|  1024|    no    |
        | + Loop 1.1  |       12|       12|         4|          -|          -|     3|    no    |
        +-------------+---------+---------+----------+-----------+-----------+------+----------+



================================================================
== Utilization Estimates
================================================================
* Summary: 
+-----------------+---------+-------+--------+-------+-----+
|       Name      | BRAM_18K| DSP48E|   FF   |  LUT  | URAM|
+-----------------+---------+-------+--------+-------+-----+
|DSP              |        -|      -|       -|      -|    -|
|Expression       |        -|      -|       0|    951|    -|
|FIFO             |        -|      -|       -|      -|    -|
|Instance         |        -|      0|     100|    138|    -|
|Memory           |        -|      -|       -|      -|    -|
|Multiplexer      |        -|      -|       -|    119|    -|
|Register         |        -|      -|     198|      -|    -|
+-----------------+---------+-------+--------+-------+-----+
|Total            |        0|      0|     298|   1208|    0|
+-----------------+---------+-------+--------+-------+-----+
|Available        |      280|    220|  106400|  53200|    0|
+-----------------+---------+-------+--------+-------+-----+
|Utilization (%)  |        0|      0|   ~0   |      2|    0|
+-----------------+---------+-------+--------+-------+-----+

+ Detail: 
    * Instance: 
    +------------------------------------+---------------------------------+---------+-------+-----+-----+-----+
    |              Instance              |              Module             | BRAM_18K| DSP48E|  FF | LUT | URAM|
    +------------------------------------+---------------------------------+---------+-------+-----+-----+-----+
    |myproject_axi_fpext_32ns_64_2_1_U1  |myproject_axi_fpext_32ns_64_2_1  |        0|      0|  100|  138|    0|
    +------------------------------------+---------------------------------+---------+-------+-----+-----+-----+
    |Total                               |                                 |        0|      0|  100|  138|    0|
    +------------------------------------+---------------------------------+---------+-------+-----+-----+-----+

    * DSP48E: 
    N/A

    * Memory: 
    N/A

    * FIFO: 
    N/A

    * Expression: 
    +--------------------------+----------+-------+---+-----+------------+------------+
    |       Variable Name      | Operation| DSP48E| FF| LUT | Bitwidth P0| Bitwidth P1|
    +--------------------------+----------+-------+---+-----+------------+------------+
    |add_ln581_fu_337_p2       |     +    |      0|  0|   12|           5|          12|
    |i_fu_194_p2               |     +    |      0|  0|   13|          11|           1|
    |j_fu_206_p2               |     +    |      0|  0|   10|           2|           1|
    |F2_fu_325_p2              |     -    |      0|  0|   12|          11|          12|
    |man_V_1_fu_305_p2         |     -    |      0|  0|   61|           1|          54|
    |sub_ln356_1_fu_590_p2     |     -    |      0|  0|   15|           5|           5|
    |sub_ln356_fu_560_p2       |     -    |      0|  0|   15|           5|           5|
    |sub_ln581_fu_343_p2       |     -    |      0|  0|   12|           4|          12|
    |and_ln356_1_fu_656_p2     |    and   |      0|  0|   24|          24|          24|
    |and_ln356_2_fu_662_p2     |    and   |      0|  0|   24|          24|          24|
    |and_ln356_fu_644_p2       |    and   |      0|  0|   24|          24|          24|
    |and_ln581_fu_451_p2       |    and   |      0|  0|    2|           1|           1|
    |and_ln582_fu_436_p2       |    and   |      0|  0|    2|           1|           1|
    |and_ln585_1_fu_468_p2     |    and   |      0|  0|    2|           1|           1|
    |and_ln585_fu_462_p2       |    and   |      0|  0|    2|           1|           1|
    |and_ln603_fu_485_p2       |    and   |      0|  0|    2|           1|           1|
    |io_acc_block_signal_op40  |    and   |      0|  0|    2|           1|           1|
    |ashr_ln586_fu_398_p2      |   ashr   |      0|  0|  162|          54|          54|
    |icmp_ln23_fu_188_p2       |   icmp   |      0|  0|   13|          11|          12|
    |icmp_ln26_fu_200_p2       |   icmp   |      0|  0|    8|           2|           2|
    |icmp_ln356_fu_550_p2      |   icmp   |      0|  0|   11|           5|           5|
    |icmp_ln571_fu_319_p2      |   icmp   |      0|  0|   29|          63|           1|
    |icmp_ln581_fu_331_p2      |   icmp   |      0|  0|   13|          12|           4|
    |icmp_ln582_fu_349_p2      |   icmp   |      0|  0|   13|          12|           4|
    |icmp_ln585_fu_372_p2      |   icmp   |      0|  0|   13|          12|           6|
    |icmp_ln603_fu_388_p2      |   icmp   |      0|  0|   13|           9|           1|
    |lshr_ln356_fu_638_p2      |   lshr   |      0|  0|   69|           2|          24|
    |ap_block_state1           |    or    |      0|  0|    2|           1|           1|
    |ap_block_state3           |    or    |      0|  0|    2|           1|           1|
    |ctype_data_V_1_fu_668_p2  |    or    |      0|  0|   24|          24|          24|
    |empty_367_fu_544_p2       |    or    |      0|  0|    5|           5|           3|
    |is_last_fu_221_p2         |    or    |      0|  0|    2|           1|           1|
    |or_ln581_fu_474_p2        |    or    |      0|  0|    2|           1|           1|
    |or_ln582_fu_441_p2        |    or    |      0|  0|    2|           1|           1|
    |or_ln603_1_fu_512_p2      |    or    |      0|  0|    2|           1|           1|
    |or_ln603_2_fu_518_p2      |    or    |      0|  0|    2|           1|           1|
    |or_ln603_fu_499_p2        |    or    |      0|  0|    2|           1|           1|
    |man_V_2_fu_311_p3         |  select  |      0|  0|   54|           1|          54|
    |select_ln356_1_fu_574_p3  |  select  |      0|  0|    5|           1|           5|
    |select_ln356_2_fu_582_p3  |  select  |      0|  0|    5|           1|           5|
    |select_ln356_3_fu_624_p3  |  select  |      0|  0|   24|           1|          24|
    |select_ln356_fu_566_p3    |  select  |      0|  0|    5|           1|           5|
    |select_ln588_fu_418_p3    |  select  |      0|  0|    2|           1|           2|
    |select_ln603_1_fu_505_p3  |  select  |      0|  0|    8|           1|           8|
    |select_ln603_2_fu_524_p3  |  select  |      0|  0|    8|           1|           8|
    |select_ln603_3_fu_529_p3  |  select  |      0|  0|    8|           1|           8|
    |select_ln603_fu_491_p3    |  select  |      0|  0|    8|           1|           8|
    |sh_amt_fu_359_p3          |  select  |      0|  0|   12|           1|          12|
    |shl_ln356_1_fu_632_p2     |    shl   |      0|  0|   69|           2|          24|
    |shl_ln356_fu_608_p2       |    shl   |      0|  0|   69|          24|          24|
    |shl_ln604_fu_426_p2       |    shl   |      0|  0|   19|           8|           8|
    |xor_ln356_fu_650_p2       |    xor   |      0|  0|   24|           2|          24|
    |xor_ln571_fu_431_p2       |    xor   |      0|  0|    2|           1|           2|
    |xor_ln581_fu_479_p2       |    xor   |      0|  0|    2|           1|           2|
    |xor_ln582_fu_445_p2       |    xor   |      0|  0|    2|           1|           2|
    |xor_ln585_fu_456_p2       |    xor   |      0|  0|    2|           1|           2|
    +--------------------------+----------+-------+---+-----+------------+------------+
    |Total                     |          |      0|  0|  951|         392|         555|
    +--------------------------+----------+-------+---+-----+------------+------------+

    * Multiplexer: 
    +---------------------------+----+-----------+-----+-----------+
    |            Name           | LUT| Input Size| Bits| Total Bits|
    +---------------------------+----+-----------+-----+-----------+
    |ap_NS_fsm                  |  38|          7|    1|          7|
    |ap_done                    |   9|          2|    1|          2|
    |i_0_i_reg_151              |   9|          2|   11|         22|
    |in_local_V_data_0_V_blk_n  |   9|          2|    1|          2|
    |in_local_V_data_1_V_blk_n  |   9|          2|    1|          2|
    |in_local_V_data_2_V_blk_n  |   9|          2|    1|          2|
    |in_r_TDATA_blk_n           |   9|          2|    1|          2|
    |is_last_1_fu_122           |   9|          2|    1|          2|
    |j_0_i_reg_162              |   9|          2|    2|          4|
    |real_start                 |   9|          2|    1|          2|
    +---------------------------+----+-----------+-----+-----------+
    |Total                      | 119|         25|   21|         47|
    +---------------------------+----+-----------+-----+-----------+

    * Register: 
    +------------------------+----+----+-----+-----------+
    |          Name          | FF | LUT| Bits| Const Bits|
    +------------------------+----+----+-----+-----------+
    |add_ln581_reg_732       |  12|   0|   12|          0|
    |ap_CS_fsm               |   6|   0|    6|          0|
    |ap_done_reg             |   1|   0|    1|          0|
    |ctype_data_V_fu_126     |  24|   0|   24|          0|
    |i_0_i_reg_151           |  11|   0|   11|          0|
    |i_reg_695               |  11|   0|   11|          0|
    |icmp_ln571_reg_719      |   1|   0|    1|          0|
    |icmp_ln581_reg_725      |   1|   0|    1|          0|
    |icmp_ln582_reg_742      |   1|   0|    1|          0|
    |in_data_tmp_reg_708     |  32|   0|   32|          0|
    |is_last_1_fu_122        |   1|   0|    1|          0|
    |j_0_i_reg_162           |   2|   0|    2|          0|
    |j_reg_703               |   2|   0|    2|          0|
    |man_V_2_reg_714         |  54|   0|   54|          0|
    |or_ln603_2_reg_769      |   1|   0|    1|          0|
    |or_ln603_reg_759        |   1|   0|    1|          0|
    |select_ln603_1_reg_764  |   8|   0|    8|          0|
    |select_ln603_reg_754    |   8|   0|    8|          0|
    |start_once_reg          |   1|   0|    1|          0|
    |sub_ln581_reg_737       |  12|   0|   12|          0|
    |trunc_ln583_reg_748     |   8|   0|    8|          0|
    +------------------------+----+----+-----+-----------+
    |Total                   | 198|   0|  198|          0|
    +------------------------+----+----+-----+-----------+



================================================================
== Interface
================================================================
* Summary: 
+----------------------------+-----+-----+------------+---------------------+--------------+
|          RTL Ports         | Dir | Bits|  Protocol  |    Source Object    |    C Type    |
+----------------------------+-----+-----+------------+---------------------+--------------+
|ap_clk                      |  in |    1| ap_ctrl_hs |    Loop_1_proc225   | return value |
|ap_rst                      |  in |    1| ap_ctrl_hs |    Loop_1_proc225   | return value |
|ap_start                    |  in |    1| ap_ctrl_hs |    Loop_1_proc225   | return value |
|start_full_n                |  in |    1| ap_ctrl_hs |    Loop_1_proc225   | return value |
|ap_done                     | out |    1| ap_ctrl_hs |    Loop_1_proc225   | return value |
|ap_continue                 |  in |    1| ap_ctrl_hs |    Loop_1_proc225   | return value |
|ap_idle                     | out |    1| ap_ctrl_hs |    Loop_1_proc225   | return value |
|ap_ready                    | out |    1| ap_ctrl_hs |    Loop_1_proc225   | return value |
|start_out                   | out |    1| ap_ctrl_hs |    Loop_1_proc225   | return value |
|start_write                 | out |    1| ap_ctrl_hs |    Loop_1_proc225   | return value |
|ap_return                   | out |    1| ap_ctrl_hs |    Loop_1_proc225   | return value |
|in_local_V_data_0_V_din     | out |    8|   ap_fifo  | in_local_V_data_0_V |    pointer   |
|in_local_V_data_0_V_full_n  |  in |    1|   ap_fifo  | in_local_V_data_0_V |    pointer   |
|in_local_V_data_0_V_write   | out |    1|   ap_fifo  | in_local_V_data_0_V |    pointer   |
|in_local_V_data_1_V_din     | out |    8|   ap_fifo  | in_local_V_data_1_V |    pointer   |
|in_local_V_data_1_V_full_n  |  in |    1|   ap_fifo  | in_local_V_data_1_V |    pointer   |
|in_local_V_data_1_V_write   | out |    1|   ap_fifo  | in_local_V_data_1_V |    pointer   |
|in_local_V_data_2_V_din     | out |    8|   ap_fifo  | in_local_V_data_2_V |    pointer   |
|in_local_V_data_2_V_full_n  |  in |    1|   ap_fifo  | in_local_V_data_2_V |    pointer   |
|in_local_V_data_2_V_write   | out |    1|   ap_fifo  | in_local_V_data_2_V |    pointer   |
|in_r_TLAST                  |  in |    1|    axis    |      in_last_V      |    pointer   |
|in_r_TVALID                 |  in |    1|    axis    |       in_data       |    pointer   |
|in_r_TREADY                 | out |    1|    axis    |       in_data       |    pointer   |
|in_r_TDATA                  |  in |   32|    axis    |       in_data       |    pointer   |
+----------------------------+-----+-----+------------+---------------------+--------------+

