#-----------------------------------------------------------
# Vivado v2019.2.1 (64-bit)
# SW Build 2729669 on Thu Dec  5 04:48:12 MST 2019
# IP Build 2729494 on Thu Dec  5 07:38:25 MST 2019
# Start of session at: Tue Aug  9 17:19:31 2022
# Process ID: 37258
# Current directory: /data1/jcampos/tinyml_demo/submissions_tiny_0.7/open/hls4ml-finn/code/ic/RN07/inference/pynq-z2/pynqz2_rn06_v8/myproject_prj/solution1/impl/ip
# Command line: vivado -notrace -mode batch -source run_ippack.tcl
# Log file: /data1/jcampos/tinyml_demo/submissions_tiny_0.7/open/hls4ml-finn/code/ic/RN07/inference/pynq-z2/pynqz2_rn06_v8/myproject_prj/solution1/impl/ip/vivado.log
# Journal file: /data1/jcampos/tinyml_demo/submissions_tiny_0.7/open/hls4ml-finn/code/ic/RN07/inference/pynq-z2/pynqz2_rn06_v8/myproject_prj/solution1/impl/ip/vivado.jou
#-----------------------------------------------------------
source run_ippack.tcl -notrace
INFO: [IP_Flow 19-234] Refreshing IP repositories
INFO: [IP_Flow 19-1704] No user IP repositories specified
INFO: [IP_Flow 19-2313] Loaded Vivado IP repository '/data/Xilinx/Vivado/2019.2/data/ip'.
WARNING: [IP_Flow 19-4832] The IP name 'myproject_axi_ap_fpext_0_no_dsp_32' you have specified is long. The Windows operating system has path length limitations. It is recommended you use shorter names to reduce the likelihood of issues.
INFO: [IP_Flow 19-1686] Generating 'Synthesis' target for IP 'myproject_axi_ap_fpext_0_no_dsp_32'...
INFO: [IP_Flow 19-1686] Generating 'Simulation' target for IP 'myproject_axi_ap_fpext_0_no_dsp_32'...
INFO: [IP_Flow 19-234] Refreshing IP repositories
INFO: [IP_Flow 19-1704] No user IP repositories specified
INFO: [IP_Flow 19-2313] Loaded Vivado IP repository '/data/Xilinx/Vivado/2019.2/data/ip'.
INFO: [Common 17-206] Exiting Vivado at Tue Aug  9 17:19:46 2022...
