#-----------------------------------------------------------
# Vivado v2019.2.1 (64-bit)
# SW Build 2729669 on Thu Dec  5 04:48:12 MST 2019
# IP Build 2729494 on Thu Dec  5 07:38:25 MST 2019
# Start of session at: Tue Aug  9 17:19:52 2022
# Process ID: 37562
# Current directory: /data1/jcampos/tinyml_demo/submissions_tiny_0.7/open/hls4ml-finn/code/ic/RN07/inference/pynq-z2/pynqz2_rn06_v8
# Command line: vivado -mode batch -source design.tcl
# Log file: /data1/jcampos/tinyml_demo/submissions_tiny_0.7/open/hls4ml-finn/code/ic/RN07/inference/pynq-z2/pynqz2_rn06_v8/vivado.log
# Journal file: /data1/jcampos/tinyml_demo/submissions_tiny_0.7/open/hls4ml-finn/code/ic/RN07/inference/pynq-z2/pynqz2_rn06_v8/vivado.jou
#-----------------------------------------------------------
source design.tcl
# set tcldir [file dirname [info script]]
# source [file join $tcldir project.tcl]
## variable myproject
## set myproject "myproject"
## set bit_width_hls_output 32
## set bit_width_hls_input 32
## set fifo_opt 0
## set eembc_power 0
# create_project project_1 ${myproject}_vivado_accelerator -part xc7z020clg400-1 -force
# set_property board_part tul.com.tw:pynq-z2:part0:1.0 [current_project]
# set_property  ip_repo_paths  ${myproject}_prj [current_project]
# update_ip_catalog
INFO: [IP_Flow 19-234] Refreshing IP repositories
INFO: [IP_Flow 19-1700] Loaded user IP repository '/data1/jcampos/tinyml_demo/submissions_tiny_0.7/open/hls4ml-finn/code/ic/RN07/inference/pynq-z2/pynqz2_rn06_v8/myproject_prj'.
INFO: [IP_Flow 19-2313] Loaded Vivado IP repository '/data/Xilinx/Vivado/2019.2/data/ip'.
# create_bd_design "design_1"
Wrote  : </data1/jcampos/tinyml_demo/submissions_tiny_0.7/open/hls4ml-finn/code/ic/RN07/inference/pynq-z2/pynqz2_rn06_v8/myproject_vivado_accelerator/project_1.srcs/sources_1/bd/design_1/design_1.bd> 
# startgroup
# create_bd_cell -type ip -vlnv xilinx.com:ip:processing_system7:5.5 processing_system7_0
WARNING: [BD 41-176] The physical port 'S_AXI_GP2_rd_socket' specified in the portmap, is not found on the block! 
WARNING: [BD 41-176] The physical port 'S_AXI_GP2_wr_socket' specified in the portmap, is not found on the block! 
WARNING: [BD 41-176] The physical port 'S_AXI_GP3_rd_socket' specified in the portmap, is not found on the block! 
WARNING: [BD 41-176] The physical port 'S_AXI_GP3_wr_socket' specified in the portmap, is not found on the block! 
# endgroup
# apply_bd_automation -rule xilinx.com:bd_rule:processing_system7 -config {make_external "FIXED_IO, DDR" apply_board_preset "1" Master "Disable" Slave "Disable" }  [get_bd_cells processing_system7_0]
# startgroup
# set_property -dict [list CONFIG.PCW_USE_S_AXI_HP0 {1}] [get_bd_cells processing_system7_0]
CRITICAL WARNING: [PSU-1]  Parameter : PCW_UIPARAM_DDR_DQS_TO_CLK_DELAY_0 has negative value -0.051 . PS DDR interfaces might fail when entering negative DQS skew values. 
CRITICAL WARNING: [PSU-2]  Parameter : PCW_UIPARAM_DDR_DQS_TO_CLK_DELAY_1 has negative value -0.006 . PS DDR interfaces might fail when entering negative DQS skew values. 
CRITICAL WARNING: [PSU-3]  Parameter : PCW_UIPARAM_DDR_DQS_TO_CLK_DELAY_2 has negative value -0.009 . PS DDR interfaces might fail when entering negative DQS skew values. 
CRITICAL WARNING: [PSU-4]  Parameter : PCW_UIPARAM_DDR_DQS_TO_CLK_DELAY_3 has negative value -0.033 . PS DDR interfaces might fail when entering negative DQS skew values. 
WARNING: [BD 41-176] The physical port 'S_AXI_GP2_rd_socket' specified in the portmap, is not found on the block! 
WARNING: [BD 41-176] The physical port 'S_AXI_GP2_wr_socket' specified in the portmap, is not found on the block! 
WARNING: [BD 41-176] The physical port 'S_AXI_GP3_rd_socket' specified in the portmap, is not found on the block! 
WARNING: [BD 41-176] The physical port 'S_AXI_GP3_wr_socket' specified in the portmap, is not found on the block! 
# endgroup
# startgroup
# create_bd_cell -type ip -vlnv xilinx.com:ip:axi_dma:7.1 axi_dma_0
# endgroup
# set_property -dict [list CONFIG.c_s_axis_s2mm_tdata_width.VALUE_SRC USER] [get_bd_cells axi_dma_0]
# set_property -dict [list CONFIG.c_include_sg {0} CONFIG.c_sg_length_width {26} CONFIG.c_sg_include_stscntrl_strm {0} CONFIG.c_m_axi_mm2s_data_width ${bit_width_hls_input} CONFIG.c_m_axis_mm2s_tdata_width ${bit_width_hls_input} CONFIG.c_mm2s_burst_size {256} CONFIG.c_s_axis_s2mm_tdata_width ${bit_width_hls_output} CONFIG.c_s_axis_s2mm_data_width ${bit_width_hls_output} CONFIG.c_s2mm_burst_size {256}] [get_bd_cells axi_dma_0]
CRITICAL WARNING: [BD 41-1276] Cannot set the parameter c_s_axis_s2mm_data_width on /axi_dma_0. Parameter does not exist
# startgroup
# apply_bd_automation -rule xilinx.com:bd_rule:axi4 -config { Clk_master {Auto} Clk_slave {Auto} Clk_xbar {Auto} Master {/processing_system7_0/M_AXI_GP0} Slave {/axi_dma_0/S_AXI_LITE} ddr_seg {Auto} intc_ip {New AXI Interconnect} master_apm {0}}  [get_bd_intf_pins axi_dma_0/S_AXI_LITE]
INFO: [Ipptcl 7-1463] No Compatible Board Interface found. Board Tab not created in customize GUI
Slave segment </axi_dma_0/S_AXI_LITE/Reg> is being mapped into address space </processing_system7_0/Data> at <0x4040_0000 [ 64K ]>
# apply_bd_automation -rule xilinx.com:bd_rule:axi4 -config { Clk_master {Auto} Clk_slave {Auto} Clk_xbar {Auto} Master {/axi_dma_0/M_AXI_MM2S} Slave {/processing_system7_0/S_AXI_HP0} ddr_seg {Auto} intc_ip {New AXI Interconnect} master_apm {0}}  [get_bd_intf_pins processing_system7_0/S_AXI_HP0]
Slave segment </processing_system7_0/S_AXI_HP0/HP0_DDR_LOWOCM> is being mapped into address space </axi_dma_0/Data_MM2S> at <0x0000_0000 [ 512M ]>
# endgroup
# apply_bd_automation -rule xilinx.com:bd_rule:axi4 -config { Clk_master {Auto} Clk_slave {/processing_system7_0/FCLK_CLK0 (100 MHz)} Clk_xbar {/processing_system7_0/FCLK_CLK0 (100 MHz)} Master {/axi_dma_0/M_AXI_S2MM} Slave {/processing_system7_0/S_AXI_HP0} ddr_seg {Auto} intc_ip {/axi_mem_intercon} master_apm {0}}  [get_bd_intf_pins axi_dma_0/M_AXI_S2MM]
Slave segment </processing_system7_0/S_AXI_HP0/HP0_DDR_LOWOCM> is being mapped into address space </axi_dma_0/Data_S2MM> at <0x0000_0000 [ 512M ]>
# startgroup
# create_bd_cell -type ip -vlnv xilinx.com:hls:${myproject}_axi:1.0 ${myproject}_axi_0
# endgroup
# connect_bd_intf_net [get_bd_intf_pins axi_dma_0/M_AXIS_MM2S] [get_bd_intf_pins ${myproject}_axi_0/in_r]
# connect_bd_intf_net [get_bd_intf_pins ${myproject}_axi_0/out_r] [get_bd_intf_pins axi_dma_0/S_AXIS_S2MM]
# apply_bd_automation -rule xilinx.com:bd_rule:clkrst -config { Clk {/processing_system7_0/FCLK_CLK0 (100 MHz)} Freq {100} Ref_Clk0 {} Ref_Clk1 {} Ref_Clk2 {}}  [get_bd_pins ${myproject}_axi_0/ap_clk]
# group_bd_cells hier_0 [get_bd_cells axi_dma_0] [get_bd_cells ${myproject}_axi_0]
# make_wrapper -files [get_files ./${myproject}_vivado_accelerator/project_1.srcs/sources_1/bd/design_1/design_1.bd] -top
WARNING: [BD 41-702] Propagation TCL tries to overwrite USER strength parameter PCW_M_AXI_GP0_FREQMHZ(10) on '/processing_system7_0' with propagated value(100). Command ignored
WARNING: [BD 41-702] Propagation TCL tries to overwrite USER strength parameter PCW_S_AXI_HP0_FREQMHZ(10) on '/processing_system7_0' with propagated value(100). Command ignored
Wrote  : </data1/jcampos/tinyml_demo/submissions_tiny_0.7/open/hls4ml-finn/code/ic/RN07/inference/pynq-z2/pynqz2_rn06_v8/myproject_vivado_accelerator/project_1.srcs/sources_1/bd/design_1/design_1.bd> 
WARNING: [BD 41-235] Width mismatch when connecting pin: '/axi_mem_intercon/m00_couplers/auto_pc/m_axi_rid'(1) to net 'auto_pc_to_m00_couplers_RID'(6) - Only lower order bits will be connected.
WARNING: [BD 41-235] Width mismatch when connecting pin: '/axi_mem_intercon/m00_couplers/auto_pc/m_axi_bid'(1) to net 'auto_pc_to_m00_couplers_BID'(6) - Only lower order bits will be connected.
WARNING: [BD 41-235] Width mismatch when connecting pin: '/processing_system7_0/S_AXI_HP0_ARID'(6) to net 'axi_mem_intercon_M00_AXI_ARID'(1) - Only lower order bits will be connected.
WARNING: [BD 41-235] Width mismatch when connecting pin: '/processing_system7_0/S_AXI_HP0_AWID'(6) to net 'axi_mem_intercon_M00_AXI_AWID'(1) - Only lower order bits will be connected.
WARNING: [BD 41-235] Width mismatch when connecting pin: '/processing_system7_0/S_AXI_HP0_WID'(6) to net 'axi_mem_intercon_M00_AXI_WID'(1) - Only lower order bits will be connected.
VHDL Output written to : /data1/jcampos/tinyml_demo/submissions_tiny_0.7/open/hls4ml-finn/code/ic/RN07/inference/pynq-z2/pynqz2_rn06_v8/myproject_vivado_accelerator/project_1.srcs/sources_1/bd/design_1/synth/design_1.v
WARNING: [BD 41-235] Width mismatch when connecting pin: '/axi_mem_intercon/m00_couplers/auto_pc/m_axi_rid'(1) to net 'auto_pc_to_m00_couplers_RID'(6) - Only lower order bits will be connected.
WARNING: [BD 41-235] Width mismatch when connecting pin: '/axi_mem_intercon/m00_couplers/auto_pc/m_axi_bid'(1) to net 'auto_pc_to_m00_couplers_BID'(6) - Only lower order bits will be connected.
WARNING: [BD 41-235] Width mismatch when connecting pin: '/processing_system7_0/S_AXI_HP0_ARID'(6) to net 'axi_mem_intercon_M00_AXI_ARID'(1) - Only lower order bits will be connected.
WARNING: [BD 41-235] Width mismatch when connecting pin: '/processing_system7_0/S_AXI_HP0_AWID'(6) to net 'axi_mem_intercon_M00_AXI_AWID'(1) - Only lower order bits will be connected.
WARNING: [BD 41-235] Width mismatch when connecting pin: '/processing_system7_0/S_AXI_HP0_WID'(6) to net 'axi_mem_intercon_M00_AXI_WID'(1) - Only lower order bits will be connected.
VHDL Output written to : /data1/jcampos/tinyml_demo/submissions_tiny_0.7/open/hls4ml-finn/code/ic/RN07/inference/pynq-z2/pynqz2_rn06_v8/myproject_vivado_accelerator/project_1.srcs/sources_1/bd/design_1/sim/design_1.v
VHDL Output written to : /data1/jcampos/tinyml_demo/submissions_tiny_0.7/open/hls4ml-finn/code/ic/RN07/inference/pynq-z2/pynqz2_rn06_v8/myproject_vivado_accelerator/project_1.srcs/sources_1/bd/design_1/hdl/design_1_wrapper.v
# add_files -norecurse ./${myproject}_vivado_accelerator/project_1.srcs/sources_1/bd/design_1/hdl/design_1_wrapper.v
# reset_run impl_1
# reset_run synth_1
# launch_runs impl_1 -to_step write_bitstream -jobs 6
INFO: [BD 41-1662] The design 'design_1.bd' is already validated. Therefore parameter propagation will not be re-run.
WARNING: [BD 41-235] Width mismatch when connecting pin: '/axi_mem_intercon/m00_couplers/auto_pc/m_axi_rid'(1) to net 'auto_pc_to_m00_couplers_RID'(6) - Only lower order bits will be connected.
WARNING: [BD 41-235] Width mismatch when connecting pin: '/axi_mem_intercon/m00_couplers/auto_pc/m_axi_bid'(1) to net 'auto_pc_to_m00_couplers_BID'(6) - Only lower order bits will be connected.
WARNING: [BD 41-235] Width mismatch when connecting pin: '/processing_system7_0/S_AXI_HP0_ARID'(6) to net 'axi_mem_intercon_M00_AXI_ARID'(1) - Only lower order bits will be connected.
WARNING: [BD 41-235] Width mismatch when connecting pin: '/processing_system7_0/S_AXI_HP0_AWID'(6) to net 'axi_mem_intercon_M00_AXI_AWID'(1) - Only lower order bits will be connected.
WARNING: [BD 41-235] Width mismatch when connecting pin: '/processing_system7_0/S_AXI_HP0_WID'(6) to net 'axi_mem_intercon_M00_AXI_WID'(1) - Only lower order bits will be connected.
VHDL Output written to : /data1/jcampos/tinyml_demo/submissions_tiny_0.7/open/hls4ml-finn/code/ic/RN07/inference/pynq-z2/pynqz2_rn06_v8/myproject_vivado_accelerator/project_1.srcs/sources_1/bd/design_1/synth/design_1.v
WARNING: [BD 41-235] Width mismatch when connecting pin: '/axi_mem_intercon/m00_couplers/auto_pc/m_axi_rid'(1) to net 'auto_pc_to_m00_couplers_RID'(6) - Only lower order bits will be connected.
WARNING: [BD 41-235] Width mismatch when connecting pin: '/axi_mem_intercon/m00_couplers/auto_pc/m_axi_bid'(1) to net 'auto_pc_to_m00_couplers_BID'(6) - Only lower order bits will be connected.
WARNING: [BD 41-235] Width mismatch when connecting pin: '/processing_system7_0/S_AXI_HP0_ARID'(6) to net 'axi_mem_intercon_M00_AXI_ARID'(1) - Only lower order bits will be connected.
WARNING: [BD 41-235] Width mismatch when connecting pin: '/processing_system7_0/S_AXI_HP0_AWID'(6) to net 'axi_mem_intercon_M00_AXI_AWID'(1) - Only lower order bits will be connected.
WARNING: [BD 41-235] Width mismatch when connecting pin: '/processing_system7_0/S_AXI_HP0_WID'(6) to net 'axi_mem_intercon_M00_AXI_WID'(1) - Only lower order bits will be connected.
VHDL Output written to : /data1/jcampos/tinyml_demo/submissions_tiny_0.7/open/hls4ml-finn/code/ic/RN07/inference/pynq-z2/pynqz2_rn06_v8/myproject_vivado_accelerator/project_1.srcs/sources_1/bd/design_1/sim/design_1.v
VHDL Output written to : /data1/jcampos/tinyml_demo/submissions_tiny_0.7/open/hls4ml-finn/code/ic/RN07/inference/pynq-z2/pynqz2_rn06_v8/myproject_vivado_accelerator/project_1.srcs/sources_1/bd/design_1/hdl/design_1_wrapper.v
WARNING: [IP_Flow 19-5611] Unable to find an associated reset port for the interface 'M_AXI_GP0'. A default connection has been created.
WARNING: [IP_Flow 19-5611] Unable to find an associated reset port for the interface 'S_AXI_HP0'. A default connection has been created.
INFO: [BD 41-1029] Generation completed for the IP Integrator block processing_system7_0 .
WARNING: [IP_Flow 19-4994] Overwriting existing constraint file '/data1/jcampos/tinyml_demo/submissions_tiny_0.7/open/hls4ml-finn/code/ic/RN07/inference/pynq-z2/pynqz2_rn06_v8/myproject_vivado_accelerator/project_1.srcs/sources_1/bd/design_1/ip/design_1_auto_pc_0/design_1_auto_pc_0_ooc.xdc'
INFO: [BD 41-1029] Generation completed for the IP Integrator block ps7_0_axi_periph/s00_couplers/auto_pc .
INFO: [BD 41-1029] Generation completed for the IP Integrator block rst_ps7_0_100M .
INFO: [BD 41-1029] Generation completed for the IP Integrator block axi_mem_intercon/xbar .
WARNING: [IP_Flow 19-4994] Overwriting existing constraint file '/data1/jcampos/tinyml_demo/submissions_tiny_0.7/open/hls4ml-finn/code/ic/RN07/inference/pynq-z2/pynqz2_rn06_v8/myproject_vivado_accelerator/project_1.srcs/sources_1/bd/design_1/ip/design_1_auto_us_0/design_1_auto_us_0_ooc.xdc'
INFO: [BD 41-1029] Generation completed for the IP Integrator block axi_mem_intercon/s00_couplers/auto_us .
WARNING: [IP_Flow 19-4994] Overwriting existing constraint file '/data1/jcampos/tinyml_demo/submissions_tiny_0.7/open/hls4ml-finn/code/ic/RN07/inference/pynq-z2/pynqz2_rn06_v8/myproject_vivado_accelerator/project_1.srcs/sources_1/bd/design_1/ip/design_1_auto_us_1/design_1_auto_us_1_ooc.xdc'
INFO: [BD 41-1029] Generation completed for the IP Integrator block axi_mem_intercon/s01_couplers/auto_us .
WARNING: [IP_Flow 19-4994] Overwriting existing constraint file '/data1/jcampos/tinyml_demo/submissions_tiny_0.7/open/hls4ml-finn/code/ic/RN07/inference/pynq-z2/pynqz2_rn06_v8/myproject_vivado_accelerator/project_1.srcs/sources_1/bd/design_1/ip/design_1_auto_pc_1/design_1_auto_pc_1_ooc.xdc'
INFO: [BD 41-1029] Generation completed for the IP Integrator block axi_mem_intercon/m00_couplers/auto_pc .
INFO: [BD 41-1029] Generation completed for the IP Integrator block hier_0/axi_dma_0 .
WARNING: [IP_Flow 19-519] IP 'design_1_myproject_axi_0_0' detected a language mismatch between 'VHDL Simulation Wrapper' and 'Verilog Simulation' output products. Please check with the IP provider to see if this is expected.
INFO: [BD 41-1029] Generation completed for the IP Integrator block hier_0/myproject_axi_0 .
Exporting to file /data1/jcampos/tinyml_demo/submissions_tiny_0.7/open/hls4ml-finn/code/ic/RN07/inference/pynq-z2/pynqz2_rn06_v8/myproject_vivado_accelerator/project_1.srcs/sources_1/bd/design_1/hw_handoff/design_1.hwh
Generated Block Design Tcl file /data1/jcampos/tinyml_demo/submissions_tiny_0.7/open/hls4ml-finn/code/ic/RN07/inference/pynq-z2/pynqz2_rn06_v8/myproject_vivado_accelerator/project_1.srcs/sources_1/bd/design_1/hw_handoff/design_1_bd.tcl
Generated Hardware Definition File /data1/jcampos/tinyml_demo/submissions_tiny_0.7/open/hls4ml-finn/code/ic/RN07/inference/pynq-z2/pynqz2_rn06_v8/myproject_vivado_accelerator/project_1.srcs/sources_1/bd/design_1/synth/design_1.hwdef
INFO: [IP_Flow 19-5642] Done with IP cache export for multiple IPs
[Tue Aug  9 17:20:41 2022] Launched design_1_processing_system7_0_0_synth_1, design_1_rst_ps7_0_100M_0_synth_1, design_1_axi_dma_0_0_synth_1, design_1_auto_pc_1_synth_1, design_1_xbar_0_synth_1, design_1_auto_us_0_synth_1, design_1_myproject_axi_0_0_synth_1, design_1_auto_us_1_synth_1, design_1_auto_pc_0_synth_1, synth_1...
Run output will be captured here:
design_1_processing_system7_0_0_synth_1: /data1/jcampos/tinyml_demo/submissions_tiny_0.7/open/hls4ml-finn/code/ic/RN07/inference/pynq-z2/pynqz2_rn06_v8/myproject_vivado_accelerator/project_1.runs/design_1_processing_system7_0_0_synth_1/runme.log
design_1_rst_ps7_0_100M_0_synth_1: /data1/jcampos/tinyml_demo/submissions_tiny_0.7/open/hls4ml-finn/code/ic/RN07/inference/pynq-z2/pynqz2_rn06_v8/myproject_vivado_accelerator/project_1.runs/design_1_rst_ps7_0_100M_0_synth_1/runme.log
design_1_axi_dma_0_0_synth_1: /data1/jcampos/tinyml_demo/submissions_tiny_0.7/open/hls4ml-finn/code/ic/RN07/inference/pynq-z2/pynqz2_rn06_v8/myproject_vivado_accelerator/project_1.runs/design_1_axi_dma_0_0_synth_1/runme.log
design_1_auto_pc_1_synth_1: /data1/jcampos/tinyml_demo/submissions_tiny_0.7/open/hls4ml-finn/code/ic/RN07/inference/pynq-z2/pynqz2_rn06_v8/myproject_vivado_accelerator/project_1.runs/design_1_auto_pc_1_synth_1/runme.log
design_1_xbar_0_synth_1: /data1/jcampos/tinyml_demo/submissions_tiny_0.7/open/hls4ml-finn/code/ic/RN07/inference/pynq-z2/pynqz2_rn06_v8/myproject_vivado_accelerator/project_1.runs/design_1_xbar_0_synth_1/runme.log
design_1_auto_us_0_synth_1: /data1/jcampos/tinyml_demo/submissions_tiny_0.7/open/hls4ml-finn/code/ic/RN07/inference/pynq-z2/pynqz2_rn06_v8/myproject_vivado_accelerator/project_1.runs/design_1_auto_us_0_synth_1/runme.log
design_1_myproject_axi_0_0_synth_1: /data1/jcampos/tinyml_demo/submissions_tiny_0.7/open/hls4ml-finn/code/ic/RN07/inference/pynq-z2/pynqz2_rn06_v8/myproject_vivado_accelerator/project_1.runs/design_1_myproject_axi_0_0_synth_1/runme.log
design_1_auto_us_1_synth_1: /data1/jcampos/tinyml_demo/submissions_tiny_0.7/open/hls4ml-finn/code/ic/RN07/inference/pynq-z2/pynqz2_rn06_v8/myproject_vivado_accelerator/project_1.runs/design_1_auto_us_1_synth_1/runme.log
design_1_auto_pc_0_synth_1: /data1/jcampos/tinyml_demo/submissions_tiny_0.7/open/hls4ml-finn/code/ic/RN07/inference/pynq-z2/pynqz2_rn06_v8/myproject_vivado_accelerator/project_1.runs/design_1_auto_pc_0_synth_1/runme.log
synth_1: /data1/jcampos/tinyml_demo/submissions_tiny_0.7/open/hls4ml-finn/code/ic/RN07/inference/pynq-z2/pynqz2_rn06_v8/myproject_vivado_accelerator/project_1.runs/synth_1/runme.log
[Tue Aug  9 17:20:41 2022] Launched impl_1...
Run output will be captured here: /data1/jcampos/tinyml_demo/submissions_tiny_0.7/open/hls4ml-finn/code/ic/RN07/inference/pynq-z2/pynqz2_rn06_v8/myproject_vivado_accelerator/project_1.runs/impl_1/runme.log
launch_runs: Time (s): cpu = 00:00:22 ; elapsed = 00:00:27 . Memory (MB): peak = 2178.043 ; gain = 236.102 ; free physical = 71909 ; free virtual = 148601
# wait_on_run -timeout 360 impl_1
[Tue Aug  9 17:20:41 2022] Waiting for impl_1 to finish (timeout in 360 minutes)...

*** Running vivado
    with args -log design_1_wrapper.vdi -applog -m64 -product Vivado -messageDb vivado.pb -mode batch -source design_1_wrapper.tcl -notrace


****** Vivado v2019.2.1 (64-bit)
  **** SW Build 2729669 on Thu Dec  5 04:48:12 MST 2019
  **** IP Build 2729494 on Thu Dec  5 07:38:25 MST 2019
    ** Copyright 1986-2019 Xilinx, Inc. All Rights Reserved.

source design_1_wrapper.tcl -notrace
INFO: [IP_Flow 19-234] Refreshing IP repositories
INFO: [IP_Flow 19-1700] Loaded user IP repository '/data1/jcampos/tinyml_demo/submissions_tiny_0.7/open/hls4ml-finn/code/ic/RN07/inference/pynq-z2/pynqz2_rn06_v8/myproject_prj'.
INFO: [IP_Flow 19-2313] Loaded Vivado IP repository '/data/Xilinx/Vivado/2019.2/data/ip'.
Command: link_design -top design_1_wrapper -part xc7z020clg400-1
Design is defaulting to srcset: sources_1
Design is defaulting to constrset: constrs_1
INFO: [Device 21-403] Loading part xc7z020clg400-1
INFO: [Project 1-454] Reading design checkpoint '/data1/jcampos/tinyml_demo/submissions_tiny_0.7/open/hls4ml-finn/code/ic/RN07/inference/pynq-z2/pynqz2_rn06_v8/myproject_vivado_accelerator/project_1.srcs/sources_1/bd/design_1/ip/design_1_processing_system7_0_0/design_1_processing_system7_0_0.dcp' for cell 'design_1_i/processing_system7_0'
INFO: [Project 1-454] Reading design checkpoint '/data1/jcampos/tinyml_demo/submissions_tiny_0.7/open/hls4ml-finn/code/ic/RN07/inference/pynq-z2/pynqz2_rn06_v8/myproject_vivado_accelerator/project_1.srcs/sources_1/bd/design_1/ip/design_1_rst_ps7_0_100M_0/design_1_rst_ps7_0_100M_0.dcp' for cell 'design_1_i/rst_ps7_0_100M'
INFO: [Project 1-454] Reading design checkpoint '/data1/jcampos/tinyml_demo/submissions_tiny_0.7/open/hls4ml-finn/code/ic/RN07/inference/pynq-z2/pynqz2_rn06_v8/myproject_vivado_accelerator/project_1.srcs/sources_1/bd/design_1/ip/design_1_xbar_0/design_1_xbar_0.dcp' for cell 'design_1_i/axi_mem_intercon/xbar'
INFO: [Project 1-454] Reading design checkpoint '/data1/jcampos/tinyml_demo/submissions_tiny_0.7/open/hls4ml-finn/code/ic/RN07/inference/pynq-z2/pynqz2_rn06_v8/myproject_vivado_accelerator/project_1.srcs/sources_1/bd/design_1/ip/design_1_auto_pc_1/design_1_auto_pc_1.dcp' for cell 'design_1_i/axi_mem_intercon/m00_couplers/auto_pc'
INFO: [Project 1-454] Reading design checkpoint '/data1/jcampos/tinyml_demo/submissions_tiny_0.7/open/hls4ml-finn/code/ic/RN07/inference/pynq-z2/pynqz2_rn06_v8/myproject_vivado_accelerator/project_1.srcs/sources_1/bd/design_1/ip/design_1_auto_us_0/design_1_auto_us_0.dcp' for cell 'design_1_i/axi_mem_intercon/s00_couplers/auto_us'
INFO: [Project 1-454] Reading design checkpoint '/data1/jcampos/tinyml_demo/submissions_tiny_0.7/open/hls4ml-finn/code/ic/RN07/inference/pynq-z2/pynqz2_rn06_v8/myproject_vivado_accelerator/project_1.srcs/sources_1/bd/design_1/ip/design_1_auto_us_1/design_1_auto_us_1.dcp' for cell 'design_1_i/axi_mem_intercon/s01_couplers/auto_us'
INFO: [Project 1-454] Reading design checkpoint '/data1/jcampos/tinyml_demo/submissions_tiny_0.7/open/hls4ml-finn/code/ic/RN07/inference/pynq-z2/pynqz2_rn06_v8/myproject_vivado_accelerator/project_1.srcs/sources_1/bd/design_1/ip/design_1_axi_dma_0_0/design_1_axi_dma_0_0.dcp' for cell 'design_1_i/hier_0/axi_dma_0'
INFO: [Project 1-454] Reading design checkpoint '/data1/jcampos/tinyml_demo/submissions_tiny_0.7/open/hls4ml-finn/code/ic/RN07/inference/pynq-z2/pynqz2_rn06_v8/myproject_vivado_accelerator/project_1.srcs/sources_1/bd/design_1/ip/design_1_myproject_axi_0_0/design_1_myproject_axi_0_0.dcp' for cell 'design_1_i/hier_0/myproject_axi_0'
INFO: [Project 1-454] Reading design checkpoint '/data1/jcampos/tinyml_demo/submissions_tiny_0.7/open/hls4ml-finn/code/ic/RN07/inference/pynq-z2/pynqz2_rn06_v8/myproject_vivado_accelerator/project_1.srcs/sources_1/bd/design_1/ip/design_1_auto_pc_0/design_1_auto_pc_0.dcp' for cell 'design_1_i/ps7_0_axi_periph/s00_couplers/auto_pc'
Netlist sorting complete. Time (s): cpu = 00:00:00.37 ; elapsed = 00:00:00.37 . Memory (MB): peak = 1984.848 ; gain = 0.000 ; free physical = 71079 ; free virtual = 147915
INFO: [Netlist 29-17] Analyzing 7605 Unisim elements for replacement
INFO: [Netlist 29-28] Unisim Transformation completed in 0 CPU seconds
INFO: [Project 1-479] Netlist was created with Vivado 2019.2.1
INFO: [Project 1-570] Preparing netlist for logic optimization
Parsing XDC File [/data1/jcampos/tinyml_demo/submissions_tiny_0.7/open/hls4ml-finn/code/ic/RN07/inference/pynq-z2/pynqz2_rn06_v8/myproject_vivado_accelerator/project_1.srcs/sources_1/bd/design_1/ip/design_1_processing_system7_0_0/design_1_processing_system7_0_0.xdc] for cell 'design_1_i/processing_system7_0/inst'
Finished Parsing XDC File [/data1/jcampos/tinyml_demo/submissions_tiny_0.7/open/hls4ml-finn/code/ic/RN07/inference/pynq-z2/pynqz2_rn06_v8/myproject_vivado_accelerator/project_1.srcs/sources_1/bd/design_1/ip/design_1_processing_system7_0_0/design_1_processing_system7_0_0.xdc] for cell 'design_1_i/processing_system7_0/inst'
Parsing XDC File [/data1/jcampos/tinyml_demo/submissions_tiny_0.7/open/hls4ml-finn/code/ic/RN07/inference/pynq-z2/pynqz2_rn06_v8/myproject_vivado_accelerator/project_1.srcs/sources_1/bd/design_1/ip/design_1_rst_ps7_0_100M_0/design_1_rst_ps7_0_100M_0_board.xdc] for cell 'design_1_i/rst_ps7_0_100M/U0'
Finished Parsing XDC File [/data1/jcampos/tinyml_demo/submissions_tiny_0.7/open/hls4ml-finn/code/ic/RN07/inference/pynq-z2/pynqz2_rn06_v8/myproject_vivado_accelerator/project_1.srcs/sources_1/bd/design_1/ip/design_1_rst_ps7_0_100M_0/design_1_rst_ps7_0_100M_0_board.xdc] for cell 'design_1_i/rst_ps7_0_100M/U0'
Parsing XDC File [/data1/jcampos/tinyml_demo/submissions_tiny_0.7/open/hls4ml-finn/code/ic/RN07/inference/pynq-z2/pynqz2_rn06_v8/myproject_vivado_accelerator/project_1.srcs/sources_1/bd/design_1/ip/design_1_rst_ps7_0_100M_0/design_1_rst_ps7_0_100M_0.xdc] for cell 'design_1_i/rst_ps7_0_100M/U0'
Finished Parsing XDC File [/data1/jcampos/tinyml_demo/submissions_tiny_0.7/open/hls4ml-finn/code/ic/RN07/inference/pynq-z2/pynqz2_rn06_v8/myproject_vivado_accelerator/project_1.srcs/sources_1/bd/design_1/ip/design_1_rst_ps7_0_100M_0/design_1_rst_ps7_0_100M_0.xdc] for cell 'design_1_i/rst_ps7_0_100M/U0'
Parsing XDC File [/data1/jcampos/tinyml_demo/submissions_tiny_0.7/open/hls4ml-finn/code/ic/RN07/inference/pynq-z2/pynqz2_rn06_v8/myproject_vivado_accelerator/project_1.srcs/sources_1/bd/design_1/ip/design_1_axi_dma_0_0/design_1_axi_dma_0_0.xdc] for cell 'design_1_i/hier_0/axi_dma_0/U0'
WARNING: [Vivado_Tcl 4-921] Waiver ID 'CDC-1' -to list should not be empty. [/data1/jcampos/tinyml_demo/submissions_tiny_0.7/open/hls4ml-finn/code/ic/RN07/inference/pynq-z2/pynqz2_rn06_v8/myproject_vivado_accelerator/project_1.srcs/sources_1/bd/design_1/ip/design_1_axi_dma_0_0/design_1_axi_dma_0_0.xdc:52]
WARNING: [Vivado_Tcl 4-921] Waiver ID 'CDC-1' -to list should not be empty. [/data1/jcampos/tinyml_demo/submissions_tiny_0.7/open/hls4ml-finn/code/ic/RN07/inference/pynq-z2/pynqz2_rn06_v8/myproject_vivado_accelerator/project_1.srcs/sources_1/bd/design_1/ip/design_1_axi_dma_0_0/design_1_axi_dma_0_0.xdc:56]
WARNING: [Vivado_Tcl 4-919] Waiver ID 'CDC-1' -from list should not be empty. [/data1/jcampos/tinyml_demo/submissions_tiny_0.7/open/hls4ml-finn/code/ic/RN07/inference/pynq-z2/pynqz2_rn06_v8/myproject_vivado_accelerator/project_1.srcs/sources_1/bd/design_1/ip/design_1_axi_dma_0_0/design_1_axi_dma_0_0.xdc:61]
Finished Parsing XDC File [/data1/jcampos/tinyml_demo/submissions_tiny_0.7/open/hls4ml-finn/code/ic/RN07/inference/pynq-z2/pynqz2_rn06_v8/myproject_vivado_accelerator/project_1.srcs/sources_1/bd/design_1/ip/design_1_axi_dma_0_0/design_1_axi_dma_0_0.xdc] for cell 'design_1_i/hier_0/axi_dma_0/U0'
Parsing XDC File [/data1/jcampos/tinyml_demo/submissions_tiny_0.7/open/hls4ml-finn/code/ic/RN07/inference/pynq-z2/pynqz2_rn06_v8/myproject_vivado_accelerator/project_1.srcs/sources_1/bd/design_1/ip/design_1_auto_us_0/design_1_auto_us_0_clocks.xdc] for cell 'design_1_i/axi_mem_intercon/s00_couplers/auto_us/inst'
Finished Parsing XDC File [/data1/jcampos/tinyml_demo/submissions_tiny_0.7/open/hls4ml-finn/code/ic/RN07/inference/pynq-z2/pynqz2_rn06_v8/myproject_vivado_accelerator/project_1.srcs/sources_1/bd/design_1/ip/design_1_auto_us_0/design_1_auto_us_0_clocks.xdc] for cell 'design_1_i/axi_mem_intercon/s00_couplers/auto_us/inst'
Parsing XDC File [/data1/jcampos/tinyml_demo/submissions_tiny_0.7/open/hls4ml-finn/code/ic/RN07/inference/pynq-z2/pynqz2_rn06_v8/myproject_vivado_accelerator/project_1.srcs/sources_1/bd/design_1/ip/design_1_auto_us_1/design_1_auto_us_1_clocks.xdc] for cell 'design_1_i/axi_mem_intercon/s01_couplers/auto_us/inst'
Finished Parsing XDC File [/data1/jcampos/tinyml_demo/submissions_tiny_0.7/open/hls4ml-finn/code/ic/RN07/inference/pynq-z2/pynqz2_rn06_v8/myproject_vivado_accelerator/project_1.srcs/sources_1/bd/design_1/ip/design_1_auto_us_1/design_1_auto_us_1_clocks.xdc] for cell 'design_1_i/axi_mem_intercon/s01_couplers/auto_us/inst'
Parsing XDC File [/data1/jcampos/tinyml_demo/submissions_tiny_0.7/open/hls4ml-finn/code/ic/RN07/inference/pynq-z2/pynqz2_rn06_v8/myproject_vivado_accelerator/project_1.srcs/sources_1/bd/design_1/ip/design_1_axi_dma_0_0/design_1_axi_dma_0_0_clocks.xdc] for cell 'design_1_i/hier_0/axi_dma_0/U0'
Finished Parsing XDC File [/data1/jcampos/tinyml_demo/submissions_tiny_0.7/open/hls4ml-finn/code/ic/RN07/inference/pynq-z2/pynqz2_rn06_v8/myproject_vivado_accelerator/project_1.srcs/sources_1/bd/design_1/ip/design_1_axi_dma_0_0/design_1_axi_dma_0_0_clocks.xdc] for cell 'design_1_i/hier_0/axi_dma_0/U0'
Sourcing Tcl File [/data/Xilinx/Vivado/2019.2/data/ip/xpm/xpm_cdc/tcl/xpm_cdc_async_rst.tcl] for cell 'design_1_i/axi_mem_intercon/m00_couplers/auto_pc/inst/gen_axi4_axi3.axi3_conv_inst/USE_READ.USE_SPLIT_R.read_addr_inst/USE_R_CHANNEL.cmd_queue/inst/fifo_gen_inst/inst_fifo_gen/gconvfifo.rf/grf.rf/rstblk/ngwrdrst.grst.g7serrst.gnsckt_wrst.rst_wr_reg2_inst'
Finished Sourcing Tcl File [/data/Xilinx/Vivado/2019.2/data/ip/xpm/xpm_cdc/tcl/xpm_cdc_async_rst.tcl] for cell 'design_1_i/axi_mem_intercon/m00_couplers/auto_pc/inst/gen_axi4_axi3.axi3_conv_inst/USE_READ.USE_SPLIT_R.read_addr_inst/USE_R_CHANNEL.cmd_queue/inst/fifo_gen_inst/inst_fifo_gen/gconvfifo.rf/grf.rf/rstblk/ngwrdrst.grst.g7serrst.gnsckt_wrst.rst_wr_reg2_inst'
Sourcing Tcl File [/data/Xilinx/Vivado/2019.2/data/ip/xpm/xpm_cdc/tcl/xpm_cdc_async_rst.tcl] for cell 'design_1_i/axi_mem_intercon/m00_couplers/auto_pc/inst/gen_axi4_axi3.axi3_conv_inst/USE_WRITE.write_addr_inst/USE_BURSTS.cmd_queue/inst/fifo_gen_inst/inst_fifo_gen/gconvfifo.rf/grf.rf/rstblk/ngwrdrst.grst.g7serrst.gnsckt_wrst.rst_wr_reg2_inst'
Finished Sourcing Tcl File [/data/Xilinx/Vivado/2019.2/data/ip/xpm/xpm_cdc/tcl/xpm_cdc_async_rst.tcl] for cell 'design_1_i/axi_mem_intercon/m00_couplers/auto_pc/inst/gen_axi4_axi3.axi3_conv_inst/USE_WRITE.write_addr_inst/USE_BURSTS.cmd_queue/inst/fifo_gen_inst/inst_fifo_gen/gconvfifo.rf/grf.rf/rstblk/ngwrdrst.grst.g7serrst.gnsckt_wrst.rst_wr_reg2_inst'
Sourcing Tcl File [/data/Xilinx/Vivado/2019.2/data/ip/xpm/xpm_cdc/tcl/xpm_cdc_async_rst.tcl] for cell 'design_1_i/axi_mem_intercon/m00_couplers/auto_pc/inst/gen_axi4_axi3.axi3_conv_inst/USE_WRITE.write_addr_inst/USE_B_CHANNEL.cmd_b_queue/inst/fifo_gen_inst/inst_fifo_gen/gconvfifo.rf/grf.rf/rstblk/ngwrdrst.grst.g7serrst.gnsckt_wrst.rst_wr_reg2_inst'
Finished Sourcing Tcl File [/data/Xilinx/Vivado/2019.2/data/ip/xpm/xpm_cdc/tcl/xpm_cdc_async_rst.tcl] for cell 'design_1_i/axi_mem_intercon/m00_couplers/auto_pc/inst/gen_axi4_axi3.axi3_conv_inst/USE_WRITE.write_addr_inst/USE_B_CHANNEL.cmd_b_queue/inst/fifo_gen_inst/inst_fifo_gen/gconvfifo.rf/grf.rf/rstblk/ngwrdrst.grst.g7serrst.gnsckt_wrst.rst_wr_reg2_inst'
Sourcing Tcl File [/data/Xilinx/Vivado/2019.2/data/ip/xpm/xpm_fifo/tcl/xpm_fifo_rst.tcl] for cell 'design_1_i/hier_0/axi_dma_0/U0/I_PRMRY_DATAMOVER/GEN_MM2S_FULL.I_MM2S_FULL_WRAPPER/GEN_INCLUDE_MM2S_SF.I_RD_SF/I_DATA_FIFO/BLK_MEM.I_SYNC_FIFOGEN_FIFO/xpm_fifo_instance.xpm_fifo_sync_inst'
Finished Sourcing Tcl File [/data/Xilinx/Vivado/2019.2/data/ip/xpm/xpm_fifo/tcl/xpm_fifo_rst.tcl] for cell 'design_1_i/hier_0/axi_dma_0/U0/I_PRMRY_DATAMOVER/GEN_MM2S_FULL.I_MM2S_FULL_WRAPPER/GEN_INCLUDE_MM2S_SF.I_RD_SF/I_DATA_FIFO/BLK_MEM.I_SYNC_FIFOGEN_FIFO/xpm_fifo_instance.xpm_fifo_sync_inst'
Sourcing Tcl File [/data/Xilinx/Vivado/2019.2/data/ip/xpm/xpm_fifo/tcl/xpm_fifo_rst.tcl] for cell 'design_1_i/hier_0/axi_dma_0/U0/I_PRMRY_DATAMOVER/GEN_S2MM_FULL.I_S2MM_FULL_WRAPPER/GEN_ENABLE_INDET_BTT_SF.I_INDET_BTT/I_XD_FIFO/NON_BLK_MEM.I_SYNC_FIFOGEN_FIFO/xpm_fifo_instance.xpm_fifo_sync_inst'
Finished Sourcing Tcl File [/data/Xilinx/Vivado/2019.2/data/ip/xpm/xpm_fifo/tcl/xpm_fifo_rst.tcl] for cell 'design_1_i/hier_0/axi_dma_0/U0/I_PRMRY_DATAMOVER/GEN_S2MM_FULL.I_S2MM_FULL_WRAPPER/GEN_ENABLE_INDET_BTT_SF.I_INDET_BTT/I_XD_FIFO/NON_BLK_MEM.I_SYNC_FIFOGEN_FIFO/xpm_fifo_instance.xpm_fifo_sync_inst'
Sourcing Tcl File [/data/Xilinx/Vivado/2019.2/data/ip/xpm/xpm_fifo/tcl/xpm_fifo_rst.tcl] for cell 'design_1_i/hier_0/axi_dma_0/U0/I_PRMRY_DATAMOVER/GEN_S2MM_FULL.I_S2MM_FULL_WRAPPER/GEN_ENABLE_INDET_BTT_SF.I_INDET_BTT/I_DATA_FIFO/BLK_MEM.I_SYNC_FIFOGEN_FIFO/xpm_fifo_instance.xpm_fifo_sync_inst'
Finished Sourcing Tcl File [/data/Xilinx/Vivado/2019.2/data/ip/xpm/xpm_fifo/tcl/xpm_fifo_rst.tcl] for cell 'design_1_i/hier_0/axi_dma_0/U0/I_PRMRY_DATAMOVER/GEN_S2MM_FULL.I_S2MM_FULL_WRAPPER/GEN_ENABLE_INDET_BTT_SF.I_INDET_BTT/I_DATA_FIFO/BLK_MEM.I_SYNC_FIFOGEN_FIFO/xpm_fifo_instance.xpm_fifo_sync_inst'
INFO: [Opt 31-138] Pushed 0 inverter(s) to 0 load pin(s).
Netlist sorting complete. Time (s): cpu = 00:00:00.02 ; elapsed = 00:00:00.02 . Memory (MB): peak = 2345.379 ; gain = 0.000 ; free physical = 70946 ; free virtual = 147782
INFO: [Project 1-111] Unisim Transformation Summary:
  A total of 6 instances were transformed.
  RAM32M => RAM32M (RAMD32(x6), RAMS32(x2)): 5 instances
  RAM32X1D => RAM32X1D (RAMD32(x2)): 1 instance 

19 Infos, 3 Warnings, 0 Critical Warnings and 0 Errors encountered.
link_design completed successfully
link_design: Time (s): cpu = 00:00:21 ; elapsed = 00:00:44 . Memory (MB): peak = 2345.379 ; gain = 695.875 ; free physical = 70946 ; free virtual = 147782
Command: opt_design
Attempting to get a license for feature 'Implementation' and/or device 'xc7z020'
INFO: [Common 17-349] Got license for feature 'Implementation' and/or device 'xc7z020'
Running DRC as a precondition to command opt_design

Starting DRC Task
INFO: [DRC 23-27] Running DRC with 8 threads
INFO: [Project 1-461] DRC finished with 0 Errors
INFO: [Project 1-462] Please refer to the DRC report (report_drc) for more information.

Time (s): cpu = 00:00:03 ; elapsed = 00:00:04 . Memory (MB): peak = 2345.379 ; gain = 0.000 ; free physical = 70940 ; free virtual = 147776

Starting Cache Timing Information Task
INFO: [Timing 38-35] Done setting XDC timing constraints.
Ending Cache Timing Information Task | Checksum: 14ba9d9fd

Time (s): cpu = 00:00:11 ; elapsed = 00:00:15 . Memory (MB): peak = 2760.855 ; gain = 415.477 ; free physical = 70491 ; free virtual = 147343

Starting Logic Optimization Task

Phase 1 Retarget
INFO: [Opt 31-138] Pushed 2 inverter(s) to 12 load pin(s).
INFO: [Opt 31-49] Retargeted 0 cell(s).
Phase 1 Retarget | Checksum: 22f33d139

Time (s): cpu = 00:00:04 ; elapsed = 00:00:02 . Memory (MB): peak = 2918.699 ; gain = 0.004 ; free physical = 70387 ; free virtual = 147238
INFO: [Opt 31-389] Phase Retarget created 11 cells and removed 111 cells
INFO: [Opt 31-1021] In phase Retarget, 24 netlist objects are constrained preventing optimization. Please run opt_design with -debug_log to get more detail. 

Phase 2 Constant propagation
INFO: [Opt 31-138] Pushed 3 inverter(s) to 10 load pin(s).
Phase 2 Constant propagation | Checksum: 18c5f0e36

Time (s): cpu = 00:00:04 ; elapsed = 00:00:03 . Memory (MB): peak = 2918.699 ; gain = 0.004 ; free physical = 70385 ; free virtual = 147236
INFO: [Opt 31-389] Phase Constant propagation created 227 cells and removed 607 cells
INFO: [Opt 31-1021] In phase Constant propagation, 24 netlist objects are constrained preventing optimization. Please run opt_design with -debug_log to get more detail. 

Phase 3 Sweep
Phase 3 Sweep | Checksum: 241cf8eb8

Time (s): cpu = 00:00:06 ; elapsed = 00:00:04 . Memory (MB): peak = 2918.699 ; gain = 0.004 ; free physical = 70381 ; free virtual = 147233
INFO: [Opt 31-389] Phase Sweep created 0 cells and removed 689 cells
INFO: [Opt 31-1021] In phase Sweep, 96 netlist objects are constrained preventing optimization. Please run opt_design with -debug_log to get more detail. 

Phase 4 BUFG optimization
INFO: [Opt 31-1112] Starts optimizing BUFG(s) with a common MMCM/DPLL/XPLL driver.
INFO: [Opt 31-1112] Starts optimizing BUFG(s) with a common driver.
INFO: [Opt 31-1092] Phase BUFG optimization transformed 0 BUFG(s) to MBUFG(s).
Phase 4 BUFG optimization | Checksum: 241cf8eb8

Time (s): cpu = 00:00:07 ; elapsed = 00:00:05 . Memory (MB): peak = 2918.699 ; gain = 0.004 ; free physical = 70383 ; free virtual = 147235
INFO: [Opt 31-662] Phase BUFG optimization created 0 cells of which 0 are BUFGs and removed 0 cells.

Phase 5 Shift Register Optimization
INFO: [Opt 31-1064] SRL Remap converted 0 SRLs to 0 registers and converted 0 registers of register chains to 0 SRLs
Phase 5 Shift Register Optimization | Checksum: 241cf8eb8

Time (s): cpu = 00:00:07 ; elapsed = 00:00:05 . Memory (MB): peak = 2918.699 ; gain = 0.004 ; free physical = 70383 ; free virtual = 147235
INFO: [Opt 31-389] Phase Shift Register Optimization created 0 cells and removed 0 cells

Phase 6 Post Processing Netlist
Phase 6 Post Processing Netlist | Checksum: 241cf8eb8

Time (s): cpu = 00:00:07 ; elapsed = 00:00:06 . Memory (MB): peak = 2918.699 ; gain = 0.004 ; free physical = 70383 ; free virtual = 147235
INFO: [Opt 31-389] Phase Post Processing Netlist created 0 cells and removed 0 cells
INFO: [Opt 31-1021] In phase Post Processing Netlist, 33 netlist objects are constrained preventing optimization. Please run opt_design with -debug_log to get more detail. 
Opt_design Change Summary
=========================


-------------------------------------------------------------------------------------------------------------------------
|  Phase                        |  #Cells created  |  #Cells Removed  |  #Constrained objects preventing optimizations  |
-------------------------------------------------------------------------------------------------------------------------
|  Retarget                     |              11  |             111  |                                             24  |
|  Constant propagation         |             227  |             607  |                                             24  |
|  Sweep                        |               0  |             689  |                                             96  |
|  BUFG optimization            |               0  |               0  |                                              0  |
|  Shift Register Optimization  |               0  |               0  |                                              0  |
|  Post Processing Netlist      |               0  |               0  |                                             33  |
-------------------------------------------------------------------------------------------------------------------------



Starting Connectivity Check Task

Time (s): cpu = 00:00:00.12 ; elapsed = 00:00:00.12 . Memory (MB): peak = 2918.699 ; gain = 0.000 ; free physical = 70385 ; free virtual = 147237
Ending Logic Optimization Task | Checksum: 1e019dc81

Time (s): cpu = 00:00:08 ; elapsed = 00:00:07 . Memory (MB): peak = 2918.699 ; gain = 0.004 ; free physical = 70385 ; free virtual = 147237

Starting Power Optimization Task
INFO: [Pwropt 34-132] Skipping clock gating for clocks with a period < 2.00 ns.
INFO: [Timing 38-35] Done setting XDC timing constraints.
INFO: [Pwropt 34-9] Applying IDT optimizations ...
INFO: [Pwropt 34-10] Applying ODC optimizations ...
INFO: [Physopt 32-619] Estimated Timing Summary | WNS=1.560 | TNS=0.000 |
Running Vector-less Activity Propagation...

Finished Running Vector-less Activity Propagation


Starting PowerOpt Patch Enables Task
INFO: [Pwropt 34-162] WRITE_MODE attribute of 0 BRAM(s) out of a total of 35 has been updated to save power. Run report_power_opt to get a complete listing of the BRAMs updated.
INFO: [Pwropt 34-201] Structural ODC has moved 6 WE to EN ports
Number of BRAM Ports augmented: 3 newly gated: 6 Total Ports: 70
Ending PowerOpt Patch Enables Task | Checksum: 19148eea5

Time (s): cpu = 00:00:00.29 ; elapsed = 00:00:00.30 . Memory (MB): peak = 3584.137 ; gain = 0.000 ; free physical = 70284 ; free virtual = 147140
Ending Power Optimization Task | Checksum: 19148eea5

Time (s): cpu = 00:00:31 ; elapsed = 00:00:09 . Memory (MB): peak = 3584.137 ; gain = 665.438 ; free physical = 70335 ; free virtual = 147191

Starting Final Cleanup Task
Ending Final Cleanup Task | Checksum: 19148eea5

Time (s): cpu = 00:00:00 ; elapsed = 00:00:00 . Memory (MB): peak = 3584.137 ; gain = 0.000 ; free physical = 70335 ; free virtual = 147191

Starting Netlist Obfuscation Task
Netlist sorting complete. Time (s): cpu = 00:00:00.02 ; elapsed = 00:00:00.02 . Memory (MB): peak = 3584.137 ; gain = 0.000 ; free physical = 70337 ; free virtual = 147193
Ending Netlist Obfuscation Task | Checksum: 14bb1f272

Time (s): cpu = 00:00:00.02 ; elapsed = 00:00:00.02 . Memory (MB): peak = 3584.137 ; gain = 0.000 ; free physical = 70337 ; free virtual = 147193
INFO: [Common 17-83] Releasing license: Implementation
49 Infos, 3 Warnings, 0 Critical Warnings and 0 Errors encountered.
opt_design completed successfully
opt_design: Time (s): cpu = 00:00:55 ; elapsed = 00:00:38 . Memory (MB): peak = 3584.137 ; gain = 1238.758 ; free physical = 70337 ; free virtual = 147193
Netlist sorting complete. Time (s): cpu = 00:00:00.01 ; elapsed = 00:00:00.01 . Memory (MB): peak = 3584.137 ; gain = 0.000 ; free physical = 70337 ; free virtual = 147193
INFO: [Timing 38-480] Writing timing data to binary archive.
Writing placer database...
Writing XDEF routing.
Writing XDEF routing logical nets.
Writing XDEF routing special nets.
Write XDEF Complete: Time (s): cpu = 00:00:00.20 ; elapsed = 00:00:00.04 . Memory (MB): peak = 3584.137 ; gain = 0.000 ; free physical = 70328 ; free virtual = 147187
INFO: [Common 17-1381] The checkpoint '/data1/jcampos/tinyml_demo/submissions_tiny_0.7/open/hls4ml-finn/code/ic/RN07/inference/pynq-z2/pynqz2_rn06_v8/myproject_vivado_accelerator/project_1.runs/impl_1/design_1_wrapper_opt.dcp' has been generated.
write_checkpoint: Time (s): cpu = 00:00:13 ; elapsed = 00:00:10 . Memory (MB): peak = 3584.137 ; gain = 0.000 ; free physical = 70329 ; free virtual = 147195
INFO: [runtcl-4] Executing : report_drc -file design_1_wrapper_drc_opted.rpt -pb design_1_wrapper_drc_opted.pb -rpx design_1_wrapper_drc_opted.rpx
Command: report_drc -file design_1_wrapper_drc_opted.rpt -pb design_1_wrapper_drc_opted.pb -rpx design_1_wrapper_drc_opted.rpx
INFO: [IP_Flow 19-1839] IP Catalog is up to date.
INFO: [DRC 23-27] Running DRC with 8 threads
INFO: [Coretcl 2-168] The results of DRC are in file /data1/jcampos/tinyml_demo/submissions_tiny_0.7/open/hls4ml-finn/code/ic/RN07/inference/pynq-z2/pynqz2_rn06_v8/myproject_vivado_accelerator/project_1.runs/impl_1/design_1_wrapper_drc_opted.rpt.
report_drc completed successfully
report_drc: Time (s): cpu = 00:00:09 ; elapsed = 00:00:08 . Memory (MB): peak = 3584.227 ; gain = 0.090 ; free physical = 70327 ; free virtual = 147193
Command: place_design
Attempting to get a license for feature 'Implementation' and/or device 'xc7z020'
INFO: [Common 17-349] Got license for feature 'Implementation' and/or device 'xc7z020'
INFO: [DRC 23-27] Running DRC with 8 threads
INFO: [Vivado_Tcl 4-198] DRC finished with 0 Errors
INFO: [Vivado_Tcl 4-199] Please refer to the DRC report (report_drc) for more information.
Running DRC as a precondition to command place_design
INFO: [DRC 23-27] Running DRC with 8 threads
INFO: [Vivado_Tcl 4-198] DRC finished with 0 Errors
INFO: [Vivado_Tcl 4-199] Please refer to the DRC report (report_drc) for more information.

Starting Placer Task
INFO: [Place 30-611] Multithreading enabled for place_design using a maximum of 8 CPUs

Phase 1 Placer Initialization

Phase 1.1 Placer Initialization Netlist Sorting
Netlist sorting complete. Time (s): cpu = 00:00:00.02 ; elapsed = 00:00:00.02 . Memory (MB): peak = 3584.227 ; gain = 0.000 ; free physical = 70325 ; free virtual = 147193
Phase 1.1 Placer Initialization Netlist Sorting | Checksum: 12d68d21d

Time (s): cpu = 00:00:00.06 ; elapsed = 00:00:00.13 . Memory (MB): peak = 3584.227 ; gain = 0.000 ; free physical = 70325 ; free virtual = 147193
Netlist sorting complete. Time (s): cpu = 00:00:00.01 ; elapsed = 00:00:00.01 . Memory (MB): peak = 3584.227 ; gain = 0.000 ; free physical = 70325 ; free virtual = 147193

Phase 1.2 IO Placement/ Clock Placement/ Build Placer Device
INFO: [Timing 38-35] Done setting XDC timing constraints.
Phase 1.2 IO Placement/ Clock Placement/ Build Placer Device | Checksum: cb665873

Time (s): cpu = 00:00:07 ; elapsed = 00:00:04 . Memory (MB): peak = 3584.227 ; gain = 0.000 ; free physical = 70263 ; free virtual = 147131

Phase 1.3 Build Placer Netlist Model
Phase 1.3 Build Placer Netlist Model | Checksum: 4e1229e4

Time (s): cpu = 00:00:23 ; elapsed = 00:00:11 . Memory (MB): peak = 3584.227 ; gain = 0.000 ; free physical = 70171 ; free virtual = 147040

Phase 1.4 Constrain Clocks/Macros
Phase 1.4 Constrain Clocks/Macros | Checksum: 4e1229e4

Time (s): cpu = 00:00:23 ; elapsed = 00:00:11 . Memory (MB): peak = 3584.227 ; gain = 0.000 ; free physical = 70170 ; free virtual = 147039
Phase 1 Placer Initialization | Checksum: 4e1229e4

Time (s): cpu = 00:00:24 ; elapsed = 00:00:11 . Memory (MB): peak = 3584.227 ; gain = 0.000 ; free physical = 70166 ; free virtual = 147035

Phase 2 Global Placement

Phase 2.1 Floorplanning
Phase 2.1 Floorplanning | Checksum: 11fe67aa9

Time (s): cpu = 00:00:30 ; elapsed = 00:00:13 . Memory (MB): peak = 3584.227 ; gain = 0.000 ; free physical = 70132 ; free virtual = 147002

Phase 2.2 Global Placement Core

Phase 2.2.1 Physical Synthesis In Placer
INFO: [Physopt 32-1018] Found 1692 candidate LUT instances to create LUTNM shape
INFO: [Physopt 32-775] End 1 Pass. Optimized 633 nets or cells. Created 4 new cells, deleted 629 existing cells and moved 0 existing cell
INFO: [Physopt 32-65] No nets found for high-fanout optimization.
INFO: [Physopt 32-232] Optimized 0 net. Created 0 new instance.
INFO: [Physopt 32-775] End 1 Pass. Optimized 0 net or cell. Created 0 new cell, deleted 0 existing cell and moved 0 existing cell
INFO: [Physopt 32-456] No candidate cells for DSP register optimization found in the design.
INFO: [Physopt 32-775] End 2 Pass. Optimized 0 net or cell. Created 0 new cell, deleted 0 existing cell and moved 0 existing cell
INFO: [Physopt 32-775] End 1 Pass. Optimized 0 net or cell. Created 0 new cell, deleted 0 existing cell and moved 0 existing cell
INFO: [Physopt 32-677] No candidate cells for Shift Register optimization found in the design
INFO: [Physopt 32-775] End 1 Pass. Optimized 0 net or cell. Created 0 new cell, deleted 0 existing cell and moved 0 existing cell
INFO: [Physopt 32-665] Processed cell design_1_i/hier_0/myproject_axi_0/inst/myproject_U0/conv_2d_cl_array_array_ap_fixed_32u_config10_U0/w8_V_U/conv_2d_cl_array_array_ap_fixed_32u_config10_s_w8_V_rom_U/q0_reg_1. 2 registers were pushed out.
INFO: [Physopt 32-665] Processed cell design_1_i/hier_0/myproject_axi_0/inst/myproject_U0/conv_2d_cl_array_array_ap_fixed_32u_config10_U0/w8_V_U/conv_2d_cl_array_array_ap_fixed_32u_config10_s_w8_V_rom_U/q0_reg_0. 2 registers were pushed out.
INFO: [Physopt 32-665] Processed cell design_1_i/hier_0/myproject_axi_0/inst/myproject_U0/conv_2d_cl_array_array_ap_fixed_32u_config7_U0/w5_V_U/conv_2d_cl_array_array_ap_fixed_32u_config7_s_w5_V_rom_U/q0_reg_0. 2 registers were pushed out.
INFO: [Physopt 32-665] Processed cell design_1_i/hier_0/myproject_axi_0/inst/myproject_U0/conv_2d_cl_array_array_ap_fixed_32u_config7_U0/w5_V_U/conv_2d_cl_array_array_ap_fixed_32u_config7_s_w5_V_rom_U/q0_reg_1. 2 registers were pushed out.
INFO: [Physopt 32-665] Processed cell design_1_i/hier_0/myproject_axi_0/inst/myproject_U0/conv_2d_cl_array_array_ap_fixed_32u_config10_U0/outidx_U/conv_2d_cl_array_array_ap_fixed_32u_config7_s_outidx2_rom_U/q0_reg_0. 2 registers were pushed out.
INFO: [Physopt 32-775] End 1 Pass. Optimized 5 nets or cells. Created 10 new cells, deleted 0 existing cell and moved 0 existing cell
Netlist sorting complete. Time (s): cpu = 00:00:00.03 ; elapsed = 00:00:00.02 . Memory (MB): peak = 3584.227 ; gain = 0.000 ; free physical = 70113 ; free virtual = 146985
INFO: [Physopt 32-949] No candidate nets found for HD net replication
INFO: [Physopt 32-775] End 1 Pass. Optimized 0 net or cell. Created 0 new cell, deleted 0 existing cell and moved 0 existing cell
Netlist sorting complete. Time (s): cpu = 00:00:00 ; elapsed = 00:00:00.01 . Memory (MB): peak = 3584.227 ; gain = 0.000 ; free physical = 70113 ; free virtual = 146985

Summary of Physical Synthesis Optimizations
============================================


-----------------------------------------------------------------------------------------------------------------------------------------------------------
|  Optimization                                     |  Added Cells  |  Removed Cells  |  Optimized Cells/Nets  |  Dont Touch  |  Iterations  |  Elapsed   |
-----------------------------------------------------------------------------------------------------------------------------------------------------------
|  LUT Combining                                    |            4  |            629  |                   633  |           0  |           1  |  00:00:02  |
|  Very High Fanout                                 |            0  |              0  |                     0  |           0  |           1  |  00:00:00  |
|  DSP Register                                     |            0  |              0  |                     0  |           0  |           1  |  00:00:00  |
|  Shift Register to Pipeline                       |            0  |              0  |                     0  |           0  |           1  |  00:00:00  |
|  Shift Register                                   |            0  |              0  |                     0  |           0  |           1  |  00:00:00  |
|  BRAM Register                                    |           10  |              0  |                     5  |           0  |           1  |  00:00:00  |
|  Dynamic/Static Region Interface Net Replication  |            0  |              0  |                     0  |           0  |           1  |  00:00:00  |
|  Total                                            |           14  |            629  |                   638  |           0  |           7  |  00:00:02  |
-----------------------------------------------------------------------------------------------------------------------------------------------------------


Phase 2.2.1 Physical Synthesis In Placer | Checksum: 1ae0a2340

Time (s): cpu = 00:01:51 ; elapsed = 00:00:43 . Memory (MB): peak = 3584.227 ; gain = 0.000 ; free physical = 70102 ; free virtual = 146975
Phase 2.2 Global Placement Core | Checksum: d2c452a4

Time (s): cpu = 00:02:01 ; elapsed = 00:00:46 . Memory (MB): peak = 3584.227 ; gain = 0.000 ; free physical = 70103 ; free virtual = 146976
Phase 2 Global Placement | Checksum: d2c452a4

Time (s): cpu = 00:02:01 ; elapsed = 00:00:46 . Memory (MB): peak = 3584.227 ; gain = 0.000 ; free physical = 70126 ; free virtual = 146999

Phase 3 Detail Placement

Phase 3.1 Commit Multi Column Macros
Phase 3.1 Commit Multi Column Macros | Checksum: 143a33c0d

Time (s): cpu = 00:02:08 ; elapsed = 00:00:50 . Memory (MB): peak = 3584.227 ; gain = 0.000 ; free physical = 70118 ; free virtual = 146991

Phase 3.2 Commit Most Macros & LUTRAMs
Phase 3.2 Commit Most Macros & LUTRAMs | Checksum: 9834fc8c

Time (s): cpu = 00:02:32 ; elapsed = 00:01:06 . Memory (MB): peak = 3584.227 ; gain = 0.000 ; free physical = 70111 ; free virtual = 146984

Phase 3.3 Area Swap Optimization
Phase 3.3 Area Swap Optimization | Checksum: ffb0f74d

Time (s): cpu = 00:02:33 ; elapsed = 00:01:06 . Memory (MB): peak = 3584.227 ; gain = 0.000 ; free physical = 70111 ; free virtual = 146985

Phase 3.4 Pipeline Register Optimization
Phase 3.4 Pipeline Register Optimization | Checksum: 99627609

Time (s): cpu = 00:02:33 ; elapsed = 00:01:06 . Memory (MB): peak = 3584.227 ; gain = 0.000 ; free physical = 70111 ; free virtual = 146985

Phase 3.5 Fast Optimization
Phase 3.5 Fast Optimization | Checksum: 111f31340

Time (s): cpu = 00:02:42 ; elapsed = 00:01:10 . Memory (MB): peak = 3584.227 ; gain = 0.000 ; free physical = 70112 ; free virtual = 146986

Phase 3.6 Small Shape Detail Placement
Phase 3.6 Small Shape Detail Placement | Checksum: 198c12930

Time (s): cpu = 00:02:58 ; elapsed = 00:01:25 . Memory (MB): peak = 3584.227 ; gain = 0.000 ; free physical = 70069 ; free virtual = 146942

Phase 3.7 Re-assign LUT pins
Phase 3.7 Re-assign LUT pins | Checksum: 1ce474c64

Time (s): cpu = 00:03:00 ; elapsed = 00:01:26 . Memory (MB): peak = 3584.227 ; gain = 0.000 ; free physical = 70070 ; free virtual = 146944

Phase 3.8 Pipeline Register Optimization
Phase 3.8 Pipeline Register Optimization | Checksum: 1cdb1c4db

Time (s): cpu = 00:03:00 ; elapsed = 00:01:27 . Memory (MB): peak = 3584.227 ; gain = 0.000 ; free physical = 70070 ; free virtual = 146944

Phase 3.9 Fast Optimization
Phase 3.9 Fast Optimization | Checksum: 1569d665b

Time (s): cpu = 00:03:15 ; elapsed = 00:01:32 . Memory (MB): peak = 3584.227 ; gain = 0.000 ; free physical = 70069 ; free virtual = 146943
Phase 3 Detail Placement | Checksum: 1569d665b

Time (s): cpu = 00:03:16 ; elapsed = 00:01:32 . Memory (MB): peak = 3584.227 ; gain = 0.000 ; free physical = 70068 ; free virtual = 146942

Phase 4 Post Placement Optimization and Clean-Up

Phase 4.1 Post Commit Optimization
INFO: [Timing 38-35] Done setting XDC timing constraints.

Phase 4.1.1 Post Placement Optimization
Post Placement Optimization Initialization | Checksum: 1df703bdd

Phase 4.1.1.1 BUFG Insertion
INFO: [Place 46-33] Processed net design_1_i/hier_0/myproject_axi_0/inst/myproject_U0/conv_2d_cl_array_array_ap_fixed_32u_config7_U0/call_ret_shift_line_buffer_array_ap_fixed_32u_config7_s_fu_4922/line_buffer_Array_V_1_0_0_U/shift_line_buffer_array_ap_fixed_32u_config7_s_line_buffehbi_core_U/ap_CS_fsm_reg[1], BUFG insertion was skipped due to placement/routing conflicts.
INFO: [Place 46-33] Processed net design_1_i/hier_0/myproject_axi_0/inst/myproject_U0/conv_2d_cl_array_array_ap_fixed_32u_config10_U0/call_ret_shift_line_buffer_array_ap_fixed_32u_config10_s_fu_4916/line_buffer_Array_V_0_0_U/shift_line_buffer_array_ap_fixed_32u_config7_s_line_buffehbi_core_U/ap_CS_fsm_reg[1], BUFG insertion was skipped due to placement/routing conflicts.
INFO: [Place 46-33] Processed net design_1_i/hier_0/myproject_axi_0/inst/myproject_U0/layer14_out_V_data_1_V_U/SS[0], BUFG insertion was skipped due to placement/routing conflicts.
INFO: [Place 46-56] BUFG insertion identified 3 candidate nets. Inserted BUFG: 0, Replicated BUFG Driver: 0, Skipped due to Placement/Routing Conflicts: 3, Skipped due to Timing Degradation: 0, Skipped due to Illegal Netlist: 0.
Phase 4.1.1.1 BUFG Insertion | Checksum: 1df703bdd

Time (s): cpu = 00:03:33 ; elapsed = 00:01:38 . Memory (MB): peak = 3584.227 ; gain = 0.000 ; free physical = 70075 ; free virtual = 146949
INFO: [Place 30-746] Post Placement Timing Summary WNS=0.501. For the most accurate timing information please run report_timing.
Phase 4.1.1 Post Placement Optimization | Checksum: 15c8bbbe6

Time (s): cpu = 00:03:36 ; elapsed = 00:01:41 . Memory (MB): peak = 3584.227 ; gain = 0.000 ; free physical = 70072 ; free virtual = 146946
Phase 4.1 Post Commit Optimization | Checksum: 15c8bbbe6

Time (s): cpu = 00:03:37 ; elapsed = 00:01:41 . Memory (MB): peak = 3584.227 ; gain = 0.000 ; free physical = 70073 ; free virtual = 146947

Phase 4.2 Post Placement Cleanup
Phase 4.2 Post Placement Cleanup | Checksum: 15c8bbbe6

Time (s): cpu = 00:03:38 ; elapsed = 00:01:42 . Memory (MB): peak = 3584.227 ; gain = 0.000 ; free physical = 70074 ; free virtual = 146948

Phase 4.3 Placer Reporting
Phase 4.3 Placer Reporting | Checksum: 15c8bbbe6

Time (s): cpu = 00:03:38 ; elapsed = 00:01:42 . Memory (MB): peak = 3584.227 ; gain = 0.000 ; free physical = 70078 ; free virtual = 146952

Phase 4.4 Final Placement Cleanup
Netlist sorting complete. Time (s): cpu = 00:00:00.01 ; elapsed = 00:00:00.01 . Memory (MB): peak = 3584.227 ; gain = 0.000 ; free physical = 70078 ; free virtual = 146952
Phase 4.4 Final Placement Cleanup | Checksum: 11be3aa3f

Time (s): cpu = 00:03:38 ; elapsed = 00:01:42 . Memory (MB): peak = 3584.227 ; gain = 0.000 ; free physical = 70078 ; free virtual = 146952
Phase 4 Post Placement Optimization and Clean-Up | Checksum: 11be3aa3f

Time (s): cpu = 00:03:39 ; elapsed = 00:01:43 . Memory (MB): peak = 3584.227 ; gain = 0.000 ; free physical = 70078 ; free virtual = 146952
Ending Placer Task | Checksum: 45d1f725

Time (s): cpu = 00:03:39 ; elapsed = 00:01:43 . Memory (MB): peak = 3584.227 ; gain = 0.000 ; free physical = 70078 ; free virtual = 146952
INFO: [Common 17-83] Releasing license: Implementation
89 Infos, 3 Warnings, 0 Critical Warnings and 0 Errors encountered.
place_design completed successfully
place_design: Time (s): cpu = 00:03:45 ; elapsed = 00:01:49 . Memory (MB): peak = 3584.227 ; gain = 0.000 ; free physical = 70131 ; free virtual = 147005
Netlist sorting complete. Time (s): cpu = 00:00:00.01 ; elapsed = 00:00:00.01 . Memory (MB): peak = 3584.227 ; gain = 0.000 ; free physical = 70132 ; free virtual = 147006
INFO: [Timing 38-480] Writing timing data to binary archive.
Writing placer database...
Writing XDEF routing.
Writing XDEF routing logical nets.
Writing XDEF routing special nets.
Write XDEF Complete: Time (s): cpu = 00:00:05 ; elapsed = 00:00:02 . Memory (MB): peak = 3584.227 ; gain = 0.000 ; free physical = 70030 ; free virtual = 146980
INFO: [Common 17-1381] The checkpoint '/data1/jcampos/tinyml_demo/submissions_tiny_0.7/open/hls4ml-finn/code/ic/RN07/inference/pynq-z2/pynqz2_rn06_v8/myproject_vivado_accelerator/project_1.runs/impl_1/design_1_wrapper_placed.dcp' has been generated.
write_checkpoint: Time (s): cpu = 00:00:16 ; elapsed = 00:00:11 . Memory (MB): peak = 3584.227 ; gain = 0.000 ; free physical = 70109 ; free virtual = 147000
INFO: [runtcl-4] Executing : report_io -file design_1_wrapper_io_placed.rpt
report_io: Time (s): cpu = 00:00:00.11 ; elapsed = 00:00:00.20 . Memory (MB): peak = 3584.227 ; gain = 0.000 ; free physical = 70099 ; free virtual = 146990
INFO: [runtcl-4] Executing : report_utilization -file design_1_wrapper_utilization_placed.rpt -pb design_1_wrapper_utilization_placed.pb
INFO: [runtcl-4] Executing : report_control_sets -verbose -file design_1_wrapper_control_sets_placed.rpt
report_control_sets: Time (s): cpu = 00:00:00.18 ; elapsed = 00:00:00.30 . Memory (MB): peak = 3584.227 ; gain = 0.000 ; free physical = 70106 ; free virtual = 146997
Command: phys_opt_design
Attempting to get a license for feature 'Implementation' and/or device 'xc7z020'
INFO: [Common 17-349] Got license for feature 'Implementation' and/or device 'xc7z020'
INFO: [Vivado_Tcl 4-383] Design worst setup slack (WNS) is greater than or equal to 0.250 ns. Skipping all physical synthesis optimizations.
INFO: [Vivado_Tcl 4-232] No setup violation found. The netlist was not modified.
INFO: [Common 17-83] Releasing license: Implementation
98 Infos, 3 Warnings, 0 Critical Warnings and 0 Errors encountered.
phys_opt_design completed successfully
Netlist sorting complete. Time (s): cpu = 00:00:00.01 ; elapsed = 00:00:00.01 . Memory (MB): peak = 3584.227 ; gain = 0.000 ; free physical = 70078 ; free virtual = 146969
INFO: [Timing 38-480] Writing timing data to binary archive.
Writing placer database...
Writing XDEF routing.
Writing XDEF routing logical nets.
Writing XDEF routing special nets.
Write XDEF Complete: Time (s): cpu = 00:00:06 ; elapsed = 00:00:02 . Memory (MB): peak = 3584.227 ; gain = 0.000 ; free physical = 69979 ; free virtual = 146947
INFO: [Common 17-1381] The checkpoint '/data1/jcampos/tinyml_demo/submissions_tiny_0.7/open/hls4ml-finn/code/ic/RN07/inference/pynq-z2/pynqz2_rn06_v8/myproject_vivado_accelerator/project_1.runs/impl_1/design_1_wrapper_physopt.dcp' has been generated.
write_checkpoint: Time (s): cpu = 00:00:17 ; elapsed = 00:00:12 . Memory (MB): peak = 3584.227 ; gain = 0.000 ; free physical = 70052 ; free virtual = 146961
Command: route_design
Attempting to get a license for feature 'Implementation' and/or device 'xc7z020'
INFO: [Common 17-349] Got license for feature 'Implementation' and/or device 'xc7z020'
Running DRC as a precondition to command route_design
INFO: [DRC 23-27] Running DRC with 8 threads
INFO: [Vivado_Tcl 4-198] DRC finished with 0 Errors
INFO: [Vivado_Tcl 4-199] Please refer to the DRC report (report_drc) for more information.


Starting Routing Task
INFO: [Route 35-254] Multithreading enabled for route_design using a maximum of 8 CPUs
Checksum: PlaceDB: 222ab954 ConstDB: 0 ShapeSum: 23a73dd1 RouteDB: 0

Phase 1 Build RT Design
Phase 1 Build RT Design | Checksum: 15ab53fe5

Time (s): cpu = 00:00:21 ; elapsed = 00:00:14 . Memory (MB): peak = 3584.227 ; gain = 0.000 ; free physical = 69901 ; free virtual = 146810
Post Restoration Checksum: NetGraph: fc7ea6d3 NumContArr: 5e369912 Constraints: 0 Timing: 0

Phase 2 Router Initialization

Phase 2.1 Create Timer
Phase 2.1 Create Timer | Checksum: 15ab53fe5

Time (s): cpu = 00:00:22 ; elapsed = 00:00:15 . Memory (MB): peak = 3584.227 ; gain = 0.000 ; free physical = 69908 ; free virtual = 146817

Phase 2.2 Fix Topology Constraints
Phase 2.2 Fix Topology Constraints | Checksum: 15ab53fe5

Time (s): cpu = 00:00:22 ; elapsed = 00:00:15 . Memory (MB): peak = 3584.227 ; gain = 0.000 ; free physical = 69871 ; free virtual = 146780

Phase 2.3 Pre Route Cleanup
Phase 2.3 Pre Route Cleanup | Checksum: 15ab53fe5

Time (s): cpu = 00:00:22 ; elapsed = 00:00:15 . Memory (MB): peak = 3584.227 ; gain = 0.000 ; free physical = 69871 ; free virtual = 146780
 Number of Nodes with overlaps = 0

Phase 2.4 Update Timing
Phase 2.4 Update Timing | Checksum: 211299c52

Time (s): cpu = 00:00:45 ; elapsed = 00:00:24 . Memory (MB): peak = 3584.227 ; gain = 0.000 ; free physical = 69834 ; free virtual = 146744
INFO: [Route 35-416] Intermediate Timing Summary | WNS=0.592  | TNS=0.000  | WHS=-0.354 | THS=-343.846|

Phase 2 Router Initialization | Checksum: 23d9b328f

Time (s): cpu = 00:00:56 ; elapsed = 00:00:27 . Memory (MB): peak = 3584.227 ; gain = 0.000 ; free physical = 69834 ; free virtual = 146744

Router Utilization Summary
  Global Vertical Routing Utilization    = 0 %
  Global Horizontal Routing Utilization  = 0 %
  Routable Net Status*
  *Does not include unroutable nets such as driverless and loadless.
  Run report_route_status for detailed report.
  Number of Failed Nets               = 40997
    (Failed Nets is the sum of unrouted and partially routed nets)
  Number of Unrouted Nets             = 40997
  Number of Partially Routed Nets     = 0
  Number of Node Overlaps             = 0


Phase 3 Initial Routing
Phase 3 Initial Routing | Checksum: 20f5ebcc8

Time (s): cpu = 00:01:16 ; elapsed = 00:00:33 . Memory (MB): peak = 3584.227 ; gain = 0.000 ; free physical = 69829 ; free virtual = 146739

Phase 4 Rip-up And Reroute

Phase 4.1 Global Iteration 0
 Number of Nodes with overlaps = 5645
 Number of Nodes with overlaps = 940
 Number of Nodes with overlaps = 185
 Number of Nodes with overlaps = 47
 Number of Nodes with overlaps = 11
 Number of Nodes with overlaps = 3
 Number of Nodes with overlaps = 0
INFO: [Route 35-416] Intermediate Timing Summary | WNS=0.093  | TNS=0.000  | WHS=N/A    | THS=N/A    |

Phase 4.1 Global Iteration 0 | Checksum: 13d726d3a

Time (s): cpu = 00:02:51 ; elapsed = 00:01:09 . Memory (MB): peak = 3584.227 ; gain = 0.000 ; free physical = 69821 ; free virtual = 146731

Phase 4.2 Global Iteration 1
 Number of Nodes with overlaps = 9
 Number of Nodes with overlaps = 1
 Number of Nodes with overlaps = 1
 Number of Nodes with overlaps = 0
INFO: [Route 35-416] Intermediate Timing Summary | WNS=0.191  | TNS=0.000  | WHS=N/A    | THS=N/A    |

Phase 4.2 Global Iteration 1 | Checksum: 1d1853895

Time (s): cpu = 00:02:54 ; elapsed = 00:01:12 . Memory (MB): peak = 3584.227 ; gain = 0.000 ; free physical = 69825 ; free virtual = 146735
Phase 4 Rip-up And Reroute | Checksum: 1d1853895

Time (s): cpu = 00:02:54 ; elapsed = 00:01:12 . Memory (MB): peak = 3584.227 ; gain = 0.000 ; free physical = 69825 ; free virtual = 146735

Phase 5 Delay and Skew Optimization

Phase 5.1 Delay CleanUp

Phase 5.1.1 Update Timing
Phase 5.1.1 Update Timing | Checksum: 17d694034

Time (s): cpu = 00:03:00 ; elapsed = 00:01:13 . Memory (MB): peak = 3584.227 ; gain = 0.000 ; free physical = 69827 ; free virtual = 146737
INFO: [Route 35-416] Intermediate Timing Summary | WNS=0.290  | TNS=0.000  | WHS=N/A    | THS=N/A    |

Phase 5.1 Delay CleanUp | Checksum: 17d694034

Time (s): cpu = 00:03:00 ; elapsed = 00:01:14 . Memory (MB): peak = 3584.227 ; gain = 0.000 ; free physical = 69826 ; free virtual = 146736

Phase 5.2 Clock Skew Optimization
Phase 5.2 Clock Skew Optimization | Checksum: 17d694034

Time (s): cpu = 00:03:00 ; elapsed = 00:01:14 . Memory (MB): peak = 3584.227 ; gain = 0.000 ; free physical = 69822 ; free virtual = 146732
Phase 5 Delay and Skew Optimization | Checksum: 17d694034

Time (s): cpu = 00:03:00 ; elapsed = 00:01:14 . Memory (MB): peak = 3584.227 ; gain = 0.000 ; free physical = 69822 ; free virtual = 146732

Phase 6 Post Hold Fix

Phase 6.1 Hold Fix Iter

Phase 6.1.1 Update Timing
Phase 6.1.1 Update Timing | Checksum: 1c0ca8fca

Time (s): cpu = 00:03:06 ; elapsed = 00:01:16 . Memory (MB): peak = 3584.227 ; gain = 0.000 ; free physical = 69824 ; free virtual = 146734
INFO: [Route 35-416] Intermediate Timing Summary | WNS=0.290  | TNS=0.000  | WHS=0.021  | THS=0.000  |

Phase 6.1 Hold Fix Iter | Checksum: 208faa82e

Time (s): cpu = 00:03:06 ; elapsed = 00:01:16 . Memory (MB): peak = 3584.227 ; gain = 0.000 ; free physical = 69823 ; free virtual = 146733
Phase 6 Post Hold Fix | Checksum: 208faa82e

Time (s): cpu = 00:03:06 ; elapsed = 00:01:16 . Memory (MB): peak = 3584.227 ; gain = 0.000 ; free physical = 69823 ; free virtual = 146733

Phase 7 Route finalize

Router Utilization Summary
  Global Vertical Routing Utilization    = 12.536 %
  Global Horizontal Routing Utilization  = 15.8021 %
  Routable Net Status*
  *Does not include unroutable nets such as driverless and loadless.
  Run report_route_status for detailed report.
  Number of Failed Nets               = 0
    (Failed Nets is the sum of unrouted and partially routed nets)
  Number of Unrouted Nets             = 0
  Number of Partially Routed Nets     = 0
  Number of Node Overlaps             = 0

Phase 7 Route finalize | Checksum: 1ded445b7

Time (s): cpu = 00:03:07 ; elapsed = 00:01:16 . Memory (MB): peak = 3584.227 ; gain = 0.000 ; free physical = 69823 ; free virtual = 146733

Phase 8 Verifying routed nets

 Verification completed successfully
Phase 8 Verifying routed nets | Checksum: 1ded445b7

Time (s): cpu = 00:03:07 ; elapsed = 00:01:16 . Memory (MB): peak = 3584.227 ; gain = 0.000 ; free physical = 69822 ; free virtual = 146732

Phase 9 Depositing Routes
Phase 9 Depositing Routes | Checksum: 17b0355a7

Time (s): cpu = 00:03:09 ; elapsed = 00:01:19 . Memory (MB): peak = 3584.227 ; gain = 0.000 ; free physical = 69823 ; free virtual = 146733

Phase 10 Post Router Timing
INFO: [Route 35-57] Estimated Timing Summary | WNS=0.290  | TNS=0.000  | WHS=0.021  | THS=0.000  |

INFO: [Route 35-327] The final timing numbers are based on the router estimated timing analysis. For a complete and accurate timing signoff, please run report_timing_summary.
Phase 10 Post Router Timing | Checksum: 17b0355a7

Time (s): cpu = 00:03:10 ; elapsed = 00:01:19 . Memory (MB): peak = 3584.227 ; gain = 0.000 ; free physical = 69823 ; free virtual = 146733
INFO: [Route 35-16] Router Completed Successfully

Time (s): cpu = 00:03:10 ; elapsed = 00:01:19 . Memory (MB): peak = 3584.227 ; gain = 0.000 ; free physical = 69875 ; free virtual = 146785

Routing Is Done.
INFO: [Common 17-83] Releasing license: Implementation
114 Infos, 3 Warnings, 0 Critical Warnings and 0 Errors encountered.
route_design completed successfully
route_design: Time (s): cpu = 00:03:16 ; elapsed = 00:01:24 . Memory (MB): peak = 3584.227 ; gain = 0.000 ; free physical = 69875 ; free virtual = 146785
Netlist sorting complete. Time (s): cpu = 00:00:00.01 ; elapsed = 00:00:00.02 . Memory (MB): peak = 3584.227 ; gain = 0.000 ; free physical = 69875 ; free virtual = 146785
INFO: [Timing 38-480] Writing timing data to binary archive.
Writing placer database...
Writing XDEF routing.
Writing XDEF routing logical nets.
Writing XDEF routing special nets.
Write XDEF Complete: Time (s): cpu = 00:00:07 ; elapsed = 00:00:03 . Memory (MB): peak = 3584.227 ; gain = 0.000 ; free physical = 69759 ; free virtual = 146763
INFO: [Common 17-1381] The checkpoint '/data1/jcampos/tinyml_demo/submissions_tiny_0.7/open/hls4ml-finn/code/ic/RN07/inference/pynq-z2/pynqz2_rn06_v8/myproject_vivado_accelerator/project_1.runs/impl_1/design_1_wrapper_routed.dcp' has been generated.
write_checkpoint: Time (s): cpu = 00:00:16 ; elapsed = 00:00:11 . Memory (MB): peak = 3584.227 ; gain = 0.000 ; free physical = 69853 ; free virtual = 146784
INFO: [runtcl-4] Executing : report_drc -file design_1_wrapper_drc_routed.rpt -pb design_1_wrapper_drc_routed.pb -rpx design_1_wrapper_drc_routed.rpx
Command: report_drc -file design_1_wrapper_drc_routed.rpt -pb design_1_wrapper_drc_routed.pb -rpx design_1_wrapper_drc_routed.rpx
INFO: [IP_Flow 19-1839] IP Catalog is up to date.
INFO: [DRC 23-27] Running DRC with 8 threads
INFO: [Coretcl 2-168] The results of DRC are in file /data1/jcampos/tinyml_demo/submissions_tiny_0.7/open/hls4ml-finn/code/ic/RN07/inference/pynq-z2/pynqz2_rn06_v8/myproject_vivado_accelerator/project_1.runs/impl_1/design_1_wrapper_drc_routed.rpt.
report_drc completed successfully
report_drc: Time (s): cpu = 00:00:14 ; elapsed = 00:00:07 . Memory (MB): peak = 3587.195 ; gain = 2.969 ; free physical = 69842 ; free virtual = 146773
INFO: [runtcl-4] Executing : report_methodology -file design_1_wrapper_methodology_drc_routed.rpt -pb design_1_wrapper_methodology_drc_routed.pb -rpx design_1_wrapper_methodology_drc_routed.rpx
Command: report_methodology -file design_1_wrapper_methodology_drc_routed.rpt -pb design_1_wrapper_methodology_drc_routed.pb -rpx design_1_wrapper_methodology_drc_routed.rpx
INFO: [Timing 38-35] Done setting XDC timing constraints.
INFO: [DRC 23-133] Running Methodology with 8 threads
INFO: [Coretcl 2-1520] The results of Report Methodology are in file /data1/jcampos/tinyml_demo/submissions_tiny_0.7/open/hls4ml-finn/code/ic/RN07/inference/pynq-z2/pynqz2_rn06_v8/myproject_vivado_accelerator/project_1.runs/impl_1/design_1_wrapper_methodology_drc_routed.rpt.
report_methodology completed successfully
report_methodology: Time (s): cpu = 00:00:29 ; elapsed = 00:00:11 . Memory (MB): peak = 3660.762 ; gain = 73.566 ; free physical = 69804 ; free virtual = 146736
INFO: [runtcl-4] Executing : report_power -file design_1_wrapper_power_routed.rpt -pb design_1_wrapper_power_summary_routed.pb -rpx design_1_wrapper_power_routed.rpx
Command: report_power -file design_1_wrapper_power_routed.rpt -pb design_1_wrapper_power_summary_routed.pb -rpx design_1_wrapper_power_routed.rpx
INFO: [Timing 38-35] Done setting XDC timing constraints.
Running Vector-less Activity Propagation...

Finished Running Vector-less Activity Propagation
WARNING: [Power 33-332] Found switching activity that implies high-fanout reset nets being asserted for excessive periods of time which may result in inaccurate power analysis.
Resolution: To review and fix problems, please run Power Constraints Advisor in the GUI from Tools > Power Constraints Advisor or run report_power with the -advisory option to generate a text report.
126 Infos, 4 Warnings, 0 Critical Warnings and 0 Errors encountered.
report_power completed successfully
report_power: Time (s): cpu = 00:00:27 ; elapsed = 00:00:10 . Memory (MB): peak = 3716.797 ; gain = 56.035 ; free physical = 69755 ; free virtual = 146699
INFO: [runtcl-4] Executing : report_route_status -file design_1_wrapper_route_status.rpt -pb design_1_wrapper_route_status.pb
INFO: [runtcl-4] Executing : report_timing_summary -max_paths 10 -file design_1_wrapper_timing_summary_routed.rpt -pb design_1_wrapper_timing_summary_routed.pb -rpx design_1_wrapper_timing_summary_routed.rpx -warn_on_violation 
INFO: [Timing 38-91] UpdateTimingParams: Speed grade: -1, Delay Type: min_max.
INFO: [Timing 38-191] Multithreading enabled for timing update using a maximum of 8 CPUs
INFO: [runtcl-4] Executing : report_incremental_reuse -file design_1_wrapper_incremental_reuse_routed.rpt
INFO: [Vivado_Tcl 4-1062] Incremental flow is disabled. No incremental reuse Info to report.
INFO: [runtcl-4] Executing : report_clock_utilization -file design_1_wrapper_clock_utilization_routed.rpt
INFO: [runtcl-4] Executing : report_bus_skew -warn_on_violation -file design_1_wrapper_bus_skew_routed.rpt -pb design_1_wrapper_bus_skew_routed.pb -rpx design_1_wrapper_bus_skew_routed.rpx
INFO: [Timing 38-91] UpdateTimingParams: Speed grade: -1, Delay Type: min_max.
INFO: [Timing 38-191] Multithreading enabled for timing update using a maximum of 8 CPUs
INFO: [Memdata 28-167] Found XPM memory block design_1_i/hier_0/axi_dma_0/U0/I_PRMRY_DATAMOVER/GEN_S2MM_FULL.I_S2MM_FULL_WRAPPER/GEN_ENABLE_INDET_BTT_SF.I_INDET_BTT/I_XD_FIFO/NON_BLK_MEM.I_SYNC_FIFOGEN_FIFO/xpm_fifo_instance.xpm_fifo_sync_inst/xpm_fifo_base_inst/gen_sdpram.xpm_memory_base_inst with a P_MEMORY_PRIMITIVE property set to auto. A value of block is required. You will not be able to use the updatemem program to update the bitstream with new data for the design_1_i/hier_0/axi_dma_0/U0/I_PRMRY_DATAMOVER/GEN_S2MM_FULL.I_S2MM_FULL_WRAPPER/GEN_ENABLE_INDET_BTT_SF.I_INDET_BTT/I_XD_FIFO/NON_BLK_MEM.I_SYNC_FIFOGEN_FIFO/xpm_fifo_instance.xpm_fifo_sync_inst/xpm_fifo_base_inst/gen_sdpram.xpm_memory_base_inst block.
INFO: [Memdata 28-208] The XPM instance: <design_1_i/hier_0/axi_dma_0/U0/I_PRMRY_DATAMOVER/GEN_S2MM_FULL.I_S2MM_FULL_WRAPPER/GEN_ENABLE_INDET_BTT_SF.I_INDET_BTT/I_DATA_FIFO/BLK_MEM.I_SYNC_FIFOGEN_FIFO/xpm_fifo_instance.xpm_fifo_sync_inst/xpm_fifo_base_inst/gen_sdpram.xpm_memory_base_inst> is part of IP: <design_1_i/hier_0/axi_dma_0>. This XPM instance will be excluded from the .mmi because updatemem is prohibited from making changes to an XPM that is part of an IP.
INFO: [Memdata 28-208] The XPM instance: <design_1_i/hier_0/axi_dma_0/U0/I_PRMRY_DATAMOVER/GEN_MM2S_FULL.I_MM2S_FULL_WRAPPER/GEN_INCLUDE_MM2S_SF.I_RD_SF/I_DATA_FIFO/BLK_MEM.I_SYNC_FIFOGEN_FIFO/xpm_fifo_instance.xpm_fifo_sync_inst/xpm_fifo_base_inst/gen_sdpram.xpm_memory_base_inst> is part of IP: <design_1_i/hier_0/axi_dma_0>. This XPM instance will be excluded from the .mmi because updatemem is prohibited from making changes to an XPM that is part of an IP.
Command: write_bitstream -force design_1_wrapper.bit
Attempting to get a license for feature 'Implementation' and/or device 'xc7z020'
INFO: [Common 17-349] Got license for feature 'Implementation' and/or device 'xc7z020'
Running DRC as a precondition to command write_bitstream
INFO: [IP_Flow 19-1839] IP Catalog is up to date.
INFO: [DRC 23-27] Running DRC with 8 threads
WARNING: [DRC DPOP-1] PREG Output pipelining: DSP design_1_i/hier_0/myproject_axi_0/inst/myproject_U0/conv_2d_cl_array_array_ap_fixed_32u_config4_U0/r_V_2_fu_4802_p2 output design_1_i/hier_0/myproject_axi_0/inst/myproject_U0/conv_2d_cl_array_array_ap_fixed_32u_config4_U0/r_V_2_fu_4802_p2/P[47:0] is not pipelined (PREG=0). Pipelining the DSP48 output will improve performance and often saves power so it is suggested whenever possible to fully pipeline this function.  If this DSP48 function was inferred, it is suggested to describe an additional register stage after this function.  If the DSP48 was instantiated in the design, it is suggested to set the PREG attribute to 1.
WARNING: [DRC DPOP-2] MREG Output pipelining: DSP design_1_i/hier_0/myproject_axi_0/inst/myproject_U0/conv_2d_cl_array_array_ap_fixed_32u_config4_U0/r_V_2_fu_4802_p2 multiplier stage design_1_i/hier_0/myproject_axi_0/inst/myproject_U0/conv_2d_cl_array_array_ap_fixed_32u_config4_U0/r_V_2_fu_4802_p2/P[47:0] is not pipelined (MREG=0). Pipelining the multiplier function will improve performance and will save significant power so it is suggested whenever possible to fully pipeline this function.  If this multiplier was inferred, it is suggested to describe an additional register stage after this function.  If there is no registered adder/accumulator following the multiply function, two pipeline stages are suggested to allow both the MREG and PREG registers to be used.  If the DSP48 was instantiated in the design, it is suggested to set both the MREG and PREG attributes to 1 when performing multiply functions.
WARNING: [DRC RTSTAT-10] No routable loads: 33 net(s) have no routable loads. The problem bus(es) and/or net(s) are design_1_i/axi_mem_intercon/m00_couplers/auto_pc/inst/gen_axi4_axi3.axi3_conv_inst/USE_WRITE.write_addr_inst/USE_BURSTS.cmd_queue/inst/fifo_gen_inst/inst_fifo_gen/gconvfifo.rf/grf.rf/gntv_or_sync_fifo.gl0.rd/gr1.gr1_int.rfwft/aempty_fwft_i, design_1_i/axi_mem_intercon/m00_couplers/auto_pc/inst/gen_axi4_axi3.axi3_conv_inst/USE_READ.USE_SPLIT_R.read_addr_inst/USE_R_CHANNEL.cmd_queue/inst/fifo_gen_inst/inst_fifo_gen/gconvfifo.rf/grf.rf/gntv_or_sync_fifo.gl0.rd/gr1.gr1_int.rfwft/aempty_fwft_i, design_1_i/axi_mem_intercon/m00_couplers/auto_pc/inst/gen_axi4_axi3.axi3_conv_inst/USE_WRITE.write_addr_inst/USE_B_CHANNEL.cmd_b_queue/inst/fifo_gen_inst/inst_fifo_gen/gconvfifo.rf/grf.rf/gntv_or_sync_fifo.gl0.rd/gr1.gr1_int.rfwft/aempty_fwft_i, design_1_i/axi_mem_intercon/m00_couplers/auto_pc/inst/gen_axi4_axi3.axi3_conv_inst/USE_WRITE.write_addr_inst/USE_BURSTS.cmd_queue/inst/fifo_gen_inst/inst_fifo_gen/gconvfifo.rf/grf.rf/gntv_or_sync_fifo.gl0.wr/gwss.wsts/ram_afull_fb, design_1_i/axi_mem_intercon/m00_couplers/auto_pc/inst/gen_axi4_axi3.axi3_conv_inst/USE_READ.USE_SPLIT_R.read_addr_inst/USE_R_CHANNEL.cmd_queue/inst/fifo_gen_inst/inst_fifo_gen/gconvfifo.rf/grf.rf/gntv_or_sync_fifo.gl0.wr/gwss.wsts/ram_afull_fb, design_1_i/axi_mem_intercon/m00_couplers/auto_pc/inst/gen_axi4_axi3.axi3_conv_inst/USE_WRITE.write_addr_inst/USE_B_CHANNEL.cmd_b_queue/inst/fifo_gen_inst/inst_fifo_gen/gconvfifo.rf/grf.rf/gntv_or_sync_fifo.gl0.wr/gwss.wsts/ram_afull_fb, design_1_i/axi_mem_intercon/m00_couplers/auto_pc/inst/gen_axi4_axi3.axi3_conv_inst/USE_WRITE.write_addr_inst/USE_BURSTS.cmd_queue/inst/fifo_gen_inst/inst_fifo_gen/gconvfifo.rf/grf.rf/gntv_or_sync_fifo.gl0.wr/gwss.wsts/ram_afull_i, design_1_i/axi_mem_intercon/m00_couplers/auto_pc/inst/gen_axi4_axi3.axi3_conv_inst/USE_WRITE.write_addr_inst/USE_B_CHANNEL.cmd_b_queue/inst/fifo_gen_inst/inst_fifo_gen/gconvfifo.rf/grf.rf/gntv_or_sync_fifo.gl0.wr/gwss.wsts/ram_afull_i, design_1_i/axi_mem_intercon/m00_couplers/auto_pc/inst/gen_axi4_axi3.axi3_conv_inst/USE_READ.USE_SPLIT_R.read_addr_inst/USE_R_CHANNEL.cmd_queue/inst/fifo_gen_inst/inst_fifo_gen/gconvfifo.rf/grf.rf/gntv_or_sync_fifo.gl0.wr/gwss.wsts/ram_afull_i, design_1_i/axi_mem_intercon/m00_couplers/auto_pc/inst/gen_axi4_axi3.axi3_conv_inst/USE_WRITE.write_addr_inst/USE_BURSTS.cmd_queue/inst/fifo_gen_inst/inst_fifo_gen/gconvfifo.rf/grf.rf/gntv_or_sync_fifo.gl0.rd/grss.rsts/ram_empty_i, design_1_i/axi_mem_intercon/m00_couplers/auto_pc/inst/gen_axi4_axi3.axi3_conv_inst/USE_READ.USE_SPLIT_R.read_addr_inst/USE_R_CHANNEL.cmd_queue/inst/fifo_gen_inst/inst_fifo_gen/gconvfifo.rf/grf.rf/gntv_or_sync_fifo.gl0.rd/grss.rsts/ram_empty_i, design_1_i/axi_mem_intercon/m00_couplers/auto_pc/inst/gen_axi4_axi3.axi3_conv_inst/USE_WRITE.write_addr_inst/USE_B_CHANNEL.cmd_b_queue/inst/fifo_gen_inst/inst_fifo_gen/gconvfifo.rf/grf.rf/gntv_or_sync_fifo.gl0.rd/grss.rsts/ram_empty_i, design_1_i/axi_mem_intercon/m00_couplers/auto_pc/inst/gen_axi4_axi3.axi3_conv_inst/USE_READ.USE_SPLIT_R.read_addr_inst/USE_R_CHANNEL.cmd_queue/inst/fifo_gen_inst/inst_fifo_gen/gconvfifo.rf/grf.rf/rstblk/rd_rst_reg[2:0], design_1_i/axi_mem_intercon/m00_couplers/auto_pc/inst/gen_axi4_axi3.axi3_conv_inst/USE_WRITE.write_addr_inst/USE_B_CHANNEL.cmd_b_queue/inst/fifo_gen_inst/inst_fifo_gen/gconvfifo.rf/grf.rf/rstblk/rd_rst_reg[2:0], design_1_i/axi_mem_intercon/m00_couplers/auto_pc/inst/gen_axi4_axi3.axi3_conv_inst/USE_WRITE.write_addr_inst/USE_BURSTS.cmd_queue/inst/fifo_gen_inst/inst_fifo_gen/gconvfifo.rf/grf.rf/rstblk/rd_rst_reg[2:0]... and (the first 15 of 21 listed).
INFO: [Vivado 12-3199] DRC finished with 0 Errors, 3 Warnings
INFO: [Vivado 12-3200] Please refer to the DRC report (report_drc) for more information.
INFO: [Designutils 20-2272] Running write_bitstream with 8 threads.
Loading data files...
Loading site data...
Loading route data...
Processing options...
Creating bitmap...
Creating bitstream...
Writing bitstream ./design_1_wrapper.bit...
INFO: [Vivado 12-1842] Bitgen Completed Successfully.
INFO: [Project 1-118] WebTalk data collection is enabled (User setting is ON. Install Setting is ON.).
INFO: [Common 17-186] '/data1/jcampos/tinyml_demo/submissions_tiny_0.7/open/hls4ml-finn/code/ic/RN07/inference/pynq-z2/pynqz2_rn06_v8/myproject_vivado_accelerator/project_1.runs/impl_1/usage_statistics_webtalk.xml' has been successfully sent to Xilinx on Tue Aug  9 17:36:10 2022. For additional details about this file, please refer to the WebTalk help file at /data/Xilinx/Vivado/2019.2/doc/webtalk_introduction.html.
INFO: [Common 17-83] Releasing license: Implementation
149 Infos, 7 Warnings, 0 Critical Warnings and 0 Errors encountered.
write_bitstream completed successfully
write_bitstream: Time (s): cpu = 00:00:44 ; elapsed = 00:00:26 . Memory (MB): peak = 3880.742 ; gain = 163.945 ; free physical = 69688 ; free virtual = 146643
INFO: [Common 17-206] Exiting Vivado at Tue Aug  9 17:36:10 2022...
[Tue Aug  9 17:36:16 2022] impl_1 finished
wait_on_run: Time (s): cpu = 00:12:55 ; elapsed = 00:15:35 . Memory (MB): peak = 2178.043 ; gain = 0.000 ; free physical = 71638 ; free virtual = 148593
# open_run impl_1
INFO: [Device 21-403] Loading part xc7z020clg400-1
Netlist sorting complete. Time (s): cpu = 00:00:00.34 ; elapsed = 00:00:00.34 . Memory (MB): peak = 2206.980 ; gain = 0.000 ; free physical = 71424 ; free virtual = 148379
INFO: [Netlist 29-17] Analyzing 7579 Unisim elements for replacement
INFO: [Netlist 29-28] Unisim Transformation completed in 0 CPU seconds
INFO: [Project 1-479] Netlist was created with Vivado 2019.2.1
INFO: [Project 1-570] Preparing netlist for logic optimization
INFO: [Timing 38-478] Restoring timing data from binary archive.
INFO: [Timing 38-479] Binary timing data restore complete.
INFO: [Project 1-856] Restoring constraints from binary archive.
INFO: [Project 1-853] Binary constraint restore complete.
Reading XDEF placement.
Reading placer database...
Reading XDEF routing.
Read XDEF File: Time (s): cpu = 00:00:03 ; elapsed = 00:00:03 . Memory (MB): peak = 2942.914 ; gain = 52.035 ; free physical = 70744 ; free virtual = 147699
Restored from archive | CPU: 2.810000 secs | Memory: 55.232414 MB |
Finished XDEF File Restore: Time (s): cpu = 00:00:03 ; elapsed = 00:00:03 . Memory (MB): peak = 2942.914 ; gain = 52.035 ; free physical = 70744 ; free virtual = 147699
Netlist sorting complete. Time (s): cpu = 00:00:00 ; elapsed = 00:00:00.01 . Memory (MB): peak = 2942.914 ; gain = 0.000 ; free physical = 70747 ; free virtual = 147702
INFO: [Project 1-111] Unisim Transformation Summary:
  A total of 9 instances were transformed.
  RAM32M => RAM32M (RAMD32(x6), RAMS32(x2)): 5 instances
  RAM32X1D => RAM32X1D (RAMD32(x2)): 1 instance 
  SRLC32E => SRL16E: 3 instances

open_run: Time (s): cpu = 00:00:21 ; elapsed = 00:00:44 . Memory (MB): peak = 2942.914 ; gain = 764.871 ; free physical = 70747 ; free virtual = 147702
# report_utilization -file util.rpt -hierarchical -hierarchical_percentages
INFO: [Common 17-206] Exiting Vivado at Tue Aug  9 17:37:01 2022...
